#
# A fatal error has been detected by the Java Runtime Environment:
#
#  SIGSEGV (0xb) at pc=0x00000001308ec58d, pid=3840, tid=1811
#
# JRE version: Java(TM) SE Runtime Environment (8.0_45-b14) (build 1.8.0_45-b14)
# Java VM: Java HotSpot(TM) 64-Bit Server VM (25.45-b02 mixed mode bsd-amd64 compressed oops)
# Problematic frame:
# C  [libglass.dylib+0x1558d]  GlassScreenDidChangeScreenParameters+0x9d
#
# Failed to write core dump. Core dumps have been disabled. To enable core dumping, try "ulimit -c unlimited" before starting Java again
#
# If you would like to submit a bug report, please visit:
#   http://bugreport.java.com/bugreport/crash.jsp
#

---------------  T H R E A D  ---------------

Current thread is native thread

siginfo: si_signo: 11 (SIGSEGV), si_code: 1 (SEGV_MAPERR), si_addr: 0x0000000000000000

Registers:
RAX=0x000000013091ebc0, RBX=0x0000000000000000, RCX=0x5a00eaf7c6fdd4c2, RDX=0x00007ffc03d53880
RSP=0x00007fff503897c0, RBP=0x00007fff503897d0, RSI=0x00007ffc03c29918, RDI=0x0000000000000000
R8 =0x00007fff50389670, R9 =0x00007fff7a0b4300, R10=0x0000000000000000, R11=0x0000000000000246
R12=0x00007ffc03d0b520, R13=0x00000000000f426a, R14=0x00007ffc05948b70, R15=0x00007fff50389910
RIP=0x00000001308ec58d, EFLAGS=0x0000000000010202, ERR=0x0000000000000004
  TRAPNO=0x000000000000000e

Top of Stack: (sp=0x00007fff503897c0)
0x00007fff503897c0:   00007fff503899a0 00007ffc05948b70
0x00007fff503897d0:   00007fff503897e0 00007fff90c2745c
0x00007fff503897e0:   00007fff50389b40 00007fff90b17634
0x00007fff503897f0:   00007fff50389840 0000000000003c00
0x00007fff50389800:   00007fff79a71ed0 00007ffc05985a20
0x00007fff50389810:   0000000000001006 0000000000000900
0x00007fff50389820:   00007ffc05985a20 00007ffc05948b70
0x00007fff50389830:   0000000000000000 00007fff50389910
0x00007fff50389840:   0000000000000000 00007ffc05948c60
0x00007fff50389850:   00007fff50389990 0000000000000060
0x00007fff50389860:   00000000000f433d 00007ffc059a8160
0x00007fff50389870:   00007ffc05926de0 00007ffc03d0b520
0x00007fff50389880:   0000000000000001 00000000000f426a
0x00007fff50389890:   00007ffc03d0b510 00007fff8ff34b90
0x00007fff503898a0:   0000000000000001 0000000000000001
0x00007fff503898b0:   0000000000000030 0000000000000001
0x00007fff503898c0:   00007fff503898e0 00007fff8ff35546
0x00007fff503898d0:   00007fff79a6ffb0 0000000000000000
0x00007fff503898e0:   00007fff50389900 0000000000000026
0x00007fff503898f0:   0009aa03062a2000 00007ffc03d0b544
0x00007fff50389900:   0000000000000000 00007fff90b0d10f
0x00007fff50389910:   00007ffc05948b70 00007fff79a6ffb0
0x00007fff50389920:   00007fff503899a0 00007fff90b15c3f
0x00007fff50389930:   00007fff503899a4 00000000004b2d01
0x00007fff50389940:   000000010f891a00 0000000000000002
0x00007fff50389950:   000000010f88e000 00007ffc0598ed62
0x00007fff50389960:   0000000000000003 000000010f895600
0x00007fff50389970:   00007fff50389a60 00007fff8ff31b36
0x00007fff50389980:   00007ffc059269a0 00007fff50389b48
0x00007fff50389990:   0000000000000017 0000000000000000
0x00007fff503899a0:   00000000000f426a 00007fff90b0d403
0x00007fff503899b0:   00007fff00000000 00007ffc0592cac0 

Instructions: (pc=0x00000001308ec58d)
0x00000001308ec56d:   89 df 4c 89 f1 41 ff 90 68 04 00 00 48 8d 05 48
0x00000001308ec57d:   25 03 00 48 8b 30 48 8d 05 36 26 03 00 48 8b 10
0x00000001308ec58d:   48 8b 0b 30 c0 48 89 df ff 91 68 04 00 00 48 8b
0x00000001308ec59d:   03 48 89 df ff 50 78 48 85 c0 74 36 49 89 c6 48 

Register to memory mapping:

RAX=0x000000013091ebc0: jScreenNotifySettingsChanged+0 in /Library/Java/JavaVirtualMachines/jdk1.8.0_45.jdk/Contents/Home/jre/lib/libglass.dylib at 0x00000001308d7000
RBX=0x0000000000000000 is an unknown value
RCX=0x5a00eaf7c6fdd4c2 is an unknown value
RDX=0x00007ffc03d53880 is an unknown value
RSP=0x00007fff503897c0 is an unknown value
RBP=0x00007fff503897d0 is an unknown value
RSI=0x00007ffc03c29918 is a global jni handle
RDI=0x0000000000000000 is an unknown value
R8 =0x00007fff50389670 is an unknown value
R9 =0x00007fff7a0b4300: _thread+0 in /usr/lib/system/libsystem_pthread.dylib at 0x00007fff93853000
R10=0x0000000000000000 is an unknown value
R11=0x0000000000000246 is an unknown value
R12=0x00007ffc03d0b520 is an unknown value
R13=0x00000000000f426a is an unknown value
R14=0x00007ffc05948b70 is an unknown value
R15=0x00007fff50389910 is an unknown value


Stack: [0x00007fff4fb8d000,0x00007fff5038d000],  sp=0x00007fff503897c0,  free space=8177k
Native frames: (J=compiled Java code, j=interpreted, Vv=VM code, C=native code)
C  [libglass.dylib+0x1558d]  GlassScreenDidChangeScreenParameters+0x9d
C  [CoreFoundation+0x12045c]  __CFNOTIFICATIONCENTER_IS_CALLING_OUT_TO_AN_OBSERVER__+0xc
C  [CoreFoundation+0x10634]  _CFXNotificationPost+0xc44
C  [Foundation+0x7aa1]  -[NSNotificationCenter postNotificationName:object:userInfo:]+0x42
C  [AppKit+0x40de7e]  -[NSApplication _reactToScreenInvalidationImmediately:]+0x17b
C  [AppKit+0x40dcc7]  __44-[NSApplication _reactToScreenInvalidation:]_block_invoke+0x4b
C  [CoreFoundation+0x808ec]  __CFRUNLOOP_IS_CALLING_OUT_TO_A_BLOCK__+0xc
C  [CoreFoundation+0x729f5]  __CFRunLoopDoBlocks+0x155
C  [CoreFoundation+0x72536]  __CFRunLoopRun+0x716
C  [CoreFoundation+0x71bd8]  CFRunLoopRunSpecific+0x128
C  [java+0x6490]  CreateExecutionEnvironment+0x367
C  [java+0x221c]  JLI_Launch+0x7a0
C  [java+0x84ed]  main+0x65
C  [java+0x1a74]  start+0x34


---------------  P R O C E S S  ---------------

VM state:not at safepoint (normal execution)

VM Mutex/Monitor currently owned by a thread: None

Heap:
 PSYoungGen      total 76288K, used 27618K [0x000000076ab00000, 0x0000000770000000, 0x00000007c0000000)
  eden space 65536K, 25% used [0x000000076ab00000,0x000000076bb7ae58,0x000000076eb00000)
  from space 10752K, 99% used [0x000000076eb00000,0x000000076f57d9e0,0x000000076f580000)
  to   space 10752K, 0% used [0x000000076f580000,0x000000076f580000,0x0000000770000000)
 ParOldGen       total 175104K, used 11507K [0x00000006c0000000, 0x00000006cab00000, 0x000000076ab00000)
  object space 175104K, 6% used [0x00000006c0000000,0x00000006c0b3cde0,0x00000006cab00000)
 Metaspace       used 17615K, capacity 18446K, committed 18688K, reserved 1064960K
  class space    used 2540K, capacity 2740K, committed 2816K, reserved 1048576K

Card table byte_map: [0x0000000120e0c000,0x000000012160d000] byte_map_base: 0x000000011d80c000

Marking Bits: (ParMarkBitMap*) 0x00000001102347a0
 Begin Bits: [0x000000012237b000, 0x000000012637b000)
 End Bits:   [0x000000012637b000, 0x000000012a37b000)

Polling page: 0x00000001109f5000

CodeCache: size=245760Kb used=7660Kb max_used=7660Kb free=238100Kb
 bounds [0x0000000111a4c000, 0x00000001121cc000, 0x0000000120a4c000]
 total_blobs=3174 nmethods=2516 adapters=571
 compilation: enabled

Compilation events (10 events):
Event: 21.839 Thread 0x00007ffc07811800 2514       3       java.lang.invoke.MethodHandleNatives::canBeCalledVirtual (132 bytes)
Event: 21.840 Thread 0x00007ffc07811800 nmethod 2514 0x00000001121c7ad0 code [0x00000001121c7cc0, 0x00000001121c85f8]
Event: 21.840 Thread 0x00007ffc07811800 2516       3       java.lang.reflect.Constructor::copy (72 bytes)
Event: 21.840 Thread 0x00007ffc07811800 nmethod 2516 0x00000001121c74d0 code [0x00000001121c7660, 0x00000001121c79d8]
Event: 21.840 Thread 0x00007ffc07811800 2517       3       java.lang.reflect.Constructor::<init> (50 bytes)
Event: 21.840 Thread 0x00007ffc07811800 nmethod 2517 0x00000001121cae10 code [0x00000001121caf80, 0x00000001121cb2b0]
Event: 21.840 Thread 0x00007ffc07811800 2518       3       java.lang.invoke.DirectMethodHandle::shouldBeInitialized (123 bytes)
Event: 21.841 Thread 0x00007ffc07811800 nmethod 2518 0x00000001121ca3d0 code [0x00000001121ca5a0, 0x00000001121cacc8]
Event: 21.841 Thread 0x00007ffc07811800 2515       1       java.lang.invoke.SimpleMethodHandle::fieldCount (2 bytes)
Event: 21.841 Thread 0x00007ffc07811800 nmethod 2515 0x00000001121c59d0 code [0x00000001121c5b20, 0x00000001121c5c30]

GC Heap History (2 events):
Event: 4.058 GC heap before
{Heap before GC invocations=1 (full 0):
 PSYoungGen      total 76288K, used 65482K [0x000000076ab00000, 0x0000000770000000, 0x00000007c0000000)
  eden space 65536K, 99% used [0x000000076ab00000,0x000000076eaf2b28,0x000000076eb00000)
  from space 10752K, 0% used [0x000000076f580000,0x000000076f580000,0x0000000770000000)
  to   space 10752K, 0% used [0x000000076eb00000,0x000000076eb00000,0x000000076f580000)
 ParOldGen       total 175104K, used 0K [0x00000006c0000000, 0x00000006cab00000, 0x000000076ab00000)
  object space 175104K, 0% used [0x00000006c0000000,0x00000006c0000000,0x00000006cab00000)
 Metaspace       used 16672K, capacity 17486K, committed 17536K, reserved 1064960K
  class space    used 2425K, capacity 2640K, committed 2688K, reserved 1048576K
Event: 4.072 GC heap after
Heap after GC invocations=1 (full 0):
 PSYoungGen      total 76288K, used 10742K [0x000000076ab00000, 0x0000000770000000, 0x00000007c0000000)
  eden space 65536K, 0% used [0x000000076ab00000,0x000000076ab00000,0x000000076eb00000)
  from space 10752K, 99% used [0x000000076eb00000,0x000000076f57d9e0,0x000000076f580000)
  to   space 10752K, 0% used [0x000000076f580000,0x000000076f580000,0x0000000770000000)
 ParOldGen       total 175104K, used 11507K [0x00000006c0000000, 0x00000006cab00000, 0x000000076ab00000)
  object space 175104K, 6% used [0x00000006c0000000,0x00000006c0b3cde0,0x00000006cab00000)
 Metaspace       used 16672K, capacity 17486K, committed 17536K, reserved 1064960K
  class space    used 2425K, capacity 2640K, committed 2688K, reserved 1048576K
}

Deoptimization events (10 events):
Event: 3.019 Thread 0x00007ffc06871800 Uncommon trap: reason=array_check action=maybe_recompile pc=0x0000000111ee7178 method=com.sun.javafx.css.SimpleSelector.applies(Ljavafx/css/Styleable;[Ljava/util/Set;I)Z @ 37
Event: 3.019 Thread 0x00007ffc06871800 Uncommon trap: reason=array_check action=maybe_recompile pc=0x0000000111ee7178 method=com.sun.javafx.css.SimpleSelector.applies(Ljavafx/css/Styleable;[Ljava/util/Set;I)Z @ 37
Event: 3.019 Thread 0x00007ffc06871800 Uncommon trap: reason=array_check action=maybe_recompile pc=0x0000000111ee7178 method=com.sun.javafx.css.SimpleSelector.applies(Ljavafx/css/Styleable;[Ljava/util/Set;I)Z @ 37
Event: 3.042 Thread 0x00007ffc06871800 Uncommon trap: reason=array_check action=maybe_recompile pc=0x0000000111f14e04 method=com.sun.javafx.css.SimpleSelector.applies(Ljavafx/css/Styleable;[Ljava/util/Set;I)Z @ 37
Event: 3.931 Thread 0x00007ffc06871800 Uncommon trap: reason=unstable_if action=reinterpret pc=0x0000000111ea05b0 method=java.io.ByteArrayInputStream.read()I @ 8
Event: 4.141 Thread 0x00007ffc06871800 Uncommon trap: reason=bimorphic action=maybe_recompile pc=0x0000000111ecf050 method=com.sun.javafx.css.SimpleSelector.applies(Ljavafx/css/Styleable;)Z @ 95
Event: 4.174 Thread 0x00007ffc06871800 Uncommon trap: reason=bimorphic action=maybe_recompile pc=0x0000000111ecf050 method=com.sun.javafx.css.SimpleSelector.applies(Ljavafx/css/Styleable;)Z @ 95
Event: 4.188 Thread 0x00007ffc06871800 Uncommon trap: reason=bimorphic action=maybe_recompile pc=0x0000000111ecf050 method=com.sun.javafx.css.SimpleSelector.applies(Ljavafx/css/Styleable;)Z @ 95
Event: 4.191 Thread 0x00007ffc06871800 Uncommon trap: reason=unstable_if action=reinterpret pc=0x0000000111f3c880 method=javafx.scene.CssStyleHelper.lookup(Ljavafx/css/Styleable;Ljavafx/css/CssMetaData;Lcom/sun/javafx/css/StyleMap;Ljava/util/Set;Ljavafx/css/Styleable;Lcom/sun/javafx/css/Calcul
Event: 4.191 Thread 0x00007ffc06871800 Uncommon trap: reason=class_check action=maybe_recompile pc=0x0000000111f3c98c method=javafx.scene.CssStyleHelper.lookup(Ljavafx/css/Styleable;Ljavafx/css/CssMetaData;Lcom/sun/javafx/css/StyleMap;Ljava/util/Set;Ljavafx/css/Styleable;Lcom/sun/javafx/css/Ca

Internal exceptions (10 events):
Event: 0.274 Thread 0x00007ffc0500c000 Exception <a 'java/security/PrivilegedActionException'> (0x000000076b2cc178) thrown at [/Users/java_re/workspace/8-2-build-macosx-x86_64/jdk8u45/3457/hotspot/src/share/vm/prims/jvm.cpp, line 1382]
Event: 0.274 Thread 0x00007ffc0500c000 Exception <a 'java/security/PrivilegedActionException'> (0x000000076b2cc330) thrown at [/Users/java_re/workspace/8-2-build-macosx-x86_64/jdk8u45/3457/hotspot/src/share/vm/prims/jvm.cpp, line 1382]
Event: 0.274 Thread 0x00007ffc0500c000 Exception <a 'java/lang/NullPointerException'> (0x000000076b2ccac8) thrown at [/Users/java_re/workspace/8-2-build-macosx-x86_64/jdk8u45/3457/hotspot/src/share/vm/interpreter/linkResolver.cpp, line 1178]
Event: 0.783 Thread 0x00007ffc06871800 Exception <a 'java/lang/NullPointerException'> (0x000000076bd60290) thrown at [/Users/java_re/workspace/8-2-build-macosx-x86_64/jdk8u45/3457/hotspot/src/share/vm/interpreter/linkResolver.cpp, line 1178]
Event: 0.783 Thread 0x00007ffc06871800 Exception <a 'java/lang/NullPointerException'> (0x000000076bd60290) thrown at [/Users/java_re/workspace/8-2-build-macosx-x86_64/jdk8u45/3457/hotspot/src/share/vm/prims/jvm.cpp, line 1386]
Event: 0.856 Thread 0x00007ffc06871800 Exception <a 'java/lang/ArrayIndexOutOfBoundsException': 78> (0x000000076bf4c390) thrown at [/Users/java_re/workspace/8-2-build-macosx-x86_64/jdk8u45/3457/hotspot/src/share/vm/interpreter/interpreterRuntime.cpp, line 366]
Event: 0.857 Thread 0x00007ffc06871800 Exception <a 'java/lang/ArrayIndexOutOfBoundsException': 18> (0x000000076bf4d1b8) thrown at [/Users/java_re/workspace/8-2-build-macosx-x86_64/jdk8u45/3457/hotspot/src/share/vm/interpreter/interpreterRuntime.cpp, line 366]
Event: 0.858 Thread 0x00007ffc06871800 Exception <a 'java/lang/ArrayIndexOutOfBoundsException': 86> (0x000000076bf4e4b0) thrown at [/Users/java_re/workspace/8-2-build-macosx-x86_64/jdk8u45/3457/hotspot/src/share/vm/interpreter/interpreterRuntime.cpp, line 366]
Event: 0.873 Thread 0x00007ffc06871800 Exception <a 'java/lang/ArrayIndexOutOfBoundsException'> (0x000000076bfdfce8) thrown at [/Users/java_re/workspace/8-2-build-macosx-x86_64/jdk8u45/3457/hotspot/src/share/vm/runtime/sharedRuntime.cpp, line 605]
Event: 0.889 Thread 0x00007ffc06871800 Exception <a 'java/lang/ArrayIndexOutOfBoundsException'> (0x000000076c0898b0) thrown at [/Users/java_re/workspace/8-2-build-macosx-x86_64/jdk8u45/3457/hotspot/src/share/vm/runtime/sharedRuntime.cpp, line 605]

Events (10 events):
Event: 21.838 loading class javafx/application/Application done
Event: 21.867 loading class com/sun/javafx/tk/quantum/QuantumRenderer
Event: 21.867 loading class com/sun/javafx/tk/quantum/QuantumRenderer done
Event: 21.868 loading class com/sun/javafx/tk/quantum/QuantumToolkit
Event: 21.868 loading class com/sun/javafx/tk/quantum/QuantumToolkit done
Event: 21.868 Thread 0x00007ffc05023800 Thread exited: 0x00007ffc05023800
Event: 21.868 Thread 0x00007ffc0500c000 Thread exited: 0x00007ffc0500c000
Event: 21.868 Thread 0x00007ffc07801800 Thread exited: 0x00007ffc07801800
Event: 21.868 Thread 0x00007ffc04944000 Thread added: 0x00007ffc04944000
Event: 21.868 Thread 0x00007ffc06871800 Thread exited: 0x00007ffc06871800


Dynamic libraries:
0x0000000008705000 	/System/Library/Frameworks/Cocoa.framework/Versions/A/Cocoa
0x0000000008705000 	/System/Library/Frameworks/Security.framework/Versions/A/Security
0x0000000008705000 	/System/Library/Frameworks/ApplicationServices.framework/Versions/A/ApplicationServices
0x0000000008705000 	/usr/lib/libz.1.dylib
0x0000000008705000 	/usr/lib/libSystem.B.dylib
0x0000000008705000 	/usr/lib/libobjc.A.dylib
0x0000000008705000 	/System/Library/Frameworks/CoreFoundation.framework/Versions/A/CoreFoundation
0x0000000008705000 	/System/Library/Frameworks/Foundation.framework/Versions/C/Foundation
0x0000000008705000 	/System/Library/Frameworks/AppKit.framework/Versions/C/AppKit
0x0000000008705000 	/System/Library/Frameworks/CoreData.framework/Versions/A/CoreData
0x0000000008705000 	/System/Library/PrivateFrameworks/RemoteViewServices.framework/Versions/A/RemoteViewServices
0x0000000008705000 	/System/Library/PrivateFrameworks/UIFoundation.framework/Versions/A/UIFoundation
0x0000000008705000 	/System/Library/Frameworks/IOSurface.framework/Versions/A/IOSurface
0x0000000008705000 	/System/Library/Frameworks/AudioToolbox.framework/Versions/A/AudioToolbox
0x0000000008705000 	/System/Library/Frameworks/AudioUnit.framework/Versions/A/AudioUnit
0x0000000008705000 	/System/Library/PrivateFrameworks/DataDetectorsCore.framework/Versions/A/DataDetectorsCore
0x0000000008705000 	/System/Library/PrivateFrameworks/DesktopServicesPriv.framework/Versions/A/DesktopServicesPriv
0x0000000008705000 	/System/Library/Frameworks/Carbon.framework/Versions/A/Frameworks/HIToolbox.framework/Versions/A/HIToolbox
0x0000000008705000 	/System/Library/Frameworks/QuartzCore.framework/Versions/A/QuartzCore
0x0000000008705000 	/System/Library/Frameworks/Carbon.framework/Versions/A/Frameworks/SpeechRecognition.framework/Versions/A/SpeechRecognition
0x0000000008705000 	/usr/lib/libauto.dylib
0x0000000008705000 	/usr/lib/libicucore.A.dylib
0x0000000008705000 	/usr/lib/libxml2.2.dylib
0x0000000008705000 	/System/Library/PrivateFrameworks/CoreUI.framework/Versions/A/CoreUI
0x0000000008705000 	/System/Library/Frameworks/CoreAudio.framework/Versions/A/CoreAudio
0x0000000008705000 	/System/Library/Frameworks/DiskArbitration.framework/Versions/A/DiskArbitration
0x0000000008705000 	/usr/lib/liblangid.dylib
0x0000000008705000 	/System/Library/PrivateFrameworks/MultitouchSupport.framework/Versions/A/MultitouchSupport
0x0000000008705000 	/System/Library/Frameworks/IOKit.framework/Versions/A/IOKit
0x0000000008705000 	/usr/lib/libDiagnosticMessagesClient.dylib
0x0000000008705000 	/System/Library/Frameworks/CoreServices.framework/Versions/A/CoreServices
0x0000000008705000 	/System/Library/PrivateFrameworks/PerformanceAnalysis.framework/Versions/A/PerformanceAnalysis
0x0000000008705000 	/System/Library/PrivateFrameworks/GenerationalStorage.framework/Versions/A/GenerationalStorage
0x0000000008705000 	/System/Library/Frameworks/OpenGL.framework/Versions/A/OpenGL
0x0000000008705000 	/System/Library/PrivateFrameworks/Sharing.framework/Versions/A/Sharing
0x0000000008705000 	/System/Library/Frameworks/CoreGraphics.framework/Versions/A/CoreGraphics
0x0000000008705000 	/System/Library/Frameworks/CoreText.framework/Versions/A/CoreText
0x0000000008705000 	/System/Library/Frameworks/ImageIO.framework/Versions/A/ImageIO
0x0000000008705000 	/usr/lib/libextension.dylib
0x0000000008705000 	/System/Library/PrivateFrameworks/Backup.framework/Versions/A/Backup
0x0000000008705000 	/usr/lib/libarchive.2.dylib
0x0000000008705000 	/System/Library/Frameworks/CFNetwork.framework/Versions/A/CFNetwork
0x0000000008705000 	/System/Library/Frameworks/SystemConfiguration.framework/Versions/A/SystemConfiguration
0x0000000008705000 	/usr/lib/libCRFSuite.dylib
0x0000000008705000 	/usr/lib/libc++.1.dylib
0x0000000008705000 	/usr/lib/libc++abi.dylib
0x0000000008705000 	/usr/lib/system/libcache.dylib
0x0000000008705000 	/usr/lib/system/libcommonCrypto.dylib
0x0000000008705000 	/usr/lib/system/libcompiler_rt.dylib
0x0000000008705000 	/usr/lib/system/libcopyfile.dylib
0x0000000008705000 	/usr/lib/system/libcorecrypto.dylib
0x0000000008705000 	/usr/lib/system/libdispatch.dylib
0x0000000008705000 	/usr/lib/system/libdyld.dylib
0x0000000008705000 	/usr/lib/system/libkeymgr.dylib
0x0000000008705000 	/usr/lib/system/liblaunch.dylib
0x0000000008705000 	/usr/lib/system/libmacho.dylib
0x0000000008705000 	/usr/lib/system/libquarantine.dylib
0x0000000008705000 	/usr/lib/system/libremovefile.dylib
0x0000000008705000 	/usr/lib/system/libsystem_asl.dylib
0x0000000008705000 	/usr/lib/system/libsystem_blocks.dylib
0x0000000008705000 	/usr/lib/system/libsystem_c.dylib
0x0000000008705000 	/usr/lib/system/libsystem_configuration.dylib
0x0000000008705000 	/usr/lib/system/libsystem_coreservices.dylib
0x0000000008705000 	/usr/lib/system/libsystem_coretls.dylib
0x0000000008705000 	/usr/lib/system/libsystem_dnssd.dylib
0x0000000008705000 	/usr/lib/system/libsystem_info.dylib
0x0000000008705000 	/usr/lib/system/libsystem_kernel.dylib
0x0000000008705000 	/usr/lib/system/libsystem_m.dylib
0x0000000008705000 	/usr/lib/system/libsystem_malloc.dylib
0x0000000008705000 	/usr/lib/system/libsystem_network.dylib
0x0000000008705000 	/usr/lib/system/libsystem_networkextension.dylib
0x0000000008705000 	/usr/lib/system/libsystem_notify.dylib
0x0000000008705000 	/usr/lib/system/libsystem_platform.dylib
0x0000000008705000 	/usr/lib/system/libsystem_pthread.dylib
0x0000000008705000 	/usr/lib/system/libsystem_sandbox.dylib
0x0000000008705000 	/usr/lib/system/libsystem_secinit.dylib
0x0000000008705000 	/usr/lib/system/libsystem_stats.dylib
0x0000000008705000 	/usr/lib/system/libsystem_trace.dylib
0x0000000008705000 	/usr/lib/system/libunc.dylib
0x0000000008705000 	/usr/lib/system/libunwind.dylib
0x0000000008705000 	/usr/lib/system/libxpc.dylib
0x0000000008705000 	/usr/lib/libbz2.1.0.dylib
0x0000000008705000 	/usr/lib/liblzma.5.dylib
0x0000000008705000 	/usr/lib/libbsm.0.dylib
0x0000000008705000 	/usr/lib/libsqlite3.dylib
0x0000000008705000 	/usr/lib/system/libkxld.dylib
0x0000000008705000 	/usr/lib/libxar.1.dylib
0x0000000008705000 	/usr/lib/libpam.2.dylib
0x0000000008705000 	/usr/lib/libOpenScriptingUtil.dylib
0x0000000008705000 	/System/Library/Frameworks/CoreServices.framework/Versions/A/Frameworks/FSEvents.framework/Versions/A/FSEvents
0x0000000008705000 	/System/Library/Frameworks/CoreServices.framework/Versions/A/Frameworks/CarbonCore.framework/Versions/A/CarbonCore
0x0000000008705000 	/System/Library/Frameworks/CoreServices.framework/Versions/A/Frameworks/Metadata.framework/Versions/A/Metadata
0x0000000008705000 	/System/Library/Frameworks/CoreServices.framework/Versions/A/Frameworks/OSServices.framework/Versions/A/OSServices
0x0000000008705000 	/System/Library/Frameworks/CoreServices.framework/Versions/A/Frameworks/SearchKit.framework/Versions/A/SearchKit
0x0000000008705000 	/System/Library/Frameworks/CoreServices.framework/Versions/A/Frameworks/AE.framework/Versions/A/AE
0x0000000008705000 	/System/Library/Frameworks/CoreServices.framework/Versions/A/Frameworks/LaunchServices.framework/Versions/A/LaunchServices
0x0000000008705000 	/System/Library/Frameworks/CoreServices.framework/Versions/A/Frameworks/DictionaryServices.framework/Versions/A/DictionaryServices
0x0000000008705000 	/System/Library/Frameworks/NetFS.framework/Versions/A/NetFS
0x0000000008705000 	/System/Library/PrivateFrameworks/NetAuth.framework/Versions/A/NetAuth
0x0000000008705000 	/System/Library/PrivateFrameworks/login.framework/Versions/A/Frameworks/loginsupport.framework/Versions/A/loginsupport
0x0000000008705000 	/System/Library/PrivateFrameworks/TCC.framework/Versions/A/TCC
0x0000000008705000 	/usr/lib/libmecabra.dylib
0x0000000008705000 	/System/Library/Frameworks/ApplicationServices.framework/Versions/A/Frameworks/ATS.framework/Versions/A/ATS
0x0000000008705000 	/System/Library/Frameworks/ApplicationServices.framework/Versions/A/Frameworks/ColorSync.framework/Versions/A/ColorSync
0x0000000008705000 	/System/Library/Frameworks/ApplicationServices.framework/Versions/A/Frameworks/HIServices.framework/Versions/A/HIServices
0x0000000008705000 	/System/Library/Frameworks/ApplicationServices.framework/Versions/A/Frameworks/LangAnalysis.framework/Versions/A/LangAnalysis
0x0000000008705000 	/System/Library/Frameworks/ApplicationServices.framework/Versions/A/Frameworks/PrintCore.framework/Versions/A/PrintCore
0x0000000008705000 	/System/Library/Frameworks/ApplicationServices.framework/Versions/A/Frameworks/QD.framework/Versions/A/QD
0x0000000008705000 	/System/Library/Frameworks/ApplicationServices.framework/Versions/A/Frameworks/SpeechSynthesis.framework/Versions/A/SpeechSynthesis
0x0000000008705000 	/System/Library/Frameworks/Accelerate.framework/Versions/A/Accelerate
0x0000000008705000 	/System/Library/Frameworks/Accelerate.framework/Versions/A/Frameworks/vImage.framework/Versions/A/vImage
0x0000000008705000 	/System/Library/Frameworks/Accelerate.framework/Versions/A/Frameworks/vecLib.framework/Versions/A/vecLib
0x0000000008705000 	/System/Library/Frameworks/Accelerate.framework/Versions/A/Frameworks/vecLib.framework/Versions/A/libvDSP.dylib
0x0000000008705000 	/System/Library/Frameworks/Accelerate.framework/Versions/A/Frameworks/vecLib.framework/Versions/A/libvMisc.dylib
0x0000000008705000 	/System/Library/Frameworks/Accelerate.framework/Versions/A/Frameworks/vecLib.framework/Versions/A/libLAPACK.dylib
0x0000000008705000 	/System/Library/Frameworks/Accelerate.framework/Versions/A/Frameworks/vecLib.framework/Versions/A/libBLAS.dylib
0x0000000008705000 	/System/Library/Frameworks/Accelerate.framework/Versions/A/Frameworks/vecLib.framework/Versions/A/libLinearAlgebra.dylib
0x0000000008705000 	/System/Library/Frameworks/ApplicationServices.framework/Versions/A/Frameworks/ATS.framework/Versions/A/Resources/libFontParser.dylib
0x0000000008705000 	/System/Library/Frameworks/ApplicationServices.framework/Versions/A/Frameworks/ATS.framework/Versions/A/Resources/libFontRegistry.dylib
0x0000000008705000 	/System/Library/PrivateFrameworks/AppleVPA.framework/Versions/A/AppleVPA
0x0000000008705000 	/System/Library/PrivateFrameworks/AppleJPEG.framework/Versions/A/AppleJPEG
0x0000000008705000 	/System/Library/Frameworks/ImageIO.framework/Versions/A/Resources/libJPEG.dylib
0x0000000008705000 	/System/Library/Frameworks/ImageIO.framework/Versions/A/Resources/libTIFF.dylib
0x0000000008705000 	/System/Library/Frameworks/ImageIO.framework/Versions/A/Resources/libPng.dylib
0x0000000008705000 	/System/Library/Frameworks/ImageIO.framework/Versions/A/Resources/libGIF.dylib
0x0000000008705000 	/System/Library/Frameworks/ImageIO.framework/Versions/A/Resources/libJP2.dylib
0x0000000008705000 	/System/Library/Frameworks/ImageIO.framework/Versions/A/Resources/libRadiance.dylib
0x0000000008705000 	/System/Library/Frameworks/CoreVideo.framework/Versions/A/CoreVideo
0x0000000008705000 	/System/Library/Frameworks/OpenGL.framework/Versions/A/Libraries/libGLU.dylib
0x0000000008705000 	/System/Library/Frameworks/OpenGL.framework/Versions/A/Libraries/libGFXShared.dylib
0x0000000008705000 	/System/Library/Frameworks/OpenGL.framework/Versions/A/Libraries/libGL.dylib
0x0000000008705000 	/System/Library/Frameworks/OpenGL.framework/Versions/A/Libraries/libGLImage.dylib
0x0000000008705000 	/System/Library/Frameworks/OpenGL.framework/Versions/A/Libraries/libCVMSPluginSupport.dylib
0x0000000008705000 	/System/Library/Frameworks/OpenGL.framework/Versions/A/Libraries/libCoreVMClient.dylib
0x0000000008705000 	/usr/lib/libcups.2.dylib
0x0000000008705000 	/System/Library/Frameworks/Kerberos.framework/Versions/A/Kerberos
0x0000000008705000 	/System/Library/Frameworks/GSS.framework/Versions/A/GSS
0x0000000008705000 	/usr/lib/libresolv.9.dylib
0x0000000008705000 	/usr/lib/libiconv.2.dylib
0x0000000008705000 	/System/Library/PrivateFrameworks/Heimdal.framework/Versions/A/Heimdal
0x0000000008705000 	/usr/lib/libheimdal-asn1.dylib
0x0000000008705000 	/System/Library/Frameworks/OpenDirectory.framework/Versions/A/OpenDirectory
0x0000000008705000 	/System/Library/PrivateFrameworks/CommonAuth.framework/Versions/A/CommonAuth
0x0000000008705000 	/System/Library/Frameworks/OpenDirectory.framework/Versions/A/Frameworks/CFOpenDirectory.framework/Versions/A/CFOpenDirectory
0x0000000008705000 	/System/Library/Frameworks/SecurityFoundation.framework/Versions/A/SecurityFoundation
0x0000000008705000 	/System/Library/PrivateFrameworks/LanguageModeling.framework/Versions/A/LanguageModeling
0x0000000008705000 	/usr/lib/libcmph.dylib
0x0000000008705000 	/System/Library/Frameworks/ServiceManagement.framework/Versions/A/ServiceManagement
0x0000000008705000 	/usr/lib/libxslt.1.dylib
0x0000000008705000 	/System/Library/Frameworks/Carbon.framework/Versions/A/Frameworks/Ink.framework/Versions/A/Ink
0x0000000008705000 	/System/Library/Frameworks/QuartzCore.framework/Versions/A/Frameworks/CoreImage.framework/Versions/A/CoreImage
0x0000000008705000 	/System/Library/PrivateFrameworks/CrashReporterSupport.framework/Versions/A/CrashReporterSupport
0x0000000008705000 	/System/Library/Frameworks/OpenCL.framework/Versions/A/OpenCL
0x0000000008705000 	/System/Library/PrivateFrameworks/FaceCore.framework/Versions/A/FaceCore
0x0000000008705000 	/System/Library/PrivateFrameworks/Ubiquity.framework/Versions/A/Ubiquity
0x0000000008705000 	/System/Library/PrivateFrameworks/IconServices.framework/Versions/A/IconServices
0x0000000008705000 	/System/Library/PrivateFrameworks/ChunkingLibrary.framework/Versions/A/ChunkingLibrary
0x0000000008705000 	/System/Library/PrivateFrameworks/Apple80211.framework/Versions/A/Apple80211
0x0000000008705000 	/System/Library/Frameworks/CoreWLAN.framework/Versions/A/CoreWLAN
0x0000000008705000 	/System/Library/Frameworks/IOBluetooth.framework/Versions/A/IOBluetooth
0x0000000008705000 	/System/Library/PrivateFrameworks/CoreWiFi.framework/Versions/A/CoreWiFi
0x0000000008705000 	/System/Library/Frameworks/CoreBluetooth.framework/Versions/A/CoreBluetooth
0x0000000008705000 	/System/Library/PrivateFrameworks/DebugSymbols.framework/Versions/A/DebugSymbols
0x0000000008705000 	/System/Library/PrivateFrameworks/CoreSymbolication.framework/Versions/A/CoreSymbolication
0x0000000008705000 	/System/Library/PrivateFrameworks/Symbolication.framework/Versions/A/Symbolication
0x0000000008705000 	/System/Library/PrivateFrameworks/SpeechRecognitionCore.framework/Versions/A/SpeechRecognitionCore
0x000000010f972000 	/Library/Java/JavaVirtualMachines/jdk1.8.0_45.jdk/Contents/Home/jre/lib/server/libjvm.dylib
0x0000000008705000 	/usr/lib/libstdc++.6.dylib
0x0000000111a00000 	/Library/Java/JavaVirtualMachines/jdk1.8.0_45.jdk/Contents/Home/jre/lib/libverify.dylib
0x0000000111a0e000 	/Library/Java/JavaVirtualMachines/jdk1.8.0_45.jdk/Contents/Home/jre/lib/libjava.dylib
0x0000000111a43000 	/Library/Java/JavaVirtualMachines/jdk1.8.0_45.jdk/Contents/Home/jre/lib/libzip.dylib
0x000000012d622000 	/System/Library/Frameworks/JavaVM.framework/Frameworks/JavaRuntimeSupport.framework/JavaRuntimeSupport
0x000000012d638000 	/System/Library/Frameworks/JavaVM.framework/Versions/A/Frameworks/JavaNativeFoundation.framework/Versions/A/JavaNativeFoundation
0x000000012d64c000 	/System/Library/Frameworks/JavaVM.framework/Versions/A/JavaVM
0x0000000008705000 	/System/Library/Frameworks/Carbon.framework/Versions/A/Carbon
0x000000012d658000 	/System/Library/PrivateFrameworks/JavaLaunching.framework/Versions/A/JavaLaunching
0x0000000008705000 	/System/Library/Frameworks/Carbon.framework/Versions/A/Frameworks/CommonPanels.framework/Versions/A/CommonPanels
0x0000000008705000 	/System/Library/Frameworks/Carbon.framework/Versions/A/Frameworks/Help.framework/Versions/A/Help
0x0000000008705000 	/System/Library/Frameworks/Carbon.framework/Versions/A/Frameworks/ImageCapture.framework/Versions/A/ImageCapture
0x0000000008705000 	/System/Library/Frameworks/Carbon.framework/Versions/A/Frameworks/OpenScripting.framework/Versions/A/OpenScripting
0x0000000008705000 	/System/Library/Frameworks/Carbon.framework/Versions/A/Frameworks/Print.framework/Versions/A/Print
0x0000000008705000 	/System/Library/Frameworks/Carbon.framework/Versions/A/Frameworks/SecurityHI.framework/Versions/A/SecurityHI
0x000000012f787000 	/Applications/IntelliJ IDEA 14 CE.app/Contents/bin/libbreakgen64.jnilib
0x000000012f923000 	/Library/Java/JavaVirtualMachines/jdk1.8.0_45.jdk/Contents/Home/jre/lib/libnet.dylib
0x000000012fb88000 	/Library/Java/JavaVirtualMachines/jdk1.8.0_45.jdk/Contents/Home/jre/lib/libprism_es2.dylib
0x0000000008705000 	/System/Library/Frameworks/OpenGL.framework/Versions/A/Resources/GLEngine.bundle/GLEngine
0x0000000008705000 	/System/Library/Frameworks/OpenGL.framework/Versions/A/Libraries/libGLProgrammability.dylib
0x000000012fc0a000 	/System/Library/Extensions/AppleIntelHD4000GraphicsGLDriver.bundle/Contents/MacOS/AppleIntelHD4000GraphicsGLDriver
0x0000000008705000 	/System/Library/PrivateFrameworks/IOAccelerator.framework/Versions/A/IOAccelerator
0x0000000008705000 	/System/Library/PrivateFrameworks/GPUSupport.framework/Versions/A/Libraries/libGPUSupportMercury.dylib
0x0000000000000000 	/System/Library/Extensions/GeForceGLDriver.bundle/Contents/MacOS/GeForceGLDriver
0x0000000008705000 	/System/Library/Extensions/GeForceGLDriver.bundle/Contents/MacOS/libclh.dylib
0x0000000008705000 	/System/Library/Frameworks/OpenGL.framework/Versions/A/Resources/GLRendererFloat.bundle/GLRendererFloat
0x0000000008705000 	/System/Library/Frameworks/OpenCL.framework/Versions/A/Libraries/libcldcpuengine.dylib
0x0000000008705000 	/System/Library/PrivateFrameworks/DiskImages.framework/Versions/A/DiskImages
0x0000000008705000 	/System/Library/Frameworks/DiscRecording.framework/Versions/A/DiscRecording
0x0000000008705000 	/usr/lib/libcsfde.dylib
0x0000000008705000 	/usr/lib/libcurl.4.dylib
0x0000000008705000 	/System/Library/PrivateFrameworks/MediaKit.framework/Versions/A/MediaKit
0x0000000008705000 	/System/Library/PrivateFrameworks/ProtectedCloudStorage.framework/Versions/A/ProtectedCloudStorage
0x0000000008705000 	/usr/lib/libCoreStorage.dylib
0x0000000008705000 	/System/Library/PrivateFrameworks/EFILogin.framework/Versions/A/EFILogin
0x0000000008705000 	/usr/lib/libutil.dylib
0x0000000008705000 	/System/Library/PrivateFrameworks/FindMyDevice.framework/Versions/A/FindMyDevice
0x0000000008705000 	/System/Library/Frameworks/LDAP.framework/Versions/A/LDAP
0x0000000008705000 	/usr/lib/libsasl2.2.dylib
0x0000000008705000 	/System/Library/PrivateFrameworks/CoreDaemon.framework/Versions/B/CoreDaemon
0x0000000008705000 	/usr/lib/libcrypto.0.9.8.dylib
0x0000000008705000 	/System/Library/PrivateFrameworks/AppleSRP.framework/Versions/A/AppleSRP
0x0000000008705000 	/System/Library/PrivateFrameworks/TrustEvaluationAgent.framework/Versions/A/TrustEvaluationAgent
0x00000001308d7000 	/Library/Java/JavaVirtualMachines/jdk1.8.0_45.jdk/Contents/Home/jre/lib/libglass.dylib
0x0000000008705000 	/System/Library/PrivateFrameworks/CoreServicesInternal.framework/Versions/A/CoreServicesInternal
0x0000000008705000 	/System/Library/PrivateFrameworks/CloudDocs.framework/Versions/A/CloudDocs
0x0000000008705000 	/System/Library/PrivateFrameworks/CoreDuet.framework/Versions/A/CoreDuet
0x0000000008705000 	/System/Library/Frameworks/CloudKit.framework/Versions/A/CloudKit
0x0000000008705000 	/System/Library/PrivateFrameworks/ProtocolBuffer.framework/Versions/A/ProtocolBuffer
0x0000000008705000 	/System/Library/PrivateFrameworks/CoreDuetDaemonProtocol.framework/Versions/A/CoreDuetDaemonProtocol
0x0000000008705000 	/System/Library/PrivateFrameworks/CoreDuetDebugLogging.framework/Versions/A/CoreDuetDebugLogging
0x0000000008705000 	/System/Library/PrivateFrameworks/MMCS.framework/Versions/A/MMCS
0x0000000008705000 	/System/Library/Frameworks/CoreLocation.framework/Versions/A/CoreLocation
0x0000000008705000 	/System/Library/PrivateFrameworks/GeoServices.framework/Versions/A/GeoServices
0x0000000008705000 	/System/Library/Frameworks/CoreGraphics.framework/Versions/A/Resources/libCGCMS.A.dylib
0x0000000008705000 	/System/Library/CoreServices/RawCamera.bundle/Contents/MacOS/RawCamera
0x0000000008705000 	/System/Library/Frameworks/CoreGraphics.framework/Versions/A/Resources/libRIP.A.dylib
0x0000000008705000 	/System/Library/PrivateFrameworks/FamilyControls.framework/Versions/A/FamilyControls
0x0000000008705000 	/System/Library/PrivateFrameworks/CommerceKit.framework/Versions/A/Frameworks/CommerceCore.framework/Versions/A/CommerceCore
0x0000000008705000 	/System/Library/PrivateFrameworks/SystemAdministration.framework/Versions/A/SystemAdministration
0x0000000008705000 	/System/Library/PrivateFrameworks/AppContainer.framework/Versions/A/AppContainer
0x0000000008705000 	/System/Library/PrivateFrameworks/SecCodeWrapper.framework/Versions/A/SecCodeWrapper
0x0000000008705000 	/System/Library/Frameworks/DirectoryService.framework/Versions/A/DirectoryService
0x0000000008705000 	/System/Library/PrivateFrameworks/LoginUIKit.framework/Versions/A/Frameworks/LoginUICore.framework/Versions/A/LoginUICore
0x0000000008705000 	/usr/lib/libodfde.dylib
0x0000000135011000 	/Library/Java/JavaVirtualMachines/jdk1.8.0_45.jdk/Contents/Home/jre/lib/libjavafx_font.dylib
0x0000000008705000 	/System/Library/Frameworks/CoreGraphics.framework/Versions/A/Resources/libCGXType.A.dylib
0x000000013710b000 	cl_kernels
0x000000013a687000 	/System/Library/Frameworks/OpenCL.framework/Versions/A/Libraries/ImageFormats/unorm8_bgra.dylib
0x00000001370fd000 	cl_kernels
0x00000001385c7000 	/Library/Java/JavaVirtualMachines/jdk1.8.0_45.jdk/Contents/Home/jre/lib/libprism_common.dylib
0x00000001375d5000 	/Library/Java/JavaVirtualMachines/jdk1.8.0_45.jdk/Contents/Home/jre/lib/libjavafx_iio.dylib

VM Arguments:
jvm_args: -Didea.launcher.port=7533 -Didea.launcher.bin.path=/Applications/IntelliJ IDEA 14 CE.app/Contents/bin -Dfile.encoding=UTF-8 
java_command: com.intellij.rt.execution.application.AppMain sample.Main
java_class_path (initial): /Library/Java/JavaVirtualMachines/jdk1.8.0_45.jdk/Contents/Home/lib/ant-javafx.jar:/Library/Java/JavaVirtualMachines/jdk1.8.0_45.jdk/Contents/Home/lib/dt.jar:/Library/Java/JavaVirtualMachines/jdk1.8.0_45.jdk/Contents/Home/lib/javafx-mx.jar:/Library/Java/JavaVirtualMachines/jdk1.8.0_45.jdk/Contents/Home/lib/jconsole.jar:/Library/Java/JavaVirtualMachines/jdk1.8.0_45.jdk/Contents/Home/lib/packager.jar:/Library/Java/JavaVirtualMachines/jdk1.8.0_45.jdk/Contents/Home/lib/sa-jdi.jar:/Library/Java/JavaVirtualMachines/jdk1.8.0_45.jdk/Contents/Home/lib/tools.jar:/Library/Java/JavaVirtualMachines/jdk1.8.0_45.jdk/Contents/Home/jre/lib/charsets.jar:/Library/Java/JavaVirtualMachines/jdk1.8.0_45.jdk/Contents/Home/jre/lib/deploy.jar:/Library/Java/JavaVirtualMachines/jdk1.8.0_45.jdk/Contents/Home/jre/lib/javaws.jar:/Library/Java/JavaVirtualMachines/jdk1.8.0_45.jdk/Contents/Home/jre/lib/jce.jar:/Library/Java/JavaVirtualMachines/jdk1.8.0_45.jdk/Contents/Home/jre/lib/jfr.jar:/Library/Java/JavaVirtualMachines/jdk1.8.0_45.jdk/Contents/Home/jre/lib/jfxswt.jar:/Library/Java/JavaVirtualMachines/jdk1.8.0_45.jdk/Contents/Home/jre/lib/jsse.jar:/Library/Java/JavaVirtualMachines/jdk1.8.0_45.jdk/Contents/Home/jre/lib/management-agent.jar:/Library/Java/JavaVirtualMachines/jdk1.8.0_45.jdk/Contents/Home/jre/lib/plugin.jar:/Library/Java/JavaVirtualMachines/jdk1.8.0_45.jdk/Contents/Home/jre/lib/resources.jar:/Library/Java/JavaVirtualMachines/jdk1.8.0_45.jdk/Contents/Home/jre/lib/rt.jar:/Library/Java/JavaVirtualMachines/jdk1.8.0_45.jdk/Contents/Home/jre/lib/ext/cldrdata.jar:/Library/Java/JavaVirtualMachines/jdk1.8.0_45.jdk/Contents/Home/jre/lib/ext/dnsns.jar:/Library/Java/JavaVirtualMachines/jdk1.8.0_45.jdk/Contents/Home/jre/lib/ext/jfxrt.jar:/Library/Java/JavaVirtualMachines/jdk1.8.0_45.jdk/Contents/Home/jre/lib/ext/localedata.jar:/Library/Java/JavaVirtualMachines/jdk1.8.0_45.jdk/Contents/Home/jre/lib/ext/nashorn.jar:/Library/Java/JavaVirtualMachines/jdk1.8.0_45.jdk/Conten
Launcher Type: SUN_STANDARD

Environment Variables:
CLASSPATH=.:/Users/MacbookRetina/Desktop/OneDrive/Georgia Tech Classes/Fall 2015/cs 1332/hw1/junit-4.12.jar:/Users/MacbookRetina/Desktop/OneDrive/Georgia Tech Classes/Fall 2015/cs 1332/hw1/hamcrest-core-1.3.jar
PATH=/Library/Frameworks/Python.framework/Versions/2.7/bin:/usr/local/bin:/usr/bin:/bin:/usr/sbin:/sbin
SHELL=/bin/bash

Signal Handlers:
SIGSEGV: [libjvm.dylib+0x58ef95], sa_mask[0]=11111111011111110111111111111111, sa_flags=SA_ONSTACK|SA_RESTART|SA_SIGINFO
SIGBUS: [libjvm.dylib+0x58ef95], sa_mask[0]=11111111011111110111111111111111, sa_flags=SA_RESTART|SA_SIGINFO
SIGFPE: [libjvm.dylib+0x46c108], sa_mask[0]=11111111011111110111111111111111, sa_flags=SA_RESTART|SA_SIGINFO
SIGPIPE: [libjvm.dylib+0x46c108], sa_mask[0]=11111111011111110111111111111111, sa_flags=SA_RESTART|SA_SIGINFO
SIGXFSZ: [libjvm.dylib+0x46c108], sa_mask[0]=11111111011111110111111111111111, sa_flags=SA_RESTART|SA_SIGINFO
SIGILL: [libjvm.dylib+0x46c108], sa_mask[0]=11111111011111110111111111111111, sa_flags=SA_RESTART|SA_SIGINFO
SIGUSR1: SIG_DFL, sa_mask[0]=00000000000000000000000000000000, sa_flags=none
SIGUSR2: [libjvm.dylib+0x46bc26], sa_mask[0]=00100000000000000000000000000000, sa_flags=SA_RESTART|SA_SIGINFO
SIGHUP: [libjvm.dylib+0x46a1f9], sa_mask[0]=11111111011111110111111111111111, sa_flags=SA_RESTART|SA_SIGINFO
SIGINT: [libjvm.dylib+0x46a1f9], sa_mask[0]=11111111011111110111111111111111, sa_flags=SA_RESTART|SA_SIGINFO
SIGTERM: [libjvm.dylib+0x46a1f9], sa_mask[0]=11111111011111110111111111111111, sa_flags=SA_RESTART|SA_SIGINFO
SIGQUIT: [libjvm.dylib+0x46a1f9], sa_mask[0]=11111111011111110111111111111111, sa_flags=SA_RESTART|SA_SIGINFO


---------------  S Y S T E M  ---------------

OS:Bsduname:Darwin 14.5.0 Darwin Kernel Version 14.5.0: Wed Jul 29 02:26:53 PDT 2015; root:xnu-2782.40.9~1/RELEASE_X86_64 x86_64
rlimit: STACK 8192k, CORE 0k, NPROC 709, NOFILE 10240, AS infinity
load average:4.22 3.33 2.85

CPU:total 8 (4 cores per cpu, 2 threads per core) family 6 model 58 stepping 9, cmov, cx8, fxsr, mmx, sse, sse2, sse3, ssse3, sse4.1, sse4.2, popcnt, avx, aes, clmul, erms, ht, tsc, tscinvbit, tscinv

Memory: 4k page, physical 16777216k(2271772k free)

/proc/meminfo:


vm_info: Java HotSpot(TM) 64-Bit Server VM (25.45-b02) for bsd-amd64 JRE (1.8.0_45-b14), built on Apr 10 2015 10:46:38 by "java_re" with gcc 4.2.1 (Based on Apple Inc. build 5658) (LLVM build 2336.11.00)

time: Sat Feb  6 17:03:00 2016
elapsed time: 26 seconds (0d 0h 0m 26s)

