#
# A fatal error has been detected by the Java Runtime Environment:
#
#  SIGSEGV (0xb) at pc=0x0000000127ff358d, pid=838, tid=1811
#
# JRE version: Java(TM) SE Runtime Environment (8.0_45-b14) (build 1.8.0_45-b14)
# Java VM: Java HotSpot(TM) 64-Bit Server VM (25.45-b02 mixed mode bsd-amd64 compressed oops)
# Problematic frame:
# C  [libglass.dylib+0x1558d]  GlassScreenDidChangeScreenParameters+0x9d
#
# Failed to write core dump. Core dumps have been disabled. To enable core dumping, try "ulimit -c unlimited" before starting Java again
#
# If you would like to submit a bug report, please visit:
#   http://bugreport.java.com/bugreport/crash.jsp
#

---------------  T H R E A D  ---------------

Current thread is native thread

siginfo: si_signo: 11 (SIGSEGV), si_code: 1 (SEGV_MAPERR), si_addr: 0x0000000000000000

Registers:
RAX=0x0000000128025bc0, RBX=0x0000000000000000, RCX=0x35001f8758ffb143, RDX=0x00007facb878bac0
RSP=0x00007fff58c827c0, RBP=0x00007fff58c827d0, RSI=0x00007facb9b006c8, RDI=0x0000000000000000
R8 =0x00007fff58c82670, R9 =0x00007fff751cd300, R10=0x0000000000000000, R11=0x0000000000000246
R12=0x00007facb862e410, R13=0x00000000000f426a, R14=0x00007facb8734f30, R15=0x00007fff58c82910
RIP=0x0000000127ff358d, EFLAGS=0x0000000000010206, ERR=0x0000000000000004
  TRAPNO=0x000000000000000e

Top of Stack: (sp=0x00007fff58c827c0)
0x00007fff58c827c0:   00007fff58c829a0 00007facb8734f30
0x00007fff58c827d0:   00007fff58c827e0 00007fff8545445c
0x00007fff58c827e0:   00007fff58c82b40 00007fff85344634
0x00007fff58c827f0:   00007fff58c82840 0000000000000000
0x00007fff58c82800:   00007fff74c7ded0 00007facb8513840
0x00007fff58c82810:   0000000000001000 0000000000000978
0x00007fff58c82820:   00007facb8513840 00007facb8734f30
0x00007fff58c82830:   0000000000000000 00007fff58c82910
0x00007fff58c82840:   0000000000000000 00007facb8734ef0
0x00007fff58c82850:   00007fff58c82990 0000000000000065
0x00007fff58c82860:   00000000000f4445 00007facbe58f8f0
0x00007fff58c82870:   00007facb8720260 00007facb862e410
0x00007fff58c82880:   0000000000000001 00000000000f426a
0x00007fff58c82890:   00007facb862e400 00007fff94579b90
0x00007fff58c828a0:   0000000000000001 0000000000000001
0x00007fff58c828b0:   0000000000000030 0000000000000001
0x00007fff58c828c0:   00007fff58c828e0 00007fff9457a546
0x00007fff58c828d0:   00007fff74c7bfb0 0000000000000000
0x00007fff58c828e0:   00007fff58c82900 0000000000000014
0x00007fff58c828f0:   0016f003ba29d600 00007facb862e434
0x00007fff58c82900:   0000000000000000 00007fff8533a10f
0x00007fff58c82910:   00007facb8734f30 00007fff74c7bfb0
0x00007fff58c82920:   00007fff58c829a0 0000000000000001
0x00007fff58c82930:   00007fff58c82970 00007fff94577dd2
0x00007fff58c82940:   0000000106f98a00 0000000000000002
0x00007fff58c82950:   0000000106f95000 00007facbe53dec2
0x00007fff58c82960:   0000000000000003 0000000106f98a00
0x00007fff58c82970:   00007fff58c82a60 00007fff94576b36
0x00007fff58c82980:   00007facb8505f50 00007fff58c82b48
0x00007fff58c82990:   0000000000000017 0000000000000000
0x00007fff58c829a0:   00000000000f426a 00007fff8533a403
0x00007fff58c829b0:   00007fff00000000 00007facb9b11930 

Instructions: (pc=0x0000000127ff358d)
0x0000000127ff356d:   89 df 4c 89 f1 41 ff 90 68 04 00 00 48 8d 05 48
0x0000000127ff357d:   25 03 00 48 8b 30 48 8d 05 36 26 03 00 48 8b 10
0x0000000127ff358d:   48 8b 0b 30 c0 48 89 df ff 91 68 04 00 00 48 8b
0x0000000127ff359d:   03 48 89 df ff 50 78 48 85 c0 74 36 49 89 c6 48 

Register to memory mapping:

RAX=0x0000000128025bc0: jScreenNotifySettingsChanged+0 in /Library/Java/JavaVirtualMachines/jdk1.8.0_45.jdk/Contents/Home/jre/lib/libglass.dylib at 0x0000000127fde000
RBX=0x0000000000000000 is an unknown value
RCX=0x35001f8758ffb143 is an unknown value
RDX=0x00007facb878bac0 is an unknown value
RSP=0x00007fff58c827c0 is an unknown value
RBP=0x00007fff58c827d0 is an unknown value
RSI=0x00007facb9b006c8 is a global jni handle
RDI=0x0000000000000000 is an unknown value
R8 =0x00007fff58c82670 is an unknown value
R9 =0x00007fff751cd300: _thread+0 in /usr/lib/system/libsystem_pthread.dylib at 0x00007fff8868c000
R10=0x0000000000000000 is an unknown value
R11=0x0000000000000246 is an unknown value
R12=0x00007facb862e410 is an unknown value
R13=0x00000000000f426a is an unknown value
R14=0x00007facb8734f30 is an unknown value
R15=0x00007fff58c82910 is an unknown value


Stack: [0x00007fff58486000,0x00007fff58c86000],  sp=0x00007fff58c827c0,  free space=8177k
Native frames: (J=compiled Java code, j=interpreted, Vv=VM code, C=native code)
C  [libglass.dylib+0x1558d]  GlassScreenDidChangeScreenParameters+0x9d
C  [CoreFoundation+0x12045c]  __CFNOTIFICATIONCENTER_IS_CALLING_OUT_TO_AN_OBSERVER__+0xc
C  [CoreFoundation+0x10634]  _CFXNotificationPost+0xc44
C  [Foundation+0x7aa1]  -[NSNotificationCenter postNotificationName:object:userInfo:]+0x42
C  [AppKit+0x40de7e]  -[NSApplication _reactToScreenInvalidationImmediately:]+0x17b
C  [AppKit+0x40dcc7]  __44-[NSApplication _reactToScreenInvalidation:]_block_invoke+0x4b
C  [CoreFoundation+0x808ec]  __CFRUNLOOP_IS_CALLING_OUT_TO_A_BLOCK__+0xc
C  [CoreFoundation+0x729f5]  __CFRunLoopDoBlocks+0x155
C  [CoreFoundation+0x72536]  __CFRunLoopRun+0x716
C  [CoreFoundation+0x71bd8]  CFRunLoopRunSpecific+0x128
C  [java+0x6490]  CreateExecutionEnvironment+0x367
C  [java+0x221c]  JLI_Launch+0x7a0
C  [java+0x84ed]  main+0x65
C  [java+0x1a74]  start+0x34


---------------  P R O C E S S  ---------------

VM state:not at safepoint (normal execution)

VM Mutex/Monitor currently owned by a thread: None

Heap:
 PSYoungGen      total 76288K, used 49489K [0x000000076ab00000, 0x0000000770000000, 0x00000007c0000000)
  eden space 65536K, 59% used [0x000000076ab00000,0x000000076d0d7478,0x000000076eb00000)
  from space 10752K, 99% used [0x000000076f580000,0x000000076fffcfa0,0x0000000770000000)
  to   space 10752K, 0% used [0x000000076eb00000,0x000000076eb00000,0x000000076f580000)
 ParOldGen       total 175104K, used 36015K [0x00000006c0000000, 0x00000006cab00000, 0x000000076ab00000)
  object space 175104K, 20% used [0x00000006c0000000,0x00000006c232bd10,0x00000006cab00000)
 Metaspace       used 19538K, capacity 20732K, committed 20992K, reserved 1067008K
  class space    used 2751K, capacity 3015K, committed 3072K, reserved 1048576K

Card table byte_map: [0x0000000118529000,0x0000000118d2a000] byte_map_base: 0x0000000114f29000

Marking Bits: (ParMarkBitMap*) 0x0000000108ac27a0
 Begin Bits: [0x0000000119a98000, 0x000000011da98000)
 End Bits:   [0x000000011da98000, 0x0000000121a98000)

Polling page: 0x00000001071d6000

CodeCache: size=245760Kb used=10439Kb max_used=10538Kb free=235320Kb
 bounds [0x0000000109169000, 0x0000000109bc9000, 0x0000000118169000]
 total_blobs=3985 nmethods=3310 adapters=586
 compilation: enabled

Compilation events (10 events):
Event: 2736.758 Thread 0x00007facba822000 3682       4       java.util.concurrent.ScheduledThreadPoolExecutor$DelayedWorkQueue::add (9 bytes)
Event: 2736.778 Thread 0x00007facba822000 nmethod 3682 0x0000000109509a90 code [0x0000000109509c80, 0x000000010950a4e8]
Event: 2737.756 Thread 0x00007facba823000 3683       4       java.util.concurrent.ScheduledThreadPoolExecutor$ScheduledFutureTask::run (59 bytes)
Event: 2737.766 Thread 0x00007facba823000 nmethod 3683 0x00000001096fb110 code [0x00000001096fb2c0, 0x00000001096fb728]
Event: 2738.756 Thread 0x00007facba808800 3684       4       java.util.concurrent.ScheduledThreadPoolExecutor$DelayedWorkQueue::finishPoll (44 bytes)
Event: 2738.758 Thread 0x00007facba808800 nmethod 3684 0x0000000109564dd0 code [0x0000000109564f20, 0x0000000109565058]
Event: 2800.763 Thread 0x00007facba822000 3685   !   4       java.util.concurrent.ScheduledThreadPoolExecutor$DelayedWorkQueue::take (203 bytes)
Event: 2800.803 Thread 0x00007facba822000 nmethod 3685 0x0000000109809190 code [0x0000000109809460, 0x000000010980ab20]
Event: 2801.134 Thread 0x00007facba808800 3686       4       java.util.concurrent.ScheduledThreadPoolExecutor$DelayedWorkQueue::take (5 bytes)
Event: 2801.134 Thread 0x00007facba808800 nmethod 3686 0x000000010986cf10 code [0x000000010986d060, 0x000000010986d0e8]

GC Heap History (4 events):
Event: 5.896 GC heap before
{Heap before GC invocations=1 (full 0):
 PSYoungGen      total 76288K, used 65536K [0x000000076ab00000, 0x0000000770000000, 0x00000007c0000000)
  eden space 65536K, 100% used [0x000000076ab00000,0x000000076eb00000,0x000000076eb00000)
  from space 10752K, 0% used [0x000000076f580000,0x000000076f580000,0x0000000770000000)
  to   space 10752K, 0% used [0x000000076eb00000,0x000000076eb00000,0x000000076f580000)
 ParOldGen       total 175104K, used 0K [0x00000006c0000000, 0x00000006cab00000, 0x000000076ab00000)
  object space 175104K, 0% used [0x00000006c0000000,0x00000006c0000000,0x00000006cab00000)
 Metaspace       used 16719K, capacity 17456K, committed 17536K, reserved 1064960K
  class space    used 2420K, capacity 2609K, committed 2688K, reserved 1048576K
Event: 5.908 GC heap after
Heap after GC invocations=1 (full 0):
 PSYoungGen      total 76288K, used 10732K [0x000000076ab00000, 0x0000000770000000, 0x00000007c0000000)
  eden space 65536K, 0% used [0x000000076ab00000,0x000000076ab00000,0x000000076eb00000)
  from space 10752K, 99% used [0x000000076eb00000,0x000000076f57b308,0x000000076f580000)
  to   space 10752K, 0% used [0x000000076f580000,0x000000076f580000,0x0000000770000000)
 ParOldGen       total 175104K, used 11230K [0x00000006c0000000, 0x00000006cab00000, 0x000000076ab00000)
  object space 175104K, 6% used [0x00000006c0000000,0x00000006c0af7b40,0x00000006cab00000)
 Metaspace       used 16719K, capacity 17456K, committed 17536K, reserved 1064960K
  class space    used 2420K, capacity 2609K, committed 2688K, reserved 1048576K
}
Event: 54.738 GC heap before
{Heap before GC invocations=2 (full 0):
 PSYoungGen      total 76288K, used 76268K [0x000000076ab00000, 0x0000000770000000, 0x00000007c0000000)
  eden space 65536K, 100% used [0x000000076ab00000,0x000000076eb00000,0x000000076eb00000)
  from space 10752K, 99% used [0x000000076eb00000,0x000000076f57b308,0x000000076f580000)
  to   space 10752K, 0% used [0x000000076f580000,0x000000076f580000,0x0000000770000000)
 ParOldGen       total 175104K, used 11230K [0x00000006c0000000, 0x00000006cab00000, 0x000000076ab00000)
  object space 175104K, 6% used [0x00000006c0000000,0x00000006c0af7b40,0x00000006cab00000)
 Metaspace       used 19257K, capacity 20370K, committed 20480K, reserved 1067008K
  class space    used 2739K, capacity 2968K, committed 3072K, reserved 1048576K
Event: 54.757 GC heap after
Heap after GC invocations=2 (full 0):
 PSYoungGen      total 76288K, used 10739K [0x000000076ab00000, 0x0000000770000000, 0x00000007c0000000)
  eden space 65536K, 0% used [0x000000076ab00000,0x000000076ab00000,0x000000076eb00000)
  from space 10752K, 99% used [0x000000076f580000,0x000000076fffcfa0,0x0000000770000000)
  to   space 10752K, 0% used [0x000000076eb00000,0x000000076eb00000,0x000000076f580000)
 ParOldGen       total 175104K, used 36015K [0x00000006c0000000, 0x00000006cab00000, 0x000000076ab00000)
  object space 175104K, 20% used [0x00000006c0000000,0x00000006c232bd10,0x00000006cab00000)
 Metaspace       used 19257K, capacity 20370K, committed 20480K, reserved 1067008K
  class space    used 2739K, capacity 2968K, committed 3072K, reserved 1048576K
}

Deoptimization events (10 events):
Event: 24.476 Thread 0x00007facb907b000 Uncommon trap: reason=bimorphic action=maybe_recompile pc=0x00000001095fb790 method=com.sun.javafx.css.SimpleSelector.applies(Ljavafx/css/Styleable;)Z @ 95
Event: 39.576 Thread 0x00007facb907b000 Uncommon trap: reason=class_check action=maybe_recompile pc=0x00000001098ceee0 method=javafx.scene.Node.updateLocalToParentTransform()V @ 11
Event: 39.576 Thread 0x00007facb907b000 Uncommon trap: reason=bimorphic action=maybe_recompile pc=0x0000000109a9e5d8 method=javafx.scene.Node.impl_pickNode(Lcom/sun/javafx/geom/PickRay;Lcom/sun/javafx/scene/input/PickResultChooser;)V @ 82
Event: 39.576 Thread 0x00007facb907b000 Uncommon trap: reason=bimorphic action=maybe_recompile pc=0x000000010987aa40 method=javafx.scene.Node.impl_pickNode(Lcom/sun/javafx/geom/PickRay;Lcom/sun/javafx/scene/input/PickResultChooser;)V @ 82
Event: 39.576 Thread 0x00007facb907b000 Uncommon trap: reason=bimorphic action=maybe_recompile pc=0x000000010987aa40 method=javafx.scene.Node.impl_pickNode(Lcom/sun/javafx/geom/PickRay;Lcom/sun/javafx/scene/input/PickResultChooser;)V @ 82
Event: 39.576 Thread 0x00007facb907b000 Uncommon trap: reason=bimorphic action=maybe_recompile pc=0x000000010987aa40 method=javafx.scene.Node.impl_pickNode(Lcom/sun/javafx/geom/PickRay;Lcom/sun/javafx/scene/input/PickResultChooser;)V @ 82
Event: 39.576 Thread 0x00007facb907b000 Uncommon trap: reason=bimorphic action=maybe_recompile pc=0x0000000109a9e5d8 method=javafx.scene.Node.impl_pickNode(Lcom/sun/javafx/geom/PickRay;Lcom/sun/javafx/scene/input/PickResultChooser;)V @ 82
Event: 39.586 Thread 0x00007facb907b000 Uncommon trap: reason=class_check action=maybe_recompile pc=0x00000001098ceee0 method=javafx.scene.Node.updateLocalToParentTransform()V @ 11
Event: 41.830 Thread 0x00007facb907b000 Uncommon trap: reason=class_check action=maybe_recompile pc=0x00000001098ceee0 method=javafx.scene.Node.updateLocalToParentTransform()V @ 11
Event: 41.836 Thread 0x00007facb907b000 Uncommon trap: reason=class_check action=maybe_recompile pc=0x00000001098ceee0 method=javafx.scene.Node.updateLocalToParentTransform()V @ 11

Internal exceptions (10 events):
Event: 54.673 Thread 0x00007facb907b000 Exception <a 'java/lang/reflect/InvocationTargetException'> (0x000000076eabd750) thrown at [/Users/java_re/workspace/8-2-build-macosx-x86_64/jdk8u45/3457/hotspot/src/share/vm/runtime/reflection.cpp, line 1080]
Event: 54.673 Thread 0x00007facb907b000 Exception <a 'java/lang/RuntimeException'> (0x000000076eabdde0) thrown at [/Users/java_re/workspace/8-2-build-macosx-x86_64/jdk8u45/3457/hotspot/src/share/vm/prims/jvm.cpp, line 1386]
Event: 58.829 Thread 0x00007facb907b000 Exception <a 'java/lang/ClassCastException': java.lang.String cannot be cast to javafx.scene.control.TableColumn> (0x000000076bdd3360) thrown at [/Users/java_re/workspace/8-2-build-macosx-x86_64/jdk8u45/3457/hotspot/src/share/vm/interpreter/interpreterRun
Event: 58.844 Thread 0x00007facb907b000 Exception <a 'java/lang/ClassCastException': java.lang.String cannot be cast to javafx.scene.control.TableColumnBase> (0x000000076be0ad40) thrown at [/Users/java_re/workspace/8-2-build-macosx-x86_64/jdk8u45/3457/hotspot/src/share/vm/interpreter/interprete
Event: 58.844 Thread 0x00007facb907b000 Exception <a 'java/lang/reflect/InvocationTargetException'> (0x000000076be0b080) thrown at [/Users/java_re/workspace/8-2-build-macosx-x86_64/jdk8u45/3457/hotspot/src/share/vm/runtime/reflection.cpp, line 1080]
Event: 58.844 Thread 0x00007facb907b000 Exception <a 'java/lang/RuntimeException'> (0x000000076be0b710) thrown at [/Users/java_re/workspace/8-2-build-macosx-x86_64/jdk8u45/3457/hotspot/src/share/vm/prims/jvm.cpp, line 1386]
Event: 63.118 Thread 0x00007facb907b000 Exception <a 'java/lang/ClassCastException': java.lang.String cannot be cast to javafx.scene.control.TableColumn> (0x000000076cea10a0) thrown at [/Users/java_re/workspace/8-2-build-macosx-x86_64/jdk8u45/3457/hotspot/src/share/vm/interpreter/interpreterRun
Event: 63.134 Thread 0x00007facb907b000 Exception <a 'java/lang/ClassCastException': java.lang.String cannot be cast to javafx.scene.control.TableColumnBase> (0x000000076ced80e0) thrown at [/Users/java_re/workspace/8-2-build-macosx-x86_64/jdk8u45/3457/hotspot/src/share/vm/interpreter/interprete
Event: 63.134 Thread 0x00007facb907b000 Exception <a 'java/lang/reflect/InvocationTargetException'> (0x000000076ced8420) thrown at [/Users/java_re/workspace/8-2-build-macosx-x86_64/jdk8u45/3457/hotspot/src/share/vm/runtime/reflection.cpp, line 1080]
Event: 63.134 Thread 0x00007facb907b000 Exception <a 'java/lang/RuntimeException'> (0x000000076ced8ab0) thrown at [/Users/java_re/workspace/8-2-build-macosx-x86_64/jdk8u45/3457/hotspot/src/share/vm/prims/jvm.cpp, line 1386]

Events (10 events):
Event: 2504.765 Thread 0x00007facba808800 flushing nmethod 0x00000001096fb110
Event: 2504.766 Thread 0x00007facba808800 flushing nmethod 0x0000000109729fd0
Event: 2521.774 Thread 0x00007facba823000 flushing nmethod 0x0000000109806350
Event: 2521.774 Thread 0x00007facba823000 flushing nmethod 0x0000000109835cd0
Event: 2521.775 Thread 0x00007facba823000 flushing nmethod 0x000000010983bb10
Event: 2591.767 Thread 0x00007facba822000 flushing nmethod 0x000000010986cf10
Event: 2591.769 Thread 0x00007facba822000 flushing nmethod 0x000000010987a610
Event: 2591.771 Thread 0x00007facba822000 flushing nmethod 0x00000001098ce250
Event: 2688.765 Thread 0x00007facba822000 flushing nmethod 0x0000000109a9dfd0
Event: 2688.770 Thread 0x00007facba822000 flushing nmethod 0x0000000109ae1310


Dynamic libraries:
0x0000000004ac6000 	/System/Library/Frameworks/Cocoa.framework/Versions/A/Cocoa
0x0000000004ac6000 	/System/Library/Frameworks/Security.framework/Versions/A/Security
0x0000000004ac6000 	/System/Library/Frameworks/ApplicationServices.framework/Versions/A/ApplicationServices
0x0000000004ac6000 	/usr/lib/libz.1.dylib
0x0000000004ac6000 	/usr/lib/libSystem.B.dylib
0x0000000004ac6000 	/usr/lib/libobjc.A.dylib
0x0000000004ac6000 	/System/Library/Frameworks/CoreFoundation.framework/Versions/A/CoreFoundation
0x0000000004ac6000 	/System/Library/Frameworks/Foundation.framework/Versions/C/Foundation
0x0000000004ac6000 	/System/Library/Frameworks/AppKit.framework/Versions/C/AppKit
0x0000000004ac6000 	/System/Library/Frameworks/CoreData.framework/Versions/A/CoreData
0x0000000004ac6000 	/System/Library/PrivateFrameworks/RemoteViewServices.framework/Versions/A/RemoteViewServices
0x0000000004ac6000 	/System/Library/PrivateFrameworks/UIFoundation.framework/Versions/A/UIFoundation
0x0000000004ac6000 	/System/Library/Frameworks/IOSurface.framework/Versions/A/IOSurface
0x0000000004ac6000 	/System/Library/Frameworks/AudioToolbox.framework/Versions/A/AudioToolbox
0x0000000004ac6000 	/System/Library/Frameworks/AudioUnit.framework/Versions/A/AudioUnit
0x0000000004ac6000 	/System/Library/PrivateFrameworks/DataDetectorsCore.framework/Versions/A/DataDetectorsCore
0x0000000004ac6000 	/System/Library/PrivateFrameworks/DesktopServicesPriv.framework/Versions/A/DesktopServicesPriv
0x0000000004ac6000 	/System/Library/Frameworks/Carbon.framework/Versions/A/Frameworks/HIToolbox.framework/Versions/A/HIToolbox
0x0000000004ac6000 	/System/Library/Frameworks/QuartzCore.framework/Versions/A/QuartzCore
0x0000000004ac6000 	/System/Library/Frameworks/Carbon.framework/Versions/A/Frameworks/SpeechRecognition.framework/Versions/A/SpeechRecognition
0x0000000004ac6000 	/usr/lib/libauto.dylib
0x0000000004ac6000 	/usr/lib/libicucore.A.dylib
0x0000000004ac6000 	/usr/lib/libxml2.2.dylib
0x0000000004ac6000 	/System/Library/PrivateFrameworks/CoreUI.framework/Versions/A/CoreUI
0x0000000004ac6000 	/System/Library/Frameworks/CoreAudio.framework/Versions/A/CoreAudio
0x0000000004ac6000 	/System/Library/Frameworks/DiskArbitration.framework/Versions/A/DiskArbitration
0x0000000004ac6000 	/usr/lib/liblangid.dylib
0x0000000004ac6000 	/System/Library/PrivateFrameworks/MultitouchSupport.framework/Versions/A/MultitouchSupport
0x0000000004ac6000 	/System/Library/Frameworks/IOKit.framework/Versions/A/IOKit
0x0000000004ac6000 	/usr/lib/libDiagnosticMessagesClient.dylib
0x0000000004ac6000 	/System/Library/Frameworks/CoreServices.framework/Versions/A/CoreServices
0x0000000004ac6000 	/System/Library/PrivateFrameworks/PerformanceAnalysis.framework/Versions/A/PerformanceAnalysis
0x0000000004ac6000 	/System/Library/PrivateFrameworks/GenerationalStorage.framework/Versions/A/GenerationalStorage
0x0000000004ac6000 	/System/Library/Frameworks/OpenGL.framework/Versions/A/OpenGL
0x0000000004ac6000 	/System/Library/PrivateFrameworks/Sharing.framework/Versions/A/Sharing
0x0000000004ac6000 	/System/Library/Frameworks/CoreGraphics.framework/Versions/A/CoreGraphics
0x0000000004ac6000 	/System/Library/Frameworks/CoreText.framework/Versions/A/CoreText
0x0000000004ac6000 	/System/Library/Frameworks/ImageIO.framework/Versions/A/ImageIO
0x0000000004ac6000 	/usr/lib/libextension.dylib
0x0000000004ac6000 	/System/Library/PrivateFrameworks/Backup.framework/Versions/A/Backup
0x0000000004ac6000 	/usr/lib/libarchive.2.dylib
0x0000000004ac6000 	/System/Library/Frameworks/CFNetwork.framework/Versions/A/CFNetwork
0x0000000004ac6000 	/System/Library/Frameworks/SystemConfiguration.framework/Versions/A/SystemConfiguration
0x0000000004ac6000 	/usr/lib/libCRFSuite.dylib
0x0000000004ac6000 	/usr/lib/libc++.1.dylib
0x0000000004ac6000 	/usr/lib/libc++abi.dylib
0x0000000004ac6000 	/usr/lib/system/libcache.dylib
0x0000000004ac6000 	/usr/lib/system/libcommonCrypto.dylib
0x0000000004ac6000 	/usr/lib/system/libcompiler_rt.dylib
0x0000000004ac6000 	/usr/lib/system/libcopyfile.dylib
0x0000000004ac6000 	/usr/lib/system/libcorecrypto.dylib
0x0000000004ac6000 	/usr/lib/system/libdispatch.dylib
0x0000000004ac6000 	/usr/lib/system/libdyld.dylib
0x0000000004ac6000 	/usr/lib/system/libkeymgr.dylib
0x0000000004ac6000 	/usr/lib/system/liblaunch.dylib
0x0000000004ac6000 	/usr/lib/system/libmacho.dylib
0x0000000004ac6000 	/usr/lib/system/libquarantine.dylib
0x0000000004ac6000 	/usr/lib/system/libremovefile.dylib
0x0000000004ac6000 	/usr/lib/system/libsystem_asl.dylib
0x0000000004ac6000 	/usr/lib/system/libsystem_blocks.dylib
0x0000000004ac6000 	/usr/lib/system/libsystem_c.dylib
0x0000000004ac6000 	/usr/lib/system/libsystem_configuration.dylib
0x0000000004ac6000 	/usr/lib/system/libsystem_coreservices.dylib
0x0000000004ac6000 	/usr/lib/system/libsystem_coretls.dylib
0x0000000004ac6000 	/usr/lib/system/libsystem_dnssd.dylib
0x0000000004ac6000 	/usr/lib/system/libsystem_info.dylib
0x0000000004ac6000 	/usr/lib/system/libsystem_kernel.dylib
0x0000000004ac6000 	/usr/lib/system/libsystem_m.dylib
0x0000000004ac6000 	/usr/lib/system/libsystem_malloc.dylib
0x0000000004ac6000 	/usr/lib/system/libsystem_network.dylib
0x0000000004ac6000 	/usr/lib/system/libsystem_networkextension.dylib
0x0000000004ac6000 	/usr/lib/system/libsystem_notify.dylib
0x0000000004ac6000 	/usr/lib/system/libsystem_platform.dylib
0x0000000004ac6000 	/usr/lib/system/libsystem_pthread.dylib
0x0000000004ac6000 	/usr/lib/system/libsystem_sandbox.dylib
0x0000000004ac6000 	/usr/lib/system/libsystem_secinit.dylib
0x0000000004ac6000 	/usr/lib/system/libsystem_stats.dylib
0x0000000004ac6000 	/usr/lib/system/libsystem_trace.dylib
0x0000000004ac6000 	/usr/lib/system/libunc.dylib
0x0000000004ac6000 	/usr/lib/system/libunwind.dylib
0x0000000004ac6000 	/usr/lib/system/libxpc.dylib
0x0000000004ac6000 	/usr/lib/libbz2.1.0.dylib
0x0000000004ac6000 	/usr/lib/liblzma.5.dylib
0x0000000004ac6000 	/usr/lib/libbsm.0.dylib
0x0000000004ac6000 	/usr/lib/libsqlite3.dylib
0x0000000004ac6000 	/usr/lib/system/libkxld.dylib
0x0000000004ac6000 	/usr/lib/libxar.1.dylib
0x0000000004ac6000 	/usr/lib/libpam.2.dylib
0x0000000004ac6000 	/usr/lib/libOpenScriptingUtil.dylib
0x0000000004ac6000 	/System/Library/Frameworks/CoreServices.framework/Versions/A/Frameworks/FSEvents.framework/Versions/A/FSEvents
0x0000000004ac6000 	/System/Library/Frameworks/CoreServices.framework/Versions/A/Frameworks/CarbonCore.framework/Versions/A/CarbonCore
0x0000000004ac6000 	/System/Library/Frameworks/CoreServices.framework/Versions/A/Frameworks/Metadata.framework/Versions/A/Metadata
0x0000000004ac6000 	/System/Library/Frameworks/CoreServices.framework/Versions/A/Frameworks/OSServices.framework/Versions/A/OSServices
0x0000000004ac6000 	/System/Library/Frameworks/CoreServices.framework/Versions/A/Frameworks/SearchKit.framework/Versions/A/SearchKit
0x0000000004ac6000 	/System/Library/Frameworks/CoreServices.framework/Versions/A/Frameworks/AE.framework/Versions/A/AE
0x0000000004ac6000 	/System/Library/Frameworks/CoreServices.framework/Versions/A/Frameworks/LaunchServices.framework/Versions/A/LaunchServices
0x0000000004ac6000 	/System/Library/Frameworks/CoreServices.framework/Versions/A/Frameworks/DictionaryServices.framework/Versions/A/DictionaryServices
0x0000000004ac6000 	/System/Library/Frameworks/NetFS.framework/Versions/A/NetFS
0x0000000004ac6000 	/System/Library/PrivateFrameworks/NetAuth.framework/Versions/A/NetAuth
0x0000000004ac6000 	/System/Library/PrivateFrameworks/login.framework/Versions/A/Frameworks/loginsupport.framework/Versions/A/loginsupport
0x0000000004ac6000 	/System/Library/PrivateFrameworks/TCC.framework/Versions/A/TCC
0x0000000004ac6000 	/usr/lib/libmecabra.dylib
0x0000000004ac6000 	/System/Library/Frameworks/ApplicationServices.framework/Versions/A/Frameworks/ATS.framework/Versions/A/ATS
0x0000000004ac6000 	/System/Library/Frameworks/ApplicationServices.framework/Versions/A/Frameworks/ColorSync.framework/Versions/A/ColorSync
0x0000000004ac6000 	/System/Library/Frameworks/ApplicationServices.framework/Versions/A/Frameworks/HIServices.framework/Versions/A/HIServices
0x0000000004ac6000 	/System/Library/Frameworks/ApplicationServices.framework/Versions/A/Frameworks/LangAnalysis.framework/Versions/A/LangAnalysis
0x0000000004ac6000 	/System/Library/Frameworks/ApplicationServices.framework/Versions/A/Frameworks/PrintCore.framework/Versions/A/PrintCore
0x0000000004ac6000 	/System/Library/Frameworks/ApplicationServices.framework/Versions/A/Frameworks/QD.framework/Versions/A/QD
0x0000000004ac6000 	/System/Library/Frameworks/ApplicationServices.framework/Versions/A/Frameworks/SpeechSynthesis.framework/Versions/A/SpeechSynthesis
0x0000000004ac6000 	/System/Library/Frameworks/Accelerate.framework/Versions/A/Accelerate
0x0000000004ac6000 	/System/Library/Frameworks/Accelerate.framework/Versions/A/Frameworks/vImage.framework/Versions/A/vImage
0x0000000004ac6000 	/System/Library/Frameworks/Accelerate.framework/Versions/A/Frameworks/vecLib.framework/Versions/A/vecLib
0x0000000004ac6000 	/System/Library/Frameworks/Accelerate.framework/Versions/A/Frameworks/vecLib.framework/Versions/A/libvDSP.dylib
0x0000000004ac6000 	/System/Library/Frameworks/Accelerate.framework/Versions/A/Frameworks/vecLib.framework/Versions/A/libvMisc.dylib
0x0000000004ac6000 	/System/Library/Frameworks/Accelerate.framework/Versions/A/Frameworks/vecLib.framework/Versions/A/libLAPACK.dylib
0x0000000004ac6000 	/System/Library/Frameworks/Accelerate.framework/Versions/A/Frameworks/vecLib.framework/Versions/A/libBLAS.dylib
0x0000000004ac6000 	/System/Library/Frameworks/Accelerate.framework/Versions/A/Frameworks/vecLib.framework/Versions/A/libLinearAlgebra.dylib
0x0000000004ac6000 	/System/Library/Frameworks/ApplicationServices.framework/Versions/A/Frameworks/ATS.framework/Versions/A/Resources/libFontParser.dylib
0x0000000004ac6000 	/System/Library/Frameworks/ApplicationServices.framework/Versions/A/Frameworks/ATS.framework/Versions/A/Resources/libFontRegistry.dylib
0x0000000004ac6000 	/System/Library/PrivateFrameworks/AppleVPA.framework/Versions/A/AppleVPA
0x0000000004ac6000 	/System/Library/PrivateFrameworks/AppleJPEG.framework/Versions/A/AppleJPEG
0x0000000004ac6000 	/System/Library/Frameworks/ImageIO.framework/Versions/A/Resources/libJPEG.dylib
0x0000000004ac6000 	/System/Library/Frameworks/ImageIO.framework/Versions/A/Resources/libTIFF.dylib
0x0000000004ac6000 	/System/Library/Frameworks/ImageIO.framework/Versions/A/Resources/libPng.dylib
0x0000000004ac6000 	/System/Library/Frameworks/ImageIO.framework/Versions/A/Resources/libGIF.dylib
0x0000000004ac6000 	/System/Library/Frameworks/ImageIO.framework/Versions/A/Resources/libJP2.dylib
0x0000000004ac6000 	/System/Library/Frameworks/ImageIO.framework/Versions/A/Resources/libRadiance.dylib
0x0000000004ac6000 	/System/Library/Frameworks/CoreVideo.framework/Versions/A/CoreVideo
0x0000000004ac6000 	/System/Library/Frameworks/OpenGL.framework/Versions/A/Libraries/libGLU.dylib
0x0000000004ac6000 	/System/Library/Frameworks/OpenGL.framework/Versions/A/Libraries/libGFXShared.dylib
0x0000000004ac6000 	/System/Library/Frameworks/OpenGL.framework/Versions/A/Libraries/libGL.dylib
0x0000000004ac6000 	/System/Library/Frameworks/OpenGL.framework/Versions/A/Libraries/libGLImage.dylib
0x0000000004ac6000 	/System/Library/Frameworks/OpenGL.framework/Versions/A/Libraries/libCVMSPluginSupport.dylib
0x0000000004ac6000 	/System/Library/Frameworks/OpenGL.framework/Versions/A/Libraries/libCoreVMClient.dylib
0x0000000004ac6000 	/usr/lib/libcups.2.dylib
0x0000000004ac6000 	/System/Library/Frameworks/Kerberos.framework/Versions/A/Kerberos
0x0000000004ac6000 	/System/Library/Frameworks/GSS.framework/Versions/A/GSS
0x0000000004ac6000 	/usr/lib/libresolv.9.dylib
0x0000000004ac6000 	/usr/lib/libiconv.2.dylib
0x0000000004ac6000 	/System/Library/PrivateFrameworks/Heimdal.framework/Versions/A/Heimdal
0x0000000004ac6000 	/usr/lib/libheimdal-asn1.dylib
0x0000000004ac6000 	/System/Library/Frameworks/OpenDirectory.framework/Versions/A/OpenDirectory
0x0000000004ac6000 	/System/Library/PrivateFrameworks/CommonAuth.framework/Versions/A/CommonAuth
0x0000000004ac6000 	/System/Library/Frameworks/OpenDirectory.framework/Versions/A/Frameworks/CFOpenDirectory.framework/Versions/A/CFOpenDirectory
0x0000000004ac6000 	/System/Library/Frameworks/SecurityFoundation.framework/Versions/A/SecurityFoundation
0x0000000004ac6000 	/System/Library/PrivateFrameworks/LanguageModeling.framework/Versions/A/LanguageModeling
0x0000000004ac6000 	/usr/lib/libcmph.dylib
0x0000000004ac6000 	/System/Library/Frameworks/ServiceManagement.framework/Versions/A/ServiceManagement
0x0000000004ac6000 	/usr/lib/libxslt.1.dylib
0x0000000004ac6000 	/System/Library/Frameworks/Carbon.framework/Versions/A/Frameworks/Ink.framework/Versions/A/Ink
0x0000000004ac6000 	/System/Library/Frameworks/QuartzCore.framework/Versions/A/Frameworks/CoreImage.framework/Versions/A/CoreImage
0x0000000004ac6000 	/System/Library/PrivateFrameworks/CrashReporterSupport.framework/Versions/A/CrashReporterSupport
0x0000000004ac6000 	/System/Library/Frameworks/OpenCL.framework/Versions/A/OpenCL
0x0000000004ac6000 	/System/Library/PrivateFrameworks/FaceCore.framework/Versions/A/FaceCore
0x0000000004ac6000 	/System/Library/PrivateFrameworks/Ubiquity.framework/Versions/A/Ubiquity
0x0000000004ac6000 	/System/Library/PrivateFrameworks/IconServices.framework/Versions/A/IconServices
0x0000000004ac6000 	/System/Library/PrivateFrameworks/ChunkingLibrary.framework/Versions/A/ChunkingLibrary
0x0000000004ac6000 	/System/Library/PrivateFrameworks/Apple80211.framework/Versions/A/Apple80211
0x0000000004ac6000 	/System/Library/Frameworks/CoreWLAN.framework/Versions/A/CoreWLAN
0x0000000004ac6000 	/System/Library/Frameworks/IOBluetooth.framework/Versions/A/IOBluetooth
0x0000000004ac6000 	/System/Library/PrivateFrameworks/CoreWiFi.framework/Versions/A/CoreWiFi
0x0000000004ac6000 	/System/Library/Frameworks/CoreBluetooth.framework/Versions/A/CoreBluetooth
0x0000000004ac6000 	/System/Library/PrivateFrameworks/DebugSymbols.framework/Versions/A/DebugSymbols
0x0000000004ac6000 	/System/Library/PrivateFrameworks/CoreSymbolication.framework/Versions/A/CoreSymbolication
0x0000000004ac6000 	/System/Library/PrivateFrameworks/Symbolication.framework/Versions/A/Symbolication
0x0000000004ac6000 	/System/Library/PrivateFrameworks/SpeechRecognitionCore.framework/Versions/A/SpeechRecognitionCore
0x0000000108200000 	/Library/Java/JavaVirtualMachines/jdk1.8.0_45.jdk/Contents/Home/jre/lib/server/libjvm.dylib
0x0000000004ac6000 	/usr/lib/libstdc++.6.dylib
0x0000000107193000 	/Library/Java/JavaVirtualMachines/jdk1.8.0_45.jdk/Contents/Home/jre/lib/libverify.dylib
0x00000001071a1000 	/Library/Java/JavaVirtualMachines/jdk1.8.0_45.jdk/Contents/Home/jre/lib/libjava.dylib
0x00000001071e0000 	/Library/Java/JavaVirtualMachines/jdk1.8.0_45.jdk/Contents/Home/jre/lib/libzip.dylib
0x00000001071ea000 	/System/Library/Frameworks/JavaVM.framework/Frameworks/JavaRuntimeSupport.framework/JavaRuntimeSupport
0x0000000124d3f000 	/System/Library/Frameworks/JavaVM.framework/Versions/A/Frameworks/JavaNativeFoundation.framework/Versions/A/JavaNativeFoundation
0x0000000124d53000 	/System/Library/Frameworks/JavaVM.framework/Versions/A/JavaVM
0x0000000004ac6000 	/System/Library/Frameworks/Carbon.framework/Versions/A/Carbon
0x0000000124d5f000 	/System/Library/PrivateFrameworks/JavaLaunching.framework/Versions/A/JavaLaunching
0x0000000004ac6000 	/System/Library/Frameworks/Carbon.framework/Versions/A/Frameworks/CommonPanels.framework/Versions/A/CommonPanels
0x0000000004ac6000 	/System/Library/Frameworks/Carbon.framework/Versions/A/Frameworks/Help.framework/Versions/A/Help
0x0000000004ac6000 	/System/Library/Frameworks/Carbon.framework/Versions/A/Frameworks/ImageCapture.framework/Versions/A/ImageCapture
0x0000000004ac6000 	/System/Library/Frameworks/Carbon.framework/Versions/A/Frameworks/OpenScripting.framework/Versions/A/OpenScripting
0x0000000004ac6000 	/System/Library/Frameworks/Carbon.framework/Versions/A/Frameworks/Print.framework/Versions/A/Print
0x0000000004ac6000 	/System/Library/Frameworks/Carbon.framework/Versions/A/Frameworks/SecurityHI.framework/Versions/A/SecurityHI
0x0000000126e8e000 	/Applications/IntelliJ IDEA 14 CE.app/Contents/bin/libbreakgen64.jnilib
0x000000012702a000 	/Library/Java/JavaVirtualMachines/jdk1.8.0_45.jdk/Contents/Home/jre/lib/libnet.dylib
0x000000012728f000 	/Library/Java/JavaVirtualMachines/jdk1.8.0_45.jdk/Contents/Home/jre/lib/libprism_es2.dylib
0x0000000004ac6000 	/System/Library/Frameworks/OpenGL.framework/Versions/A/Resources/GLEngine.bundle/GLEngine
0x0000000004ac6000 	/System/Library/Frameworks/OpenGL.framework/Versions/A/Libraries/libGLProgrammability.dylib
0x0000000127311000 	/System/Library/Extensions/AppleIntelHD4000GraphicsGLDriver.bundle/Contents/MacOS/AppleIntelHD4000GraphicsGLDriver
0x0000000004ac6000 	/System/Library/PrivateFrameworks/IOAccelerator.framework/Versions/A/IOAccelerator
0x0000000004ac6000 	/System/Library/PrivateFrameworks/GPUSupport.framework/Versions/A/Libraries/libGPUSupportMercury.dylib
0x0000000000000000 	/System/Library/Extensions/GeForceGLDriver.bundle/Contents/MacOS/GeForceGLDriver
0x0000000004ac6000 	/System/Library/Extensions/GeForceGLDriver.bundle/Contents/MacOS/libclh.dylib
0x0000000004ac6000 	/System/Library/Frameworks/OpenGL.framework/Versions/A/Resources/GLRendererFloat.bundle/GLRendererFloat
0x0000000004ac6000 	/System/Library/Frameworks/OpenCL.framework/Versions/A/Libraries/libcldcpuengine.dylib
0x0000000004ac6000 	/System/Library/PrivateFrameworks/DiskImages.framework/Versions/A/DiskImages
0x0000000004ac6000 	/System/Library/Frameworks/DiscRecording.framework/Versions/A/DiscRecording
0x0000000004ac6000 	/usr/lib/libcsfde.dylib
0x0000000004ac6000 	/usr/lib/libcurl.4.dylib
0x0000000004ac6000 	/System/Library/PrivateFrameworks/MediaKit.framework/Versions/A/MediaKit
0x0000000004ac6000 	/System/Library/PrivateFrameworks/ProtectedCloudStorage.framework/Versions/A/ProtectedCloudStorage
0x0000000004ac6000 	/usr/lib/libCoreStorage.dylib
0x0000000004ac6000 	/System/Library/PrivateFrameworks/EFILogin.framework/Versions/A/EFILogin
0x0000000004ac6000 	/usr/lib/libutil.dylib
0x0000000004ac6000 	/System/Library/PrivateFrameworks/FindMyDevice.framework/Versions/A/FindMyDevice
0x0000000004ac6000 	/System/Library/Frameworks/LDAP.framework/Versions/A/LDAP
0x0000000004ac6000 	/usr/lib/libsasl2.2.dylib
0x0000000004ac6000 	/System/Library/PrivateFrameworks/CoreDaemon.framework/Versions/B/CoreDaemon
0x0000000004ac6000 	/usr/lib/libcrypto.0.9.8.dylib
0x0000000004ac6000 	/System/Library/PrivateFrameworks/AppleSRP.framework/Versions/A/AppleSRP
0x0000000004ac6000 	/System/Library/PrivateFrameworks/TrustEvaluationAgent.framework/Versions/A/TrustEvaluationAgent
0x0000000127fde000 	/Library/Java/JavaVirtualMachines/jdk1.8.0_45.jdk/Contents/Home/jre/lib/libglass.dylib
0x0000000004ac6000 	/System/Library/PrivateFrameworks/CoreServicesInternal.framework/Versions/A/CoreServicesInternal
0x0000000004ac6000 	/System/Library/PrivateFrameworks/CloudDocs.framework/Versions/A/CloudDocs
0x0000000004ac6000 	/System/Library/PrivateFrameworks/CoreDuet.framework/Versions/A/CoreDuet
0x0000000004ac6000 	/System/Library/Frameworks/CloudKit.framework/Versions/A/CloudKit
0x0000000004ac6000 	/System/Library/PrivateFrameworks/ProtocolBuffer.framework/Versions/A/ProtocolBuffer
0x0000000004ac6000 	/System/Library/PrivateFrameworks/CoreDuetDaemonProtocol.framework/Versions/A/CoreDuetDaemonProtocol
0x0000000004ac6000 	/System/Library/PrivateFrameworks/CoreDuetDebugLogging.framework/Versions/A/CoreDuetDebugLogging
0x0000000004ac6000 	/System/Library/PrivateFrameworks/MMCS.framework/Versions/A/MMCS
0x0000000004ac6000 	/System/Library/Frameworks/CoreLocation.framework/Versions/A/CoreLocation
0x0000000004ac6000 	/System/Library/PrivateFrameworks/GeoServices.framework/Versions/A/GeoServices
0x0000000004ac6000 	/System/Library/Frameworks/CoreGraphics.framework/Versions/A/Resources/libCGCMS.A.dylib
0x0000000004ac6000 	/System/Library/CoreServices/RawCamera.bundle/Contents/MacOS/RawCamera
0x0000000004ac6000 	/System/Library/Frameworks/CoreGraphics.framework/Versions/A/Resources/libRIP.A.dylib
0x0000000004ac6000 	/System/Library/PrivateFrameworks/FamilyControls.framework/Versions/A/FamilyControls
0x0000000004ac6000 	/System/Library/PrivateFrameworks/CommerceKit.framework/Versions/A/Frameworks/CommerceCore.framework/Versions/A/CommerceCore
0x0000000004ac6000 	/System/Library/PrivateFrameworks/SystemAdministration.framework/Versions/A/SystemAdministration
0x0000000004ac6000 	/System/Library/PrivateFrameworks/AppContainer.framework/Versions/A/AppContainer
0x0000000004ac6000 	/System/Library/PrivateFrameworks/SecCodeWrapper.framework/Versions/A/SecCodeWrapper
0x0000000004ac6000 	/System/Library/Frameworks/DirectoryService.framework/Versions/A/DirectoryService
0x0000000004ac6000 	/System/Library/PrivateFrameworks/LoginUIKit.framework/Versions/A/Frameworks/LoginUICore.framework/Versions/A/LoginUICore
0x0000000004ac6000 	/usr/lib/libodfde.dylib
0x000000012c79d000 	/Library/Java/JavaVirtualMachines/jdk1.8.0_45.jdk/Contents/Home/jre/lib/libjavafx_font.dylib
0x0000000004ac6000 	/System/Library/Frameworks/CoreGraphics.framework/Versions/A/Resources/libCGXType.A.dylib
0x000000012e89b000 	cl_kernels
0x0000000130dd1000 	/System/Library/Frameworks/OpenCL.framework/Versions/A/Libraries/ImageFormats/unorm8_bgra.dylib
0x000000012e88d000 	cl_kernels
0x000000012fd51000 	/Library/Java/JavaVirtualMachines/jdk1.8.0_45.jdk/Contents/Home/jre/lib/libprism_common.dylib
0x000000012ed4a000 	/Library/Java/JavaVirtualMachines/jdk1.8.0_45.jdk/Contents/Home/jre/lib/libjavafx_iio.dylib

VM Arguments:
jvm_args: -Didea.launcher.port=7534 -Didea.launcher.bin.path=/Applications/IntelliJ IDEA 14 CE.app/Contents/bin -Dfile.encoding=UTF-8 
java_command: com.intellij.rt.execution.application.AppMain sample.Main
java_class_path (initial): /Library/Java/JavaVirtualMachines/jdk1.8.0_45.jdk/Contents/Home/lib/ant-javafx.jar:/Library/Java/JavaVirtualMachines/jdk1.8.0_45.jdk/Contents/Home/lib/dt.jar:/Library/Java/JavaVirtualMachines/jdk1.8.0_45.jdk/Contents/Home/lib/javafx-mx.jar:/Library/Java/JavaVirtualMachines/jdk1.8.0_45.jdk/Contents/Home/lib/jconsole.jar:/Library/Java/JavaVirtualMachines/jdk1.8.0_45.jdk/Contents/Home/lib/packager.jar:/Library/Java/JavaVirtualMachines/jdk1.8.0_45.jdk/Contents/Home/lib/sa-jdi.jar:/Library/Java/JavaVirtualMachines/jdk1.8.0_45.jdk/Contents/Home/lib/tools.jar:/Library/Java/JavaVirtualMachines/jdk1.8.0_45.jdk/Contents/Home/jre/lib/charsets.jar:/Library/Java/JavaVirtualMachines/jdk1.8.0_45.jdk/Contents/Home/jre/lib/deploy.jar:/Library/Java/JavaVirtualMachines/jdk1.8.0_45.jdk/Contents/Home/jre/lib/javaws.jar:/Library/Java/JavaVirtualMachines/jdk1.8.0_45.jdk/Contents/Home/jre/lib/jce.jar:/Library/Java/JavaVirtualMachines/jdk1.8.0_45.jdk/Contents/Home/jre/lib/jfr.jar:/Library/Java/JavaVirtualMachines/jdk1.8.0_45.jdk/Contents/Home/jre/lib/jfxswt.jar:/Library/Java/JavaVirtualMachines/jdk1.8.0_45.jdk/Contents/Home/jre/lib/jsse.jar:/Library/Java/JavaVirtualMachines/jdk1.8.0_45.jdk/Contents/Home/jre/lib/management-agent.jar:/Library/Java/JavaVirtualMachines/jdk1.8.0_45.jdk/Contents/Home/jre/lib/plugin.jar:/Library/Java/JavaVirtualMachines/jdk1.8.0_45.jdk/Contents/Home/jre/lib/resources.jar:/Library/Java/JavaVirtualMachines/jdk1.8.0_45.jdk/Contents/Home/jre/lib/rt.jar:/Library/Java/JavaVirtualMachines/jdk1.8.0_45.jdk/Contents/Home/jre/lib/ext/cldrdata.jar:/Library/Java/JavaVirtualMachines/jdk1.8.0_45.jdk/Contents/Home/jre/lib/ext/dnsns.jar:/Library/Java/JavaVirtualMachines/jdk1.8.0_45.jdk/Contents/Home/jre/lib/ext/jfxrt.jar:/Library/Java/JavaVirtualMachines/jdk1.8.0_45.jdk/Contents/Home/jre/lib/ext/localedata.jar:/Library/Java/JavaVirtualMachines/jdk1.8.0_45.jdk/Contents/Home/jre/lib/ext/nashorn.jar:/Library/Java/JavaVirtualMachines/jdk1.8.0_45.jdk/Conten
Launcher Type: SUN_STANDARD

Environment Variables:
CLASSPATH=.:/Users/MacbookRetina/Desktop/OneDrive/Georgia Tech Classes/Fall 2015/cs 1332/hw1/junit-4.12.jar:/Users/MacbookRetina/Desktop/OneDrive/Georgia Tech Classes/Fall 2015/cs 1332/hw1/hamcrest-core-1.3.jar
PATH=/Library/Frameworks/Python.framework/Versions/2.7/bin:/usr/local/bin:/usr/bin:/bin:/usr/sbin:/sbin
SHELL=/bin/bash

Signal Handlers:
SIGSEGV: [libjvm.dylib+0x58ef95], sa_mask[0]=11111111011111110111111111111111, sa_flags=SA_ONSTACK|SA_RESTART|SA_SIGINFO
SIGBUS: [libjvm.dylib+0x58ef95], sa_mask[0]=11111111011111110111111111111111, sa_flags=SA_RESTART|SA_SIGINFO
SIGFPE: [libjvm.dylib+0x46c108], sa_mask[0]=11111111011111110111111111111111, sa_flags=SA_RESTART|SA_SIGINFO
SIGPIPE: [libjvm.dylib+0x46c108], sa_mask[0]=11111111011111110111111111111111, sa_flags=SA_RESTART|SA_SIGINFO
SIGXFSZ: [libjvm.dylib+0x46c108], sa_mask[0]=11111111011111110111111111111111, sa_flags=SA_RESTART|SA_SIGINFO
SIGILL: [libjvm.dylib+0x46c108], sa_mask[0]=11111111011111110111111111111111, sa_flags=SA_RESTART|SA_SIGINFO
SIGUSR1: SIG_DFL, sa_mask[0]=00000000000000000000000000000000, sa_flags=none
SIGUSR2: [libjvm.dylib+0x46bc26], sa_mask[0]=00100000000000000000000000000000, sa_flags=SA_RESTART|SA_SIGINFO
SIGHUP: [libjvm.dylib+0x46a1f9], sa_mask[0]=11111111011111110111111111111111, sa_flags=SA_RESTART|SA_SIGINFO
SIGINT: [libjvm.dylib+0x46a1f9], sa_mask[0]=11111111011111110111111111111111, sa_flags=SA_RESTART|SA_SIGINFO
SIGTERM: [libjvm.dylib+0x46a1f9], sa_mask[0]=11111111011111110111111111111111, sa_flags=SA_RESTART|SA_SIGINFO
SIGQUIT: [libjvm.dylib+0x46a1f9], sa_mask[0]=11111111011111110111111111111111, sa_flags=SA_RESTART|SA_SIGINFO


---------------  S Y S T E M  ---------------

OS:Bsduname:Darwin 14.5.0 Darwin Kernel Version 14.5.0: Wed Jul 29 02:26:53 PDT 2015; root:xnu-2782.40.9~1/RELEASE_X86_64 x86_64
rlimit: STACK 8192k, CORE 0k, NPROC 709, NOFILE 10240, AS infinity
load average:2.95 2.40 2.34

CPU:total 8 (4 cores per cpu, 2 threads per core) family 6 model 58 stepping 9, cmov, cx8, fxsr, mmx, sse, sse2, sse3, ssse3, sse4.1, sse4.2, popcnt, avx, aes, clmul, erms, ht, tsc, tscinvbit, tscinv

Memory: 4k page, physical 16777216k(3380252k free)

/proc/meminfo:


vm_info: Java HotSpot(TM) 64-Bit Server VM (25.45-b02) for bsd-amd64 JRE (1.8.0_45-b14), built on Apr 10 2015 10:46:38 by "java_re" with gcc 4.2.1 (Based on Apple Inc. build 5658) (LLVM build 2336.11.00)

time: Sun Feb  7 11:50:21 2016
elapsed time: 2975 seconds (0d 0h 49m 35s)

