#
# A fatal error has been detected by the Java Runtime Environment:
#
#  SIGSEGV (0xb) at pc=0x000000013066558d, pid=835, tid=1811
#
# JRE version: Java(TM) SE Runtime Environment (8.0_45-b14) (build 1.8.0_45-b14)
# Java VM: Java HotSpot(TM) 64-Bit Server VM (25.45-b02 mixed mode bsd-amd64 compressed oops)
# Problematic frame:
# C  [libglass.dylib+0x1558d]  GlassScreenDidChangeScreenParameters+0x9d
#
# Failed to write core dump. Core dumps have been disabled. To enable core dumping, try "ulimit -c unlimited" before starting Java again
#
# If you would like to submit a bug report, please visit:
#   http://bugreport.java.com/bugreport/crash.jsp
#

---------------  T H R E A D  ---------------

Current thread is native thread

siginfo: si_signo: 11 (SIGSEGV), si_code: 1 (SEGV_MAPERR), si_addr: 0x0000000000000000

Registers:
RAX=0x0000000130697bc0, RBX=0x0000000000000000, RCX=0xd000ff4357fc3777, RDX=0x00007f8c95b76770
RSP=0x00007fff506107c0, RBP=0x00007fff506107d0, RSI=0x00007f8c95b03b48, RDI=0x0000000000000000
R8 =0x00007fff50610670, R9 =0x00007fff751cd300, R10=0x0000000000000000, R11=0x0000000000000246
R12=0x00007f8c935322c0, R13=0x00000000000f426a, R14=0x00007f8c93601a30, R15=0x00007fff50610910
RIP=0x000000013066558d, EFLAGS=0x0000000000010202, ERR=0x0000000000000004
  TRAPNO=0x000000000000000e

Top of Stack: (sp=0x00007fff506107c0)
0x00007fff506107c0:   00007fff506109a0 00007f8c93601a30
0x00007fff506107d0:   00007fff506107e0 00007fff8545445c
0x00007fff506107e0:   00007fff50610b40 00007fff85344634
0x00007fff506107f0:   00007fff50610840 0000000000000a00
0x00007fff50610800:   00007fff74c7ded0 00007f8c93731af0
0x00007fff50610810:   0000000000001001 0000000000000900
0x00007fff50610820:   00007f8c93731af0 00007f8c93601a30
0x00007fff50610830:   0000000000000000 00007fff50610910
0x00007fff50610840:   0000000000000000 00007f8c936019f0
0x00007fff50610850:   00007fff50610990 0000000000000060
0x00007fff50610860:   00000000000f437b 00007f8c95917110
0x00007fff50610870:   00007f8c95a39ce0 00007f8c935322c0
0x00007fff50610880:   0000000000000001 00000000000f426a
0x00007fff50610890:   00007f8c935322b0 00007fff94579b90
0x00007fff506108a0:   0000000000000001 0000000000000001
0x00007fff506108b0:   0000000000000030 0000000000000001
0x00007fff506108c0:   00007fff506108e0 00007fff9457a546
0x00007fff506108d0:   00007fff74c7bfb0 0000000000000000
0x00007fff506108e0:   00007fff50610900 0000000000000000
0x00007fff506108f0:   0005610394577dd2 00007f8c935322e4
0x00007fff50610900:   0000000000000000 00007fff8533a10f
0x00007fff50610910:   00007f8c93601a30 00007fff74c7bfb0
0x00007fff50610920:   00007fff506109a0 0000000000000001
0x00007fff50610930:   00007fff50610970 00007fff94577dd2
0x00007fff50610940:   000000010f60aa00 0000000000000002
0x00007fff50610950:   000000010f607000 00007f8c959095e2
0x00007fff50610960:   0000000000000003 000000010f60b400
0x00007fff50610970:   00007fff50610a60 00007fff94576b36
0x00007fff50610980:   00007f8c95a39960 00007fff50610b48
0x00007fff50610990:   0000000000000017 0000000000000000
0x00007fff506109a0:   00000000000f426a 00007fff8533a403
0x00007fff506109b0:   00007fff00000000 00007f8c95a3f8a0 

Instructions: (pc=0x000000013066558d)
0x000000013066556d:   89 df 4c 89 f1 41 ff 90 68 04 00 00 48 8d 05 48
0x000000013066557d:   25 03 00 48 8b 30 48 8d 05 36 26 03 00 48 8b 10
0x000000013066558d:   48 8b 0b 30 c0 48 89 df ff 91 68 04 00 00 48 8b
0x000000013066559d:   03 48 89 df ff 50 78 48 85 c0 74 36 49 89 c6 48 

Register to memory mapping:

RAX=0x0000000130697bc0: jScreenNotifySettingsChanged+0 in /Library/Java/JavaVirtualMachines/jdk1.8.0_45.jdk/Contents/Home/jre/lib/libglass.dylib at 0x0000000130650000
RBX=0x0000000000000000 is an unknown value
RCX=0xd000ff4357fc3777 is an unknown value
RDX=0x00007f8c95b76770 is an unknown value
RSP=0x00007fff506107c0 is an unknown value
RBP=0x00007fff506107d0 is an unknown value
RSI=0x00007f8c95b03b48 is a global jni handle
RDI=0x0000000000000000 is an unknown value
R8 =0x00007fff50610670 is an unknown value
R9 =0x00007fff751cd300: _thread+0 in /usr/lib/system/libsystem_pthread.dylib at 0x00007fff8868c000
R10=0x0000000000000000 is an unknown value
R11=0x0000000000000246 is an unknown value
R12=0x00007f8c935322c0 is an unknown value
R13=0x00000000000f426a is an unknown value
R14=0x00007f8c93601a30 is an unknown value
R15=0x00007fff50610910 is an unknown value


Stack: [0x00007fff4fe14000,0x00007fff50614000],  sp=0x00007fff506107c0,  free space=8177k
Native frames: (J=compiled Java code, j=interpreted, Vv=VM code, C=native code)
C  [libglass.dylib+0x1558d]  GlassScreenDidChangeScreenParameters+0x9d
C  [CoreFoundation+0x12045c]  __CFNOTIFICATIONCENTER_IS_CALLING_OUT_TO_AN_OBSERVER__+0xc
C  [CoreFoundation+0x10634]  _CFXNotificationPost+0xc44
C  [Foundation+0x7aa1]  -[NSNotificationCenter postNotificationName:object:userInfo:]+0x42
C  [AppKit+0x40de7e]  -[NSApplication _reactToScreenInvalidationImmediately:]+0x17b
C  [AppKit+0x40dcc7]  __44-[NSApplication _reactToScreenInvalidation:]_block_invoke+0x4b
C  [CoreFoundation+0x808ec]  __CFRUNLOOP_IS_CALLING_OUT_TO_A_BLOCK__+0xc
C  [CoreFoundation+0x729f5]  __CFRunLoopDoBlocks+0x155
C  [CoreFoundation+0x72536]  __CFRunLoopRun+0x716
C  [CoreFoundation+0x71bd8]  CFRunLoopRunSpecific+0x128
C  [java+0x6490]  CreateExecutionEnvironment+0x367
C  [java+0x221c]  JLI_Launch+0x7a0
C  [java+0x84ed]  main+0x65
C  [java+0x1a74]  start+0x34


---------------  P R O C E S S  ---------------

VM state:not at safepoint (normal execution)

VM Mutex/Monitor currently owned by a thread: None

Heap:
 PSYoungGen      total 76288K, used 36425K [0x000000076ab00000, 0x0000000770000000, 0x00000007c0000000)
  eden space 65536K, 39% used [0x000000076ab00000,0x000000076c414200,0x000000076eb00000)
  from space 10752K, 99% used [0x000000076eb00000,0x000000076f57e308,0x000000076f580000)
  to   space 10752K, 0% used [0x000000076f580000,0x000000076f580000,0x0000000770000000)
 ParOldGen       total 175104K, used 11137K [0x00000006c0000000, 0x00000006cab00000, 0x000000076ab00000)
  object space 175104K, 6% used [0x00000006c0000000,0x00000006c0ae0630,0x00000006cab00000)
 Metaspace       used 18799K, capacity 19966K, committed 20224K, reserved 1067008K
  class space    used 2758K, capacity 2980K, committed 3072K, reserved 1048576K

Card table byte_map: [0x0000000120c2c000,0x000000012142d000] byte_map_base: 0x000000011d62c000

Marking Bits: (ParMarkBitMap*) 0x00000001110c27a0
 Begin Bits: [0x000000012219b000, 0x000000012619b000)
 End Bits:   [0x000000012619b000, 0x000000012a19b000)

Polling page: 0x000000010f745000

CodeCache: size=245760Kb used=8193Kb max_used=8193Kb free=237566Kb
 bounds [0x000000011186c000, 0x000000011207c000, 0x000000012086c000]
 total_blobs=3240 nmethods=2578 adapters=574
 compilation: enabled

Compilation events (10 events):
Event: 61.556 Thread 0x00007f8c9781f000 2576       1       com.sun.javafx.geom.transform.Affine3D::getMzt (5 bytes)
Event: 61.556 Thread 0x00007f8c9781f000 nmethod 2576 0x000000011206dc90 code [0x000000011206dde0, 0x000000011206def0]
Event: 61.556 Thread 0x00007f8c9781f000 2570       3       com.sun.javafx.font.PrismFont::equals (52 bytes)
Event: 61.557 Thread 0x00007f8c9781f000 nmethod 2570 0x000000011206df50 code [0x000000011206e0e0, 0x000000011206e628]
Event: 61.557 Thread 0x00007f8c9781f000 2569       3       java.util.WeakHashMap$HashIterator::<init> (41 bytes)
Event: 61.557 Thread 0x00007f8c9781f000 nmethod 2569 0x000000011206e750 code [0x000000011206e8e0, 0x000000011206edc8]
Event: 61.557 Thread 0x00007f8c9781f000 2577       3       com.sun.prism.impl.VertexBuffer::setPerVertexColor (63 bytes)
Event: 61.557 Thread 0x00007f8c9781f000 nmethod 2577 0x000000011206ef50 code [0x000000011206f120, 0x000000011206f6d0]
Event: 63.594 Thread 0x00007f8c9781f000 2579       3       java.lang.Class::copyConstructors (38 bytes)
Event: 63.594 Thread 0x00007f8c9781f000 nmethod 2579 0x000000011206fbd0 code [0x000000011206fde0, 0x00000001120708c8]

GC Heap History (2 events):
Event: 6.901 GC heap before
{Heap before GC invocations=1 (full 0):
 PSYoungGen      total 76288K, used 65536K [0x000000076ab00000, 0x0000000770000000, 0x00000007c0000000)
  eden space 65536K, 100% used [0x000000076ab00000,0x000000076eb00000,0x000000076eb00000)
  from space 10752K, 0% used [0x000000076f580000,0x000000076f580000,0x0000000770000000)
  to   space 10752K, 0% used [0x000000076eb00000,0x000000076eb00000,0x000000076f580000)
 ParOldGen       total 175104K, used 0K [0x00000006c0000000, 0x00000006cab00000, 0x000000076ab00000)
  object space 175104K, 0% used [0x00000006c0000000,0x00000006c0000000,0x00000006cab00000)
 Metaspace       used 16739K, capacity 17520K, committed 17792K, reserved 1064960K
  class space    used 2420K, capacity 2609K, committed 2688K, reserved 1048576K
Event: 6.914 GC heap after
Heap after GC invocations=1 (full 0):
 PSYoungGen      total 76288K, used 10744K [0x000000076ab00000, 0x0000000770000000, 0x00000007c0000000)
  eden space 65536K, 0% used [0x000000076ab00000,0x000000076ab00000,0x000000076eb00000)
  from space 10752K, 99% used [0x000000076eb00000,0x000000076f57e308,0x000000076f580000)
  to   space 10752K, 0% used [0x000000076f580000,0x000000076f580000,0x0000000770000000)
 ParOldGen       total 175104K, used 11137K [0x00000006c0000000, 0x00000006cab00000, 0x000000076ab00000)
  object space 175104K, 6% used [0x00000006c0000000,0x00000006c0ae0630,0x00000006cab00000)
 Metaspace       used 16739K, capacity 17520K, committed 17792K, reserved 1064960K
  class space    used 2420K, capacity 2609K, committed 2688K, reserved 1048576K
}

Deoptimization events (10 events):
Event: 6.969 Thread 0x00007f8c978bf000 Uncommon trap: reason=bimorphic action=maybe_recompile pc=0x0000000111d04f10 method=com.sun.javafx.css.SimpleSelector.applies(Ljavafx/css/Styleable;)Z @ 95
Event: 6.990 Thread 0x00007f8c978bf000 Uncommon trap: reason=bimorphic action=maybe_recompile pc=0x0000000111d04f10 method=com.sun.javafx.css.SimpleSelector.applies(Ljavafx/css/Styleable;)Z @ 95
Event: 7.003 Thread 0x00007f8c978bf000 Uncommon trap: reason=bimorphic action=maybe_recompile pc=0x0000000111d04f10 method=com.sun.javafx.css.SimpleSelector.applies(Ljavafx/css/Styleable;)Z @ 95
Event: 7.005 Thread 0x00007f8c978bf000 Uncommon trap: reason=unstable_if action=reinterpret pc=0x0000000111d7798c method=javafx.scene.CssStyleHelper.lookup(Ljavafx/css/Styleable;Ljavafx/css/CssMetaData;Lcom/sun/javafx/css/StyleMap;Ljava/util/Set;Ljavafx/css/Styleable;Lcom/sun/javafx/css/Calcul
Event: 7.005 Thread 0x00007f8c978bf000 Uncommon trap: reason=class_check action=maybe_recompile pc=0x0000000111d77ad8 method=javafx.scene.CssStyleHelper.lookup(Ljavafx/css/Styleable;Ljavafx/css/CssMetaData;Lcom/sun/javafx/css/StyleMap;Ljava/util/Set;Ljavafx/css/Styleable;Lcom/sun/javafx/css/Ca
Event: 11.134 Thread 0x00007f8c978bf000 Uncommon trap: reason=unstable_if action=reinterpret pc=0x0000000111d624fc method=com.sun.javafx.css.CompoundSelector.applies(Ljavafx/css/Styleable;I[Ljava/util/Set;I)Z @ 125
Event: 11.134 Thread 0x00007f8c978bf000 Uncommon trap: reason=array_check action=maybe_recompile pc=0x0000000111d9ad64 method=com.sun.javafx.css.CompoundSelector.applies(Ljavafx/css/Styleable;[Ljava/util/Set;I)Z @ 128
Event: 11.144 Thread 0x00007f8c978bf000 Uncommon trap: reason=unstable_if action=reinterpret pc=0x0000000111f9bb7c method=com.sun.javafx.css.ParsedValueImpl.containsFontRelativeSize(Ljavafx/css/ParsedValue;Z)Z @ 56
Event: 11.144 Thread 0x00007f8c978bf000 Uncommon trap: reason=class_check action=maybe_recompile pc=0x0000000111fa8eec method=com.sun.javafx.css.ParsedValueImpl.hashCode()I @ 226
Event: 11.153 Thread 0x00007f8c978bf000 Uncommon trap: reason=class_check action=maybe_recompile pc=0x0000000111fa8eec method=com.sun.javafx.css.ParsedValueImpl.hashCode()I @ 226

Internal exceptions (10 events):
Event: 0.536 Thread 0x00007f8c978bf000 Exception <a 'java/lang/NullPointerException'> (0x000000076bd60180) thrown at [/Users/java_re/workspace/8-2-build-macosx-x86_64/jdk8u45/3457/hotspot/src/share/vm/prims/jvm.cpp, line 1386]
Event: 0.580 Thread 0x00007f8c978bf000 Exception <a 'java/lang/ArrayIndexOutOfBoundsException': 78> (0x000000076bf4c280) thrown at [/Users/java_re/workspace/8-2-build-macosx-x86_64/jdk8u45/3457/hotspot/src/share/vm/interpreter/interpreterRuntime.cpp, line 366]
Event: 0.580 Thread 0x00007f8c978bf000 Exception <a 'java/lang/ArrayIndexOutOfBoundsException': 18> (0x000000076bf4d0a8) thrown at [/Users/java_re/workspace/8-2-build-macosx-x86_64/jdk8u45/3457/hotspot/src/share/vm/interpreter/interpreterRuntime.cpp, line 366]
Event: 0.580 Thread 0x00007f8c978bf000 Exception <a 'java/lang/ArrayIndexOutOfBoundsException': 86> (0x000000076bf4e3a0) thrown at [/Users/java_re/workspace/8-2-build-macosx-x86_64/jdk8u45/3457/hotspot/src/share/vm/interpreter/interpreterRuntime.cpp, line 366]
Event: 0.589 Thread 0x00007f8c978bf000 Exception <a 'java/lang/ArrayIndexOutOfBoundsException'> (0x000000076bfdfbd8) thrown at [/Users/java_re/workspace/8-2-build-macosx-x86_64/jdk8u45/3457/hotspot/src/share/vm/runtime/sharedRuntime.cpp, line 605]
Event: 0.600 Thread 0x00007f8c978bf000 Exception <a 'java/lang/ArrayIndexOutOfBoundsException'> (0x000000076c0897a0) thrown at [/Users/java_re/workspace/8-2-build-macosx-x86_64/jdk8u45/3457/hotspot/src/share/vm/runtime/sharedRuntime.cpp, line 605]
Event: 0.708 Thread 0x00007f8c978bf000 Implicit null exception at 0x0000000111b111b5 to 0x0000000111b113bd
Event: 11.088 Thread 0x00007f8c978bf000 Exception <a 'java/lang/ArrayIndexOutOfBoundsException'> (0x000000076bed6498) thrown at [/Users/java_re/workspace/8-2-build-macosx-x86_64/jdk8u45/3457/hotspot/src/share/vm/runtime/sharedRuntime.cpp, line 605]
Event: 11.089 Thread 0x00007f8c978bf000 Exception <a 'java/lang/ArrayIndexOutOfBoundsException'> (0x000000076bed7578) thrown at [/Users/java_re/workspace/8-2-build-macosx-x86_64/jdk8u45/3457/hotspot/src/share/vm/runtime/sharedRuntime.cpp, line 605]
Event: 11.089 Thread 0x00007f8c978bf000 Exception <a 'java/lang/ArrayIndexOutOfBoundsException'> (0x000000076bed8ec8) thrown at [/Users/java_re/workspace/8-2-build-macosx-x86_64/jdk8u45/3457/hotspot/src/share/vm/runtime/sharedRuntime.cpp, line 605]

Events (10 events):
Event: 63.592 loading class javafx/application/Application done
Event: 63.595 loading class com/sun/javafx/tk/quantum/QuantumRenderer
Event: 63.595 loading class com/sun/javafx/tk/quantum/QuantumRenderer done
Event: 63.596 loading class com/sun/javafx/tk/quantum/QuantumToolkit
Event: 63.596 loading class com/sun/javafx/tk/quantum/QuantumToolkit done
Event: 63.596 Thread 0x00007f8c9385c000 Thread exited: 0x00007f8c9385c000
Event: 63.596 Thread 0x00007f8c93895800 Thread exited: 0x00007f8c93895800
Event: 63.596 Thread 0x00007f8c95002000 Thread exited: 0x00007f8c95002000
Event: 63.596 Thread 0x00007f8c960d3800 Thread added: 0x00007f8c960d3800
Event: 63.596 Thread 0x00007f8c978bf000 Thread exited: 0x00007f8c978bf000


Dynamic libraries:
0x0000000004ac6000 	/System/Library/Frameworks/Cocoa.framework/Versions/A/Cocoa
0x0000000004ac6000 	/System/Library/Frameworks/Security.framework/Versions/A/Security
0x0000000004ac6000 	/System/Library/Frameworks/ApplicationServices.framework/Versions/A/ApplicationServices
0x0000000004ac6000 	/usr/lib/libz.1.dylib
0x0000000004ac6000 	/usr/lib/libSystem.B.dylib
0x0000000004ac6000 	/usr/lib/libobjc.A.dylib
0x0000000004ac6000 	/System/Library/Frameworks/CoreFoundation.framework/Versions/A/CoreFoundation
0x0000000004ac6000 	/System/Library/Frameworks/Foundation.framework/Versions/C/Foundation
0x0000000004ac6000 	/System/Library/Frameworks/AppKit.framework/Versions/C/AppKit
0x0000000004ac6000 	/System/Library/Frameworks/CoreData.framework/Versions/A/CoreData
0x0000000004ac6000 	/System/Library/PrivateFrameworks/RemoteViewServices.framework/Versions/A/RemoteViewServices
0x0000000004ac6000 	/System/Library/PrivateFrameworks/UIFoundation.framework/Versions/A/UIFoundation
0x0000000004ac6000 	/System/Library/Frameworks/IOSurface.framework/Versions/A/IOSurface
0x0000000004ac6000 	/System/Library/Frameworks/AudioToolbox.framework/Versions/A/AudioToolbox
0x0000000004ac6000 	/System/Library/Frameworks/AudioUnit.framework/Versions/A/AudioUnit
0x0000000004ac6000 	/System/Library/PrivateFrameworks/DataDetectorsCore.framework/Versions/A/DataDetectorsCore
0x0000000004ac6000 	/System/Library/PrivateFrameworks/DesktopServicesPriv.framework/Versions/A/DesktopServicesPriv
0x0000000004ac6000 	/System/Library/Frameworks/Carbon.framework/Versions/A/Frameworks/HIToolbox.framework/Versions/A/HIToolbox
0x0000000004ac6000 	/System/Library/Frameworks/QuartzCore.framework/Versions/A/QuartzCore
0x0000000004ac6000 	/System/Library/Frameworks/Carbon.framework/Versions/A/Frameworks/SpeechRecognition.framework/Versions/A/SpeechRecognition
0x0000000004ac6000 	/usr/lib/libauto.dylib
0x0000000004ac6000 	/usr/lib/libicucore.A.dylib
0x0000000004ac6000 	/usr/lib/libxml2.2.dylib
0x0000000004ac6000 	/System/Library/PrivateFrameworks/CoreUI.framework/Versions/A/CoreUI
0x0000000004ac6000 	/System/Library/Frameworks/CoreAudio.framework/Versions/A/CoreAudio
0x0000000004ac6000 	/System/Library/Frameworks/DiskArbitration.framework/Versions/A/DiskArbitration
0x0000000004ac6000 	/usr/lib/liblangid.dylib
0x0000000004ac6000 	/System/Library/PrivateFrameworks/MultitouchSupport.framework/Versions/A/MultitouchSupport
0x0000000004ac6000 	/System/Library/Frameworks/IOKit.framework/Versions/A/IOKit
0x0000000004ac6000 	/usr/lib/libDiagnosticMessagesClient.dylib
0x0000000004ac6000 	/System/Library/Frameworks/CoreServices.framework/Versions/A/CoreServices
0x0000000004ac6000 	/System/Library/PrivateFrameworks/PerformanceAnalysis.framework/Versions/A/PerformanceAnalysis
0x0000000004ac6000 	/System/Library/PrivateFrameworks/GenerationalStorage.framework/Versions/A/GenerationalStorage
0x0000000004ac6000 	/System/Library/Frameworks/OpenGL.framework/Versions/A/OpenGL
0x0000000004ac6000 	/System/Library/PrivateFrameworks/Sharing.framework/Versions/A/Sharing
0x0000000004ac6000 	/System/Library/Frameworks/CoreGraphics.framework/Versions/A/CoreGraphics
0x0000000004ac6000 	/System/Library/Frameworks/CoreText.framework/Versions/A/CoreText
0x0000000004ac6000 	/System/Library/Frameworks/ImageIO.framework/Versions/A/ImageIO
0x0000000004ac6000 	/usr/lib/libextension.dylib
0x0000000004ac6000 	/System/Library/PrivateFrameworks/Backup.framework/Versions/A/Backup
0x0000000004ac6000 	/usr/lib/libarchive.2.dylib
0x0000000004ac6000 	/System/Library/Frameworks/CFNetwork.framework/Versions/A/CFNetwork
0x0000000004ac6000 	/System/Library/Frameworks/SystemConfiguration.framework/Versions/A/SystemConfiguration
0x0000000004ac6000 	/usr/lib/libCRFSuite.dylib
0x0000000004ac6000 	/usr/lib/libc++.1.dylib
0x0000000004ac6000 	/usr/lib/libc++abi.dylib
0x0000000004ac6000 	/usr/lib/system/libcache.dylib
0x0000000004ac6000 	/usr/lib/system/libcommonCrypto.dylib
0x0000000004ac6000 	/usr/lib/system/libcompiler_rt.dylib
0x0000000004ac6000 	/usr/lib/system/libcopyfile.dylib
0x0000000004ac6000 	/usr/lib/system/libcorecrypto.dylib
0x0000000004ac6000 	/usr/lib/system/libdispatch.dylib
0x0000000004ac6000 	/usr/lib/system/libdyld.dylib
0x0000000004ac6000 	/usr/lib/system/libkeymgr.dylib
0x0000000004ac6000 	/usr/lib/system/liblaunch.dylib
0x0000000004ac6000 	/usr/lib/system/libmacho.dylib
0x0000000004ac6000 	/usr/lib/system/libquarantine.dylib
0x0000000004ac6000 	/usr/lib/system/libremovefile.dylib
0x0000000004ac6000 	/usr/lib/system/libsystem_asl.dylib
0x0000000004ac6000 	/usr/lib/system/libsystem_blocks.dylib
0x0000000004ac6000 	/usr/lib/system/libsystem_c.dylib
0x0000000004ac6000 	/usr/lib/system/libsystem_configuration.dylib
0x0000000004ac6000 	/usr/lib/system/libsystem_coreservices.dylib
0x0000000004ac6000 	/usr/lib/system/libsystem_coretls.dylib
0x0000000004ac6000 	/usr/lib/system/libsystem_dnssd.dylib
0x0000000004ac6000 	/usr/lib/system/libsystem_info.dylib
0x0000000004ac6000 	/usr/lib/system/libsystem_kernel.dylib
0x0000000004ac6000 	/usr/lib/system/libsystem_m.dylib
0x0000000004ac6000 	/usr/lib/system/libsystem_malloc.dylib
0x0000000004ac6000 	/usr/lib/system/libsystem_network.dylib
0x0000000004ac6000 	/usr/lib/system/libsystem_networkextension.dylib
0x0000000004ac6000 	/usr/lib/system/libsystem_notify.dylib
0x0000000004ac6000 	/usr/lib/system/libsystem_platform.dylib
0x0000000004ac6000 	/usr/lib/system/libsystem_pthread.dylib
0x0000000004ac6000 	/usr/lib/system/libsystem_sandbox.dylib
0x0000000004ac6000 	/usr/lib/system/libsystem_secinit.dylib
0x0000000004ac6000 	/usr/lib/system/libsystem_stats.dylib
0x0000000004ac6000 	/usr/lib/system/libsystem_trace.dylib
0x0000000004ac6000 	/usr/lib/system/libunc.dylib
0x0000000004ac6000 	/usr/lib/system/libunwind.dylib
0x0000000004ac6000 	/usr/lib/system/libxpc.dylib
0x0000000004ac6000 	/usr/lib/libbz2.1.0.dylib
0x0000000004ac6000 	/usr/lib/liblzma.5.dylib
0x0000000004ac6000 	/usr/lib/libbsm.0.dylib
0x0000000004ac6000 	/usr/lib/libsqlite3.dylib
0x0000000004ac6000 	/usr/lib/system/libkxld.dylib
0x0000000004ac6000 	/usr/lib/libxar.1.dylib
0x0000000004ac6000 	/usr/lib/libpam.2.dylib
0x0000000004ac6000 	/usr/lib/libOpenScriptingUtil.dylib
0x0000000004ac6000 	/System/Library/Frameworks/CoreServices.framework/Versions/A/Frameworks/FSEvents.framework/Versions/A/FSEvents
0x0000000004ac6000 	/System/Library/Frameworks/CoreServices.framework/Versions/A/Frameworks/CarbonCore.framework/Versions/A/CarbonCore
0x0000000004ac6000 	/System/Library/Frameworks/CoreServices.framework/Versions/A/Frameworks/Metadata.framework/Versions/A/Metadata
0x0000000004ac6000 	/System/Library/Frameworks/CoreServices.framework/Versions/A/Frameworks/OSServices.framework/Versions/A/OSServices
0x0000000004ac6000 	/System/Library/Frameworks/CoreServices.framework/Versions/A/Frameworks/SearchKit.framework/Versions/A/SearchKit
0x0000000004ac6000 	/System/Library/Frameworks/CoreServices.framework/Versions/A/Frameworks/AE.framework/Versions/A/AE
0x0000000004ac6000 	/System/Library/Frameworks/CoreServices.framework/Versions/A/Frameworks/LaunchServices.framework/Versions/A/LaunchServices
0x0000000004ac6000 	/System/Library/Frameworks/CoreServices.framework/Versions/A/Frameworks/DictionaryServices.framework/Versions/A/DictionaryServices
0x0000000004ac6000 	/System/Library/Frameworks/NetFS.framework/Versions/A/NetFS
0x0000000004ac6000 	/System/Library/PrivateFrameworks/NetAuth.framework/Versions/A/NetAuth
0x0000000004ac6000 	/System/Library/PrivateFrameworks/login.framework/Versions/A/Frameworks/loginsupport.framework/Versions/A/loginsupport
0x0000000004ac6000 	/System/Library/PrivateFrameworks/TCC.framework/Versions/A/TCC
0x0000000004ac6000 	/usr/lib/libmecabra.dylib
0x0000000004ac6000 	/System/Library/Frameworks/ApplicationServices.framework/Versions/A/Frameworks/ATS.framework/Versions/A/ATS
0x0000000004ac6000 	/System/Library/Frameworks/ApplicationServices.framework/Versions/A/Frameworks/ColorSync.framework/Versions/A/ColorSync
0x0000000004ac6000 	/System/Library/Frameworks/ApplicationServices.framework/Versions/A/Frameworks/HIServices.framework/Versions/A/HIServices
0x0000000004ac6000 	/System/Library/Frameworks/ApplicationServices.framework/Versions/A/Frameworks/LangAnalysis.framework/Versions/A/LangAnalysis
0x0000000004ac6000 	/System/Library/Frameworks/ApplicationServices.framework/Versions/A/Frameworks/PrintCore.framework/Versions/A/PrintCore
0x0000000004ac6000 	/System/Library/Frameworks/ApplicationServices.framework/Versions/A/Frameworks/QD.framework/Versions/A/QD
0x0000000004ac6000 	/System/Library/Frameworks/ApplicationServices.framework/Versions/A/Frameworks/SpeechSynthesis.framework/Versions/A/SpeechSynthesis
0x0000000004ac6000 	/System/Library/Frameworks/Accelerate.framework/Versions/A/Accelerate
0x0000000004ac6000 	/System/Library/Frameworks/Accelerate.framework/Versions/A/Frameworks/vImage.framework/Versions/A/vImage
0x0000000004ac6000 	/System/Library/Frameworks/Accelerate.framework/Versions/A/Frameworks/vecLib.framework/Versions/A/vecLib
0x0000000004ac6000 	/System/Library/Frameworks/Accelerate.framework/Versions/A/Frameworks/vecLib.framework/Versions/A/libvDSP.dylib
0x0000000004ac6000 	/System/Library/Frameworks/Accelerate.framework/Versions/A/Frameworks/vecLib.framework/Versions/A/libvMisc.dylib
0x0000000004ac6000 	/System/Library/Frameworks/Accelerate.framework/Versions/A/Frameworks/vecLib.framework/Versions/A/libLAPACK.dylib
0x0000000004ac6000 	/System/Library/Frameworks/Accelerate.framework/Versions/A/Frameworks/vecLib.framework/Versions/A/libBLAS.dylib
0x0000000004ac6000 	/System/Library/Frameworks/Accelerate.framework/Versions/A/Frameworks/vecLib.framework/Versions/A/libLinearAlgebra.dylib
0x0000000004ac6000 	/System/Library/Frameworks/ApplicationServices.framework/Versions/A/Frameworks/ATS.framework/Versions/A/Resources/libFontParser.dylib
0x0000000004ac6000 	/System/Library/Frameworks/ApplicationServices.framework/Versions/A/Frameworks/ATS.framework/Versions/A/Resources/libFontRegistry.dylib
0x0000000004ac6000 	/System/Library/PrivateFrameworks/AppleVPA.framework/Versions/A/AppleVPA
0x0000000004ac6000 	/System/Library/PrivateFrameworks/AppleJPEG.framework/Versions/A/AppleJPEG
0x0000000004ac6000 	/System/Library/Frameworks/ImageIO.framework/Versions/A/Resources/libJPEG.dylib
0x0000000004ac6000 	/System/Library/Frameworks/ImageIO.framework/Versions/A/Resources/libTIFF.dylib
0x0000000004ac6000 	/System/Library/Frameworks/ImageIO.framework/Versions/A/Resources/libPng.dylib
0x0000000004ac6000 	/System/Library/Frameworks/ImageIO.framework/Versions/A/Resources/libGIF.dylib
0x0000000004ac6000 	/System/Library/Frameworks/ImageIO.framework/Versions/A/Resources/libJP2.dylib
0x0000000004ac6000 	/System/Library/Frameworks/ImageIO.framework/Versions/A/Resources/libRadiance.dylib
0x0000000004ac6000 	/System/Library/Frameworks/CoreVideo.framework/Versions/A/CoreVideo
0x0000000004ac6000 	/System/Library/Frameworks/OpenGL.framework/Versions/A/Libraries/libGLU.dylib
0x0000000004ac6000 	/System/Library/Frameworks/OpenGL.framework/Versions/A/Libraries/libGFXShared.dylib
0x0000000004ac6000 	/System/Library/Frameworks/OpenGL.framework/Versions/A/Libraries/libGL.dylib
0x0000000004ac6000 	/System/Library/Frameworks/OpenGL.framework/Versions/A/Libraries/libGLImage.dylib
0x0000000004ac6000 	/System/Library/Frameworks/OpenGL.framework/Versions/A/Libraries/libCVMSPluginSupport.dylib
0x0000000004ac6000 	/System/Library/Frameworks/OpenGL.framework/Versions/A/Libraries/libCoreVMClient.dylib
0x0000000004ac6000 	/usr/lib/libcups.2.dylib
0x0000000004ac6000 	/System/Library/Frameworks/Kerberos.framework/Versions/A/Kerberos
0x0000000004ac6000 	/System/Library/Frameworks/GSS.framework/Versions/A/GSS
0x0000000004ac6000 	/usr/lib/libresolv.9.dylib
0x0000000004ac6000 	/usr/lib/libiconv.2.dylib
0x0000000004ac6000 	/System/Library/PrivateFrameworks/Heimdal.framework/Versions/A/Heimdal
0x0000000004ac6000 	/usr/lib/libheimdal-asn1.dylib
0x0000000004ac6000 	/System/Library/Frameworks/OpenDirectory.framework/Versions/A/OpenDirectory
0x0000000004ac6000 	/System/Library/PrivateFrameworks/CommonAuth.framework/Versions/A/CommonAuth
0x0000000004ac6000 	/System/Library/Frameworks/OpenDirectory.framework/Versions/A/Frameworks/CFOpenDirectory.framework/Versions/A/CFOpenDirectory
0x0000000004ac6000 	/System/Library/Frameworks/SecurityFoundation.framework/Versions/A/SecurityFoundation
0x0000000004ac6000 	/System/Library/PrivateFrameworks/LanguageModeling.framework/Versions/A/LanguageModeling
0x0000000004ac6000 	/usr/lib/libcmph.dylib
0x0000000004ac6000 	/System/Library/Frameworks/ServiceManagement.framework/Versions/A/ServiceManagement
0x0000000004ac6000 	/usr/lib/libxslt.1.dylib
0x0000000004ac6000 	/System/Library/Frameworks/Carbon.framework/Versions/A/Frameworks/Ink.framework/Versions/A/Ink
0x0000000004ac6000 	/System/Library/Frameworks/QuartzCore.framework/Versions/A/Frameworks/CoreImage.framework/Versions/A/CoreImage
0x0000000004ac6000 	/System/Library/PrivateFrameworks/CrashReporterSupport.framework/Versions/A/CrashReporterSupport
0x0000000004ac6000 	/System/Library/Frameworks/OpenCL.framework/Versions/A/OpenCL
0x0000000004ac6000 	/System/Library/PrivateFrameworks/FaceCore.framework/Versions/A/FaceCore
0x0000000004ac6000 	/System/Library/PrivateFrameworks/Ubiquity.framework/Versions/A/Ubiquity
0x0000000004ac6000 	/System/Library/PrivateFrameworks/IconServices.framework/Versions/A/IconServices
0x0000000004ac6000 	/System/Library/PrivateFrameworks/ChunkingLibrary.framework/Versions/A/ChunkingLibrary
0x0000000004ac6000 	/System/Library/PrivateFrameworks/Apple80211.framework/Versions/A/Apple80211
0x0000000004ac6000 	/System/Library/Frameworks/CoreWLAN.framework/Versions/A/CoreWLAN
0x0000000004ac6000 	/System/Library/Frameworks/IOBluetooth.framework/Versions/A/IOBluetooth
0x0000000004ac6000 	/System/Library/PrivateFrameworks/CoreWiFi.framework/Versions/A/CoreWiFi
0x0000000004ac6000 	/System/Library/Frameworks/CoreBluetooth.framework/Versions/A/CoreBluetooth
0x0000000004ac6000 	/System/Library/PrivateFrameworks/DebugSymbols.framework/Versions/A/DebugSymbols
0x0000000004ac6000 	/System/Library/PrivateFrameworks/CoreSymbolication.framework/Versions/A/CoreSymbolication
0x0000000004ac6000 	/System/Library/PrivateFrameworks/Symbolication.framework/Versions/A/Symbolication
0x0000000004ac6000 	/System/Library/PrivateFrameworks/SpeechRecognitionCore.framework/Versions/A/SpeechRecognitionCore
0x0000000110800000 	/Library/Java/JavaVirtualMachines/jdk1.8.0_45.jdk/Contents/Home/jre/lib/server/libjvm.dylib
0x0000000004ac6000 	/usr/lib/libstdc++.6.dylib
0x000000010f702000 	/Library/Java/JavaVirtualMachines/jdk1.8.0_45.jdk/Contents/Home/jre/lib/libverify.dylib
0x000000010f710000 	/Library/Java/JavaVirtualMachines/jdk1.8.0_45.jdk/Contents/Home/jre/lib/libjava.dylib
0x000000010f74f000 	/Library/Java/JavaVirtualMachines/jdk1.8.0_45.jdk/Contents/Home/jre/lib/libzip.dylib
0x000000012d3aa000 	/System/Library/Frameworks/JavaVM.framework/Frameworks/JavaRuntimeSupport.framework/JavaRuntimeSupport
0x000000012d3c0000 	/System/Library/Frameworks/JavaVM.framework/Versions/A/Frameworks/JavaNativeFoundation.framework/Versions/A/JavaNativeFoundation
0x000000010f7f1000 	/System/Library/Frameworks/JavaVM.framework/Versions/A/JavaVM
0x0000000004ac6000 	/System/Library/Frameworks/Carbon.framework/Versions/A/Carbon
0x000000012d3d4000 	/System/Library/PrivateFrameworks/JavaLaunching.framework/Versions/A/JavaLaunching
0x0000000004ac6000 	/System/Library/Frameworks/Carbon.framework/Versions/A/Frameworks/CommonPanels.framework/Versions/A/CommonPanels
0x0000000004ac6000 	/System/Library/Frameworks/Carbon.framework/Versions/A/Frameworks/Help.framework/Versions/A/Help
0x0000000004ac6000 	/System/Library/Frameworks/Carbon.framework/Versions/A/Frameworks/ImageCapture.framework/Versions/A/ImageCapture
0x0000000004ac6000 	/System/Library/Frameworks/Carbon.framework/Versions/A/Frameworks/OpenScripting.framework/Versions/A/OpenScripting
0x0000000004ac6000 	/System/Library/Frameworks/Carbon.framework/Versions/A/Frameworks/Print.framework/Versions/A/Print
0x0000000004ac6000 	/System/Library/Frameworks/Carbon.framework/Versions/A/Frameworks/SecurityHI.framework/Versions/A/SecurityHI
0x000000012f500000 	/Applications/IntelliJ IDEA 14 CE.app/Contents/bin/libbreakgen64.jnilib
0x000000012f69c000 	/Library/Java/JavaVirtualMachines/jdk1.8.0_45.jdk/Contents/Home/jre/lib/libnet.dylib
0x000000012f901000 	/Library/Java/JavaVirtualMachines/jdk1.8.0_45.jdk/Contents/Home/jre/lib/libprism_es2.dylib
0x0000000004ac6000 	/System/Library/Frameworks/OpenGL.framework/Versions/A/Resources/GLEngine.bundle/GLEngine
0x0000000004ac6000 	/System/Library/Frameworks/OpenGL.framework/Versions/A/Libraries/libGLProgrammability.dylib
0x000000012f983000 	/System/Library/Extensions/AppleIntelHD4000GraphicsGLDriver.bundle/Contents/MacOS/AppleIntelHD4000GraphicsGLDriver
0x0000000004ac6000 	/System/Library/PrivateFrameworks/IOAccelerator.framework/Versions/A/IOAccelerator
0x0000000004ac6000 	/System/Library/PrivateFrameworks/GPUSupport.framework/Versions/A/Libraries/libGPUSupportMercury.dylib
0x0000000000000000 	/System/Library/Extensions/GeForceGLDriver.bundle/Contents/MacOS/GeForceGLDriver
0x0000000004ac6000 	/System/Library/Extensions/GeForceGLDriver.bundle/Contents/MacOS/libclh.dylib
0x0000000004ac6000 	/System/Library/Frameworks/OpenGL.framework/Versions/A/Resources/GLRendererFloat.bundle/GLRendererFloat
0x0000000004ac6000 	/System/Library/Frameworks/OpenCL.framework/Versions/A/Libraries/libcldcpuengine.dylib
0x0000000004ac6000 	/System/Library/PrivateFrameworks/DiskImages.framework/Versions/A/DiskImages
0x0000000004ac6000 	/System/Library/Frameworks/DiscRecording.framework/Versions/A/DiscRecording
0x0000000004ac6000 	/usr/lib/libcsfde.dylib
0x0000000004ac6000 	/usr/lib/libcurl.4.dylib
0x0000000004ac6000 	/System/Library/PrivateFrameworks/MediaKit.framework/Versions/A/MediaKit
0x0000000004ac6000 	/System/Library/PrivateFrameworks/ProtectedCloudStorage.framework/Versions/A/ProtectedCloudStorage
0x0000000004ac6000 	/usr/lib/libCoreStorage.dylib
0x0000000004ac6000 	/System/Library/PrivateFrameworks/EFILogin.framework/Versions/A/EFILogin
0x0000000004ac6000 	/usr/lib/libutil.dylib
0x0000000004ac6000 	/System/Library/PrivateFrameworks/FindMyDevice.framework/Versions/A/FindMyDevice
0x0000000004ac6000 	/System/Library/Frameworks/LDAP.framework/Versions/A/LDAP
0x0000000004ac6000 	/usr/lib/libsasl2.2.dylib
0x0000000004ac6000 	/System/Library/PrivateFrameworks/CoreDaemon.framework/Versions/B/CoreDaemon
0x0000000004ac6000 	/usr/lib/libcrypto.0.9.8.dylib
0x0000000004ac6000 	/System/Library/PrivateFrameworks/AppleSRP.framework/Versions/A/AppleSRP
0x0000000004ac6000 	/System/Library/PrivateFrameworks/TrustEvaluationAgent.framework/Versions/A/TrustEvaluationAgent
0x0000000130650000 	/Library/Java/JavaVirtualMachines/jdk1.8.0_45.jdk/Contents/Home/jre/lib/libglass.dylib
0x0000000004ac6000 	/System/Library/PrivateFrameworks/CoreServicesInternal.framework/Versions/A/CoreServicesInternal
0x0000000004ac6000 	/System/Library/PrivateFrameworks/CloudDocs.framework/Versions/A/CloudDocs
0x0000000004ac6000 	/System/Library/PrivateFrameworks/CoreDuet.framework/Versions/A/CoreDuet
0x0000000004ac6000 	/System/Library/Frameworks/CloudKit.framework/Versions/A/CloudKit
0x0000000004ac6000 	/System/Library/PrivateFrameworks/ProtocolBuffer.framework/Versions/A/ProtocolBuffer
0x0000000004ac6000 	/System/Library/PrivateFrameworks/CoreDuetDaemonProtocol.framework/Versions/A/CoreDuetDaemonProtocol
0x0000000004ac6000 	/System/Library/PrivateFrameworks/CoreDuetDebugLogging.framework/Versions/A/CoreDuetDebugLogging
0x0000000004ac6000 	/System/Library/PrivateFrameworks/MMCS.framework/Versions/A/MMCS
0x0000000004ac6000 	/System/Library/Frameworks/CoreLocation.framework/Versions/A/CoreLocation
0x0000000004ac6000 	/System/Library/PrivateFrameworks/GeoServices.framework/Versions/A/GeoServices
0x0000000004ac6000 	/System/Library/Frameworks/CoreGraphics.framework/Versions/A/Resources/libCGCMS.A.dylib
0x0000000004ac6000 	/System/Library/CoreServices/RawCamera.bundle/Contents/MacOS/RawCamera
0x0000000004ac6000 	/System/Library/Frameworks/CoreGraphics.framework/Versions/A/Resources/libRIP.A.dylib
0x0000000004ac6000 	/System/Library/PrivateFrameworks/FamilyControls.framework/Versions/A/FamilyControls
0x0000000004ac6000 	/System/Library/PrivateFrameworks/CommerceKit.framework/Versions/A/Frameworks/CommerceCore.framework/Versions/A/CommerceCore
0x0000000004ac6000 	/System/Library/PrivateFrameworks/SystemAdministration.framework/Versions/A/SystemAdministration
0x0000000004ac6000 	/System/Library/PrivateFrameworks/AppContainer.framework/Versions/A/AppContainer
0x0000000004ac6000 	/System/Library/PrivateFrameworks/SecCodeWrapper.framework/Versions/A/SecCodeWrapper
0x0000000004ac6000 	/System/Library/Frameworks/DirectoryService.framework/Versions/A/DirectoryService
0x0000000004ac6000 	/System/Library/PrivateFrameworks/LoginUIKit.framework/Versions/A/Frameworks/LoginUICore.framework/Versions/A/LoginUICore
0x0000000004ac6000 	/usr/lib/libodfde.dylib
0x0000000134e0d000 	/Library/Java/JavaVirtualMachines/jdk1.8.0_45.jdk/Contents/Home/jre/lib/libjavafx_font.dylib
0x0000000004ac6000 	/System/Library/Frameworks/CoreGraphics.framework/Versions/A/Resources/libCGXType.A.dylib
0x0000000136ef6000 	cl_kernels
0x000000013a483000 	/System/Library/Frameworks/OpenCL.framework/Versions/A/Libraries/ImageFormats/unorm8_bgra.dylib
0x0000000136f0c000 	cl_kernels
0x0000000136f9f000 	/Library/Java/JavaVirtualMachines/jdk1.8.0_45.jdk/Contents/Home/jre/lib/libprism_common.dylib
0x00000001373ce000 	/Library/Java/JavaVirtualMachines/jdk1.8.0_45.jdk/Contents/Home/jre/lib/libjavafx_iio.dylib

VM Arguments:
jvm_args: -Didea.launcher.port=7533 -Didea.launcher.bin.path=/Applications/IntelliJ IDEA 14 CE.app/Contents/bin -Dfile.encoding=UTF-8 
java_command: com.intellij.rt.execution.application.AppMain sample.Main
java_class_path (initial): /Library/Java/JavaVirtualMachines/jdk1.8.0_45.jdk/Contents/Home/lib/ant-javafx.jar:/Library/Java/JavaVirtualMachines/jdk1.8.0_45.jdk/Contents/Home/lib/dt.jar:/Library/Java/JavaVirtualMachines/jdk1.8.0_45.jdk/Contents/Home/lib/javafx-mx.jar:/Library/Java/JavaVirtualMachines/jdk1.8.0_45.jdk/Contents/Home/lib/jconsole.jar:/Library/Java/JavaVirtualMachines/jdk1.8.0_45.jdk/Contents/Home/lib/packager.jar:/Library/Java/JavaVirtualMachines/jdk1.8.0_45.jdk/Contents/Home/lib/sa-jdi.jar:/Library/Java/JavaVirtualMachines/jdk1.8.0_45.jdk/Contents/Home/lib/tools.jar:/Library/Java/JavaVirtualMachines/jdk1.8.0_45.jdk/Contents/Home/jre/lib/charsets.jar:/Library/Java/JavaVirtualMachines/jdk1.8.0_45.jdk/Contents/Home/jre/lib/deploy.jar:/Library/Java/JavaVirtualMachines/jdk1.8.0_45.jdk/Contents/Home/jre/lib/javaws.jar:/Library/Java/JavaVirtualMachines/jdk1.8.0_45.jdk/Contents/Home/jre/lib/jce.jar:/Library/Java/JavaVirtualMachines/jdk1.8.0_45.jdk/Contents/Home/jre/lib/jfr.jar:/Library/Java/JavaVirtualMachines/jdk1.8.0_45.jdk/Contents/Home/jre/lib/jfxswt.jar:/Library/Java/JavaVirtualMachines/jdk1.8.0_45.jdk/Contents/Home/jre/lib/jsse.jar:/Library/Java/JavaVirtualMachines/jdk1.8.0_45.jdk/Contents/Home/jre/lib/management-agent.jar:/Library/Java/JavaVirtualMachines/jdk1.8.0_45.jdk/Contents/Home/jre/lib/plugin.jar:/Library/Java/JavaVirtualMachines/jdk1.8.0_45.jdk/Contents/Home/jre/lib/resources.jar:/Library/Java/JavaVirtualMachines/jdk1.8.0_45.jdk/Contents/Home/jre/lib/rt.jar:/Library/Java/JavaVirtualMachines/jdk1.8.0_45.jdk/Contents/Home/jre/lib/ext/cldrdata.jar:/Library/Java/JavaVirtualMachines/jdk1.8.0_45.jdk/Contents/Home/jre/lib/ext/dnsns.jar:/Library/Java/JavaVirtualMachines/jdk1.8.0_45.jdk/Contents/Home/jre/lib/ext/jfxrt.jar:/Library/Java/JavaVirtualMachines/jdk1.8.0_45.jdk/Contents/Home/jre/lib/ext/localedata.jar:/Library/Java/JavaVirtualMachines/jdk1.8.0_45.jdk/Contents/Home/jre/lib/ext/nashorn.jar:/Library/Java/JavaVirtualMachines/jdk1.8.0_45.jdk/Conten
Launcher Type: SUN_STANDARD

Environment Variables:
CLASSPATH=.:/Users/MacbookRetina/Desktop/OneDrive/Georgia Tech Classes/Fall 2015/cs 1332/hw1/junit-4.12.jar:/Users/MacbookRetina/Desktop/OneDrive/Georgia Tech Classes/Fall 2015/cs 1332/hw1/hamcrest-core-1.3.jar
PATH=/Library/Frameworks/Python.framework/Versions/2.7/bin:/usr/local/bin:/usr/bin:/bin:/usr/sbin:/sbin
SHELL=/bin/bash

Signal Handlers:
SIGSEGV: [libjvm.dylib+0x58ef95], sa_mask[0]=11111111011111110111111111111111, sa_flags=SA_ONSTACK|SA_RESTART|SA_SIGINFO
SIGBUS: [libjvm.dylib+0x58ef95], sa_mask[0]=11111111011111110111111111111111, sa_flags=SA_RESTART|SA_SIGINFO
SIGFPE: [libjvm.dylib+0x46c108], sa_mask[0]=11111111011111110111111111111111, sa_flags=SA_RESTART|SA_SIGINFO
SIGPIPE: [libjvm.dylib+0x46c108], sa_mask[0]=11111111011111110111111111111111, sa_flags=SA_RESTART|SA_SIGINFO
SIGXFSZ: [libjvm.dylib+0x46c108], sa_mask[0]=11111111011111110111111111111111, sa_flags=SA_RESTART|SA_SIGINFO
SIGILL: [libjvm.dylib+0x46c108], sa_mask[0]=11111111011111110111111111111111, sa_flags=SA_RESTART|SA_SIGINFO
SIGUSR1: SIG_DFL, sa_mask[0]=00000000000000000000000000000000, sa_flags=none
SIGUSR2: [libjvm.dylib+0x46bc26], sa_mask[0]=00100000000000000000000000000000, sa_flags=SA_RESTART|SA_SIGINFO
SIGHUP: [libjvm.dylib+0x46a1f9], sa_mask[0]=11111111011111110111111111111111, sa_flags=SA_RESTART|SA_SIGINFO
SIGINT: [libjvm.dylib+0x46a1f9], sa_mask[0]=11111111011111110111111111111111, sa_flags=SA_RESTART|SA_SIGINFO
SIGTERM: [libjvm.dylib+0x46a1f9], sa_mask[0]=11111111011111110111111111111111, sa_flags=SA_RESTART|SA_SIGINFO
SIGQUIT: [libjvm.dylib+0x46a1f9], sa_mask[0]=11111111011111110111111111111111, sa_flags=SA_RESTART|SA_SIGINFO


---------------  S Y S T E M  ---------------

OS:Bsduname:Darwin 14.5.0 Darwin Kernel Version 14.5.0: Wed Jul 29 02:26:53 PDT 2015; root:xnu-2782.40.9~1/RELEASE_X86_64 x86_64
rlimit: STACK 8192k, CORE 0k, NPROC 709, NOFILE 10240, AS infinity
load average:2.95 2.40 2.34

CPU:total 8 (4 cores per cpu, 2 threads per core) family 6 model 58 stepping 9, cmov, cx8, fxsr, mmx, sse, sse2, sse3, ssse3, sse4.1, sse4.2, popcnt, avx, aes, clmul, erms, ht, tsc, tscinvbit, tscinv

Memory: 4k page, physical 16777216k(3380244k free)

/proc/meminfo:


vm_info: Java HotSpot(TM) 64-Bit Server VM (25.45-b02) for bsd-amd64 JRE (1.8.0_45-b14), built on Apr 10 2015 10:46:38 by "java_re" with gcc 4.2.1 (Based on Apple Inc. build 5658) (LLVM build 2336.11.00)

time: Sun Feb  7 11:50:21 2016
elapsed time: 3035 seconds (0d 0h 50m 35s)

