#
# A fatal error has been detected by the Java Runtime Environment:
#
#  SIGSEGV (0xb) at pc=0x0000000126e1858d, pid=454, tid=1811
#
# JRE version: Java(TM) SE Runtime Environment (8.0_45-b14) (build 1.8.0_45-b14)
# Java VM: Java HotSpot(TM) 64-Bit Server VM (25.45-b02 mixed mode bsd-amd64 compressed oops)
# Problematic frame:
# C  [libglass.dylib+0x1558d]  GlassScreenDidChangeScreenParameters+0x9d
#
# Failed to write core dump. Core dumps have been disabled. To enable core dumping, try "ulimit -c unlimited" before starting Java again
#
# If you would like to submit a bug report, please visit:
#   http://bugreport.java.com/bugreport/crash.jsp
#

---------------  T H R E A D  ---------------

Current thread is native thread

siginfo: si_signo: 11 (SIGSEGV), si_code: 1 (SEGV_MAPERR), si_addr: 0x0000000000000000

Registers:
RAX=0x0000000126e4abc0, RBX=0x0000000000000000, RCX=0x5100970712501a63, RDX=0x00007f89d4044450
RSP=0x00007fff59e5d7c0, RBP=0x00007fff59e5d7d0, RSI=0x00007f89d1f04ed8, RDI=0x0000000000000000
R8 =0x00007fff59e5d670, R9 =0x00007fff751cd300, R10=0x0000000000000000, R11=0x0000000000000246
R12=0x00007f89d1e049d0, R13=0x00000000000f426a, R14=0x00007f89d1d131d0, R15=0x00007fff59e5d910
RIP=0x0000000126e1858d, EFLAGS=0x0000000000010206, ERR=0x0000000000000004
  TRAPNO=0x000000000000000e

Top of Stack: (sp=0x00007fff59e5d7c0)
0x00007fff59e5d7c0:   00007fff59e5d9a0 00007f89d1d131d0
0x00007fff59e5d7d0:   00007fff59e5d7e0 00007fff8545445c
0x00007fff59e5d7e0:   00007fff59e5db40 00007fff85344634
0x00007fff59e5d7f0:   00007fff59e5d840 0000000000002800
0x00007fff59e5d800:   00007fff74c7ded0 00007f89d1c0d4b0
0x00007fff59e5d810:   0000000000001004 0000000000000918
0x00007fff59e5d820:   00007f89d1c0d4b0 00007f89d1d131d0
0x00007fff59e5d830:   0000000000000000 00007fff59e5d910
0x00007fff59e5d840:   0000000000000000 00007f89d1d16080
0x00007fff59e5d850:   00007fff59e5d990 0000000000000061
0x00007fff59e5d860:   00000000000f4399 00007f89d1c78550
0x00007fff59e5d870:   00007f89d1f3b570 00007f89d1e049d0
0x00007fff59e5d880:   0000000000000001 00000000000f426a
0x00007fff59e5d890:   00007f89d1e049c0 00007fff94579b90
0x00007fff59e5d8a0:   0000000000000001 0000000000000001
0x00007fff59e5d8b0:   0000000000000030 0000000000000001
0x00007fff59e5d8c0:   00007fff59e5d8e0 00007fff9457a546
0x00007fff59e5d8d0:   00007fff74c7bfb0 0000000000000000
0x00007fff59e5d8e0:   00007fff59e5d900 0000000000000022
0x00007fff59e5d8f0:   001add03d39a1200 00007f89d1e049f4
0x00007fff59e5d900:   0000000000000000 00007fff8533a10f
0x00007fff59e5d910:   00007f89d1d131d0 00007fff74c7bfb0
0x00007fff59e5d920:   00007fff59e5d9a0 00007fff85342c3f
0x00007fff59e5d930:   0000000105dba000 00007f89d1d4e4e3
0x00007fff59e5d940:   0000000105dbda00 0000000000000002
0x00007fff59e5d950:   0000000105dba000 00007f89d1c79ef2
0x00007fff59e5d960:   0000000000000003 0000000105dc0200
0x00007fff59e5d970:   00007fff59e5da60 00007fff94576b36
0x00007fff59e5d980:   00007f89d1f3b100 00007fff59e5db48
0x00007fff59e5d990:   0000000000000017 0000000000000000
0x00007fff59e5d9a0:   00000000000f426a 00007fff8533a403
0x00007fff59e5d9b0:   00007fff00000000 00007f89d1f41d80 

Instructions: (pc=0x0000000126e1858d)
0x0000000126e1856d:   89 df 4c 89 f1 41 ff 90 68 04 00 00 48 8d 05 48
0x0000000126e1857d:   25 03 00 48 8b 30 48 8d 05 36 26 03 00 48 8b 10
0x0000000126e1858d:   48 8b 0b 30 c0 48 89 df ff 91 68 04 00 00 48 8b
0x0000000126e1859d:   03 48 89 df ff 50 78 48 85 c0 74 36 49 89 c6 48 

Register to memory mapping:

RAX=0x0000000126e4abc0: jScreenNotifySettingsChanged+0 in /Library/Java/JavaVirtualMachines/jdk1.8.0_45.jdk/Contents/Home/jre/lib/libglass.dylib at 0x0000000126e03000
RBX=0x0000000000000000 is an unknown value
RCX=0x5100970712501a63 is an unknown value
RDX=0x00007f89d4044450 is an unknown value
RSP=0x00007fff59e5d7c0 is an unknown value
RBP=0x00007fff59e5d7d0 is an unknown value
RSI=0x00007f89d1f04ed8 is a global jni handle
RDI=0x0000000000000000 is an unknown value
R8 =0x00007fff59e5d670 is an unknown value
R9 =0x00007fff751cd300: _thread+0 in /usr/lib/system/libsystem_pthread.dylib at 0x00007fff8868c000
R10=0x0000000000000000 is an unknown value
R11=0x0000000000000246 is an unknown value
R12=0x00007f89d1e049d0 is an unknown value
R13=0x00000000000f426a is an unknown value
R14=0x00007f89d1d131d0 is an unknown value
R15=0x00007fff59e5d910 is an unknown value


Stack: [0x00007fff59661000,0x00007fff59e61000],  sp=0x00007fff59e5d7c0,  free space=8177k
Native frames: (J=compiled Java code, j=interpreted, Vv=VM code, C=native code)
C  [libglass.dylib+0x1558d]  GlassScreenDidChangeScreenParameters+0x9d
C  [CoreFoundation+0x12045c]  __CFNOTIFICATIONCENTER_IS_CALLING_OUT_TO_AN_OBSERVER__+0xc
C  [CoreFoundation+0x10634]  _CFXNotificationPost+0xc44
C  [Foundation+0x7aa1]  -[NSNotificationCenter postNotificationName:object:userInfo:]+0x42
C  [AppKit+0x40de7e]  -[NSApplication _reactToScreenInvalidationImmediately:]+0x17b
C  [AppKit+0x40dcc7]  __44-[NSApplication _reactToScreenInvalidation:]_block_invoke+0x4b
C  [CoreFoundation+0x808ec]  __CFRUNLOOP_IS_CALLING_OUT_TO_A_BLOCK__+0xc
C  [CoreFoundation+0x729f5]  __CFRunLoopDoBlocks+0x155
C  [CoreFoundation+0x72536]  __CFRunLoopRun+0x716
C  [CoreFoundation+0x71bd8]  CFRunLoopRunSpecific+0x128
C  [java+0x6490]  CreateExecutionEnvironment+0x367
C  [java+0x221c]  JLI_Launch+0x7a0
C  [java+0x84ed]  main+0x65
C  [java+0x1a74]  start+0x34


---------------  P R O C E S S  ---------------

VM state:not at safepoint (normal execution)

VM Mutex/Monitor currently owned by a thread: None

Heap:
 PSYoungGen      total 76288K, used 71185K [0x000000076ab00000, 0x0000000770000000, 0x00000007c0000000)
  eden space 65536K, 92% used [0x000000076ab00000,0x000000076e608550,0x000000076eb00000)
  from space 10752K, 99% used [0x000000076eb00000,0x000000076f57beb8,0x000000076f580000)
  to   space 10752K, 0% used [0x000000076f580000,0x000000076f580000,0x0000000770000000)
 ParOldGen       total 175104K, used 10768K [0x00000006c0000000, 0x00000006cab00000, 0x000000076ab00000)
  object space 175104K, 6% used [0x00000006c0000000,0x00000006c0a843f0,0x00000006cab00000)
 Metaspace       used 19591K, capacity 20866K, committed 21120K, reserved 1067008K
  class space    used 2804K, capacity 3074K, committed 3200K, reserved 1048576K

Card table byte_map: [0x00000001173c0000,0x0000000117bc1000] byte_map_base: 0x0000000113dc0000

Marking Bits: (ParMarkBitMap*) 0x00000001067607a0
 Begin Bits: [0x000000011892f000, 0x000000011c92f000)
 End Bits:   [0x000000011c92f000, 0x000000012092f000)

Polling page: 0x0000000106f64000

CodeCache: size=245760Kb used=9450Kb max_used=9783Kb free=236309Kb
 bounds [0x0000000108000000, 0x00000001089a0000, 0x0000000117000000]
 total_blobs=3705 nmethods=3035 adapters=582
 compilation: enabled

Compilation events (10 events):
Event: 192.807 Thread 0x00007f89d3005800 3382       3       java.util.concurrent.ScheduledThreadPoolExecutor$DelayedWorkQueue::take (5 bytes)
Event: 192.807 Thread 0x00007f89d3005800 nmethod 3382 0x0000000108142d50 code [0x0000000108142ec0, 0x0000000108143068]
Event: 193.615 Thread 0x00007f89d3005800 3385   !   3       java.util.concurrent.FutureTask::runAndReset (128 bytes)
Event: 193.615 Thread 0x00007f89d3005800 nmethod 3385 0x0000000108674410 code [0x0000000108674600, 0x0000000108674f38]
Event: 193.808 Thread 0x00007f89d3005800 3386       3       sample.GameController$109::run (30 bytes)
Event: 193.808 Thread 0x00007f89d3005800 nmethod 3386 0x000000010819c150 code [0x000000010819c2e0, 0x000000010819c688]
Event: 193.808 Thread 0x00007f89d3005800 3387       3       java.util.concurrent.ScheduledThreadPoolExecutor$ScheduledFutureTask::setNextRunTime (38 bytes)
Event: 193.809 Thread 0x00007f89d3005800 nmethod 3387 0x000000010819ba50 code [0x000000010819bbe0, 0x000000010819c008]
Event: 193.809 Thread 0x00007f89d3005800 3388       3       java.util.concurrent.ScheduledThreadPoolExecutor::reExecutePeriodic (51 bytes)
Event: 193.809 Thread 0x00007f89d3005800 nmethod 3388 0x00000001083a8e10 code [0x00000001083a9020, 0x00000001083a9d68]

GC Heap History (2 events):
Event: 8.198 GC heap before
{Heap before GC invocations=1 (full 0):
 PSYoungGen      total 76288K, used 65536K [0x000000076ab00000, 0x0000000770000000, 0x00000007c0000000)
  eden space 65536K, 100% used [0x000000076ab00000,0x000000076eb00000,0x000000076eb00000)
  from space 10752K, 0% used [0x000000076f580000,0x000000076f580000,0x0000000770000000)
  to   space 10752K, 0% used [0x000000076eb00000,0x000000076eb00000,0x000000076f580000)
 ParOldGen       total 175104K, used 0K [0x00000006c0000000, 0x00000006cab00000, 0x000000076ab00000)
  object space 175104K, 0% used [0x00000006c0000000,0x00000006c0000000,0x00000006cab00000)
 Metaspace       used 16920K, capacity 17708K, committed 17792K, reserved 1064960K
  class space    used 2433K, capacity 2651K, committed 2688K, reserved 1048576K
Event: 8.211 GC heap after
Heap after GC invocations=1 (full 0):
 PSYoungGen      total 76288K, used 10735K [0x000000076ab00000, 0x0000000770000000, 0x00000007c0000000)
  eden space 65536K, 0% used [0x000000076ab00000,0x000000076ab00000,0x000000076eb00000)
  from space 10752K, 99% used [0x000000076eb00000,0x000000076f57beb8,0x000000076f580000)
  to   space 10752K, 0% used [0x000000076f580000,0x000000076f580000,0x0000000770000000)
 ParOldGen       total 175104K, used 10768K [0x00000006c0000000, 0x00000006cab00000, 0x000000076ab00000)
  object space 175104K, 6% used [0x00000006c0000000,0x00000006c0a843f0,0x00000006cab00000)
 Metaspace       used 16920K, capacity 17708K, committed 17792K, reserved 1064960K
  class space    used 2433K, capacity 2651K, committed 2688K, reserved 1048576K
}

Deoptimization events (10 events):
Event: 15.335 Thread 0x00007f89d58a6000 Uncommon trap: reason=unstable_if action=reinterpret pc=0x000000010857cc90 method=com.sun.javafx.css.CompoundSelector.applies(Ljavafx/css/Styleable;I[Ljava/util/Set;I)Z @ 125
Event: 15.344 Thread 0x00007f89d58a6000 Uncommon trap: reason=unstable_if action=reinterpret pc=0x0000000108751dbc method=com.sun.javafx.css.ParsedValueImpl.containsFontRelativeSize(Ljavafx/css/ParsedValue;Z)Z @ 56
Event: 15.344 Thread 0x00007f89d58a6000 Uncommon trap: reason=class_check action=maybe_recompile pc=0x00000001087882d0 method=com.sun.javafx.css.ParsedValueImpl.hashCode()I @ 226
Event: 15.353 Thread 0x00007f89d58a6000 Uncommon trap: reason=class_check action=maybe_recompile pc=0x00000001087882d0 method=com.sun.javafx.css.ParsedValueImpl.hashCode()I @ 226
Event: 18.885 Thread 0x00007f89d58a6000 Uncommon trap: reason=unstable_if action=reinterpret pc=0x00000001088e4848 method=java.io.SequenceInputStream.read([BII)I @ 65
Event: 18.901 Thread 0x00007f89d58a6000 Uncommon trap: reason=bimorphic action=maybe_recompile pc=0x00000001084ae77c method=com.sun.javafx.css.SimpleSelector.applies(Ljavafx/css/Styleable;)Z @ 95
Event: 47.531 Thread 0x00007f89d58a6000 Uncommon trap: reason=class_check action=maybe_recompile pc=0x0000000108885274 method=javafx.scene.Node.updateLocalToParentTransform()V @ 11
Event: 47.534 Thread 0x00007f89d58a6000 Uncommon trap: reason=class_check action=maybe_recompile pc=0x0000000108885274 method=javafx.scene.Node.updateLocalToParentTransform()V @ 11
Event: 59.341 Thread 0x00007f89d58a6000 Uncommon trap: reason=class_check action=maybe_recompile pc=0x0000000108885274 method=javafx.scene.Node.updateLocalToParentTransform()V @ 11
Event: 59.352 Thread 0x00007f89d58a6000 Uncommon trap: reason=class_check action=maybe_recompile pc=0x0000000108885274 method=javafx.scene.Node.updateLocalToParentTransform()V @ 11

Internal exceptions (10 events):
Event: 0.883 Thread 0x00007f89d58a6000 Exception <a 'java/lang/NullPointerException'> (0x000000076bd601f8) thrown at [/Users/java_re/workspace/8-2-build-macosx-x86_64/jdk8u45/3457/hotspot/src/share/vm/prims/jvm.cpp, line 1386]
Event: 0.955 Thread 0x00007f89d58a6000 Exception <a 'java/lang/ArrayIndexOutOfBoundsException': 78> (0x000000076bf4c2f8) thrown at [/Users/java_re/workspace/8-2-build-macosx-x86_64/jdk8u45/3457/hotspot/src/share/vm/interpreter/interpreterRuntime.cpp, line 366]
Event: 0.956 Thread 0x00007f89d58a6000 Exception <a 'java/lang/ArrayIndexOutOfBoundsException': 18> (0x000000076bf4d120) thrown at [/Users/java_re/workspace/8-2-build-macosx-x86_64/jdk8u45/3457/hotspot/src/share/vm/interpreter/interpreterRuntime.cpp, line 366]
Event: 0.956 Thread 0x00007f89d58a6000 Exception <a 'java/lang/ArrayIndexOutOfBoundsException': 86> (0x000000076bf4e418) thrown at [/Users/java_re/workspace/8-2-build-macosx-x86_64/jdk8u45/3457/hotspot/src/share/vm/interpreter/interpreterRuntime.cpp, line 366]
Event: 0.976 Thread 0x00007f89d58a6000 Exception <a 'java/lang/ArrayIndexOutOfBoundsException'> (0x000000076bfdfc50) thrown at [/Users/java_re/workspace/8-2-build-macosx-x86_64/jdk8u45/3457/hotspot/src/share/vm/runtime/sharedRuntime.cpp, line 605]
Event: 0.994 Thread 0x00007f89d58a6000 Exception <a 'java/lang/ArrayIndexOutOfBoundsException'> (0x000000076c089818) thrown at [/Users/java_re/workspace/8-2-build-macosx-x86_64/jdk8u45/3457/hotspot/src/share/vm/runtime/sharedRuntime.cpp, line 605]
Event: 1.189 Thread 0x00007f89d58a6000 Implicit null exception at 0x00000001082b0af5 to 0x00000001082b0cf9
Event: 15.282 Thread 0x00007f89d58a6000 Exception <a 'java/lang/ArrayIndexOutOfBoundsException'> (0x000000076bb6b088) thrown at [/Users/java_re/workspace/8-2-build-macosx-x86_64/jdk8u45/3457/hotspot/src/share/vm/runtime/sharedRuntime.cpp, line 605]
Event: 15.282 Thread 0x00007f89d58a6000 Exception <a 'java/lang/ArrayIndexOutOfBoundsException'> (0x000000076bb6c168) thrown at [/Users/java_re/workspace/8-2-build-macosx-x86_64/jdk8u45/3457/hotspot/src/share/vm/runtime/sharedRuntime.cpp, line 605]
Event: 15.282 Thread 0x00007f89d58a6000 Exception <a 'java/lang/ArrayIndexOutOfBoundsException'> (0x000000076bb6dab8) thrown at [/Users/java_re/workspace/8-2-build-macosx-x86_64/jdk8u45/3457/hotspot/src/share/vm/runtime/sharedRuntime.cpp, line 605]

Events (10 events):
Event: 162.053 loading class javafx/application/Application done
Event: 162.065 loading class com/sun/javafx/tk/quantum/QuantumRenderer
Event: 162.065 loading class com/sun/javafx/tk/quantum/QuantumRenderer done
Event: 162.066 loading class com/sun/javafx/tk/quantum/QuantumToolkit
Event: 162.066 loading class com/sun/javafx/tk/quantum/QuantumToolkit done
Event: 162.066 Thread 0x00007f89d2038800 Thread exited: 0x00007f89d2038800
Event: 162.066 Thread 0x00007f89d609a000 Thread exited: 0x00007f89d609a000
Event: 162.066 Thread 0x00007f89d200d800 Thread exited: 0x00007f89d200d800
Event: 162.066 Thread 0x00007f89d609a000 Thread added: 0x00007f89d609a000
Event: 162.066 Thread 0x00007f89d58a6000 Thread exited: 0x00007f89d58a6000


Dynamic libraries:
0x0000000004ac6000 	/System/Library/Frameworks/Cocoa.framework/Versions/A/Cocoa
0x0000000004ac6000 	/System/Library/Frameworks/Security.framework/Versions/A/Security
0x0000000004ac6000 	/System/Library/Frameworks/ApplicationServices.framework/Versions/A/ApplicationServices
0x0000000004ac6000 	/usr/lib/libz.1.dylib
0x0000000004ac6000 	/usr/lib/libSystem.B.dylib
0x0000000004ac6000 	/usr/lib/libobjc.A.dylib
0x0000000004ac6000 	/System/Library/Frameworks/CoreFoundation.framework/Versions/A/CoreFoundation
0x0000000004ac6000 	/System/Library/Frameworks/Foundation.framework/Versions/C/Foundation
0x0000000004ac6000 	/System/Library/Frameworks/AppKit.framework/Versions/C/AppKit
0x0000000004ac6000 	/System/Library/Frameworks/CoreData.framework/Versions/A/CoreData
0x0000000004ac6000 	/System/Library/PrivateFrameworks/RemoteViewServices.framework/Versions/A/RemoteViewServices
0x0000000004ac6000 	/System/Library/PrivateFrameworks/UIFoundation.framework/Versions/A/UIFoundation
0x0000000004ac6000 	/System/Library/Frameworks/IOSurface.framework/Versions/A/IOSurface
0x0000000004ac6000 	/System/Library/Frameworks/AudioToolbox.framework/Versions/A/AudioToolbox
0x0000000004ac6000 	/System/Library/Frameworks/AudioUnit.framework/Versions/A/AudioUnit
0x0000000004ac6000 	/System/Library/PrivateFrameworks/DataDetectorsCore.framework/Versions/A/DataDetectorsCore
0x0000000004ac6000 	/System/Library/PrivateFrameworks/DesktopServicesPriv.framework/Versions/A/DesktopServicesPriv
0x0000000004ac6000 	/System/Library/Frameworks/Carbon.framework/Versions/A/Frameworks/HIToolbox.framework/Versions/A/HIToolbox
0x0000000004ac6000 	/System/Library/Frameworks/QuartzCore.framework/Versions/A/QuartzCore
0x0000000004ac6000 	/System/Library/Frameworks/Carbon.framework/Versions/A/Frameworks/SpeechRecognition.framework/Versions/A/SpeechRecognition
0x0000000004ac6000 	/usr/lib/libauto.dylib
0x0000000004ac6000 	/usr/lib/libicucore.A.dylib
0x0000000004ac6000 	/usr/lib/libxml2.2.dylib
0x0000000004ac6000 	/System/Library/PrivateFrameworks/CoreUI.framework/Versions/A/CoreUI
0x0000000004ac6000 	/System/Library/Frameworks/CoreAudio.framework/Versions/A/CoreAudio
0x0000000004ac6000 	/System/Library/Frameworks/DiskArbitration.framework/Versions/A/DiskArbitration
0x0000000004ac6000 	/usr/lib/liblangid.dylib
0x0000000004ac6000 	/System/Library/PrivateFrameworks/MultitouchSupport.framework/Versions/A/MultitouchSupport
0x0000000004ac6000 	/System/Library/Frameworks/IOKit.framework/Versions/A/IOKit
0x0000000004ac6000 	/usr/lib/libDiagnosticMessagesClient.dylib
0x0000000004ac6000 	/System/Library/Frameworks/CoreServices.framework/Versions/A/CoreServices
0x0000000004ac6000 	/System/Library/PrivateFrameworks/PerformanceAnalysis.framework/Versions/A/PerformanceAnalysis
0x0000000004ac6000 	/System/Library/PrivateFrameworks/GenerationalStorage.framework/Versions/A/GenerationalStorage
0x0000000004ac6000 	/System/Library/Frameworks/OpenGL.framework/Versions/A/OpenGL
0x0000000004ac6000 	/System/Library/PrivateFrameworks/Sharing.framework/Versions/A/Sharing
0x0000000004ac6000 	/System/Library/Frameworks/CoreGraphics.framework/Versions/A/CoreGraphics
0x0000000004ac6000 	/System/Library/Frameworks/CoreText.framework/Versions/A/CoreText
0x0000000004ac6000 	/System/Library/Frameworks/ImageIO.framework/Versions/A/ImageIO
0x0000000004ac6000 	/usr/lib/libextension.dylib
0x0000000004ac6000 	/System/Library/PrivateFrameworks/Backup.framework/Versions/A/Backup
0x0000000004ac6000 	/usr/lib/libarchive.2.dylib
0x0000000004ac6000 	/System/Library/Frameworks/CFNetwork.framework/Versions/A/CFNetwork
0x0000000004ac6000 	/System/Library/Frameworks/SystemConfiguration.framework/Versions/A/SystemConfiguration
0x0000000004ac6000 	/usr/lib/libCRFSuite.dylib
0x0000000004ac6000 	/usr/lib/libc++.1.dylib
0x0000000004ac6000 	/usr/lib/libc++abi.dylib
0x0000000004ac6000 	/usr/lib/system/libcache.dylib
0x0000000004ac6000 	/usr/lib/system/libcommonCrypto.dylib
0x0000000004ac6000 	/usr/lib/system/libcompiler_rt.dylib
0x0000000004ac6000 	/usr/lib/system/libcopyfile.dylib
0x0000000004ac6000 	/usr/lib/system/libcorecrypto.dylib
0x0000000004ac6000 	/usr/lib/system/libdispatch.dylib
0x0000000004ac6000 	/usr/lib/system/libdyld.dylib
0x0000000004ac6000 	/usr/lib/system/libkeymgr.dylib
0x0000000004ac6000 	/usr/lib/system/liblaunch.dylib
0x0000000004ac6000 	/usr/lib/system/libmacho.dylib
0x0000000004ac6000 	/usr/lib/system/libquarantine.dylib
0x0000000004ac6000 	/usr/lib/system/libremovefile.dylib
0x0000000004ac6000 	/usr/lib/system/libsystem_asl.dylib
0x0000000004ac6000 	/usr/lib/system/libsystem_blocks.dylib
0x0000000004ac6000 	/usr/lib/system/libsystem_c.dylib
0x0000000004ac6000 	/usr/lib/system/libsystem_configuration.dylib
0x0000000004ac6000 	/usr/lib/system/libsystem_coreservices.dylib
0x0000000004ac6000 	/usr/lib/system/libsystem_coretls.dylib
0x0000000004ac6000 	/usr/lib/system/libsystem_dnssd.dylib
0x0000000004ac6000 	/usr/lib/system/libsystem_info.dylib
0x0000000004ac6000 	/usr/lib/system/libsystem_kernel.dylib
0x0000000004ac6000 	/usr/lib/system/libsystem_m.dylib
0x0000000004ac6000 	/usr/lib/system/libsystem_malloc.dylib
0x0000000004ac6000 	/usr/lib/system/libsystem_network.dylib
0x0000000004ac6000 	/usr/lib/system/libsystem_networkextension.dylib
0x0000000004ac6000 	/usr/lib/system/libsystem_notify.dylib
0x0000000004ac6000 	/usr/lib/system/libsystem_platform.dylib
0x0000000004ac6000 	/usr/lib/system/libsystem_pthread.dylib
0x0000000004ac6000 	/usr/lib/system/libsystem_sandbox.dylib
0x0000000004ac6000 	/usr/lib/system/libsystem_secinit.dylib
0x0000000004ac6000 	/usr/lib/system/libsystem_stats.dylib
0x0000000004ac6000 	/usr/lib/system/libsystem_trace.dylib
0x0000000004ac6000 	/usr/lib/system/libunc.dylib
0x0000000004ac6000 	/usr/lib/system/libunwind.dylib
0x0000000004ac6000 	/usr/lib/system/libxpc.dylib
0x0000000004ac6000 	/usr/lib/libbz2.1.0.dylib
0x0000000004ac6000 	/usr/lib/liblzma.5.dylib
0x0000000004ac6000 	/usr/lib/libbsm.0.dylib
0x0000000004ac6000 	/usr/lib/libsqlite3.dylib
0x0000000004ac6000 	/usr/lib/system/libkxld.dylib
0x0000000004ac6000 	/usr/lib/libxar.1.dylib
0x0000000004ac6000 	/usr/lib/libpam.2.dylib
0x0000000004ac6000 	/usr/lib/libOpenScriptingUtil.dylib
0x0000000004ac6000 	/System/Library/Frameworks/CoreServices.framework/Versions/A/Frameworks/FSEvents.framework/Versions/A/FSEvents
0x0000000004ac6000 	/System/Library/Frameworks/CoreServices.framework/Versions/A/Frameworks/CarbonCore.framework/Versions/A/CarbonCore
0x0000000004ac6000 	/System/Library/Frameworks/CoreServices.framework/Versions/A/Frameworks/Metadata.framework/Versions/A/Metadata
0x0000000004ac6000 	/System/Library/Frameworks/CoreServices.framework/Versions/A/Frameworks/OSServices.framework/Versions/A/OSServices
0x0000000004ac6000 	/System/Library/Frameworks/CoreServices.framework/Versions/A/Frameworks/SearchKit.framework/Versions/A/SearchKit
0x0000000004ac6000 	/System/Library/Frameworks/CoreServices.framework/Versions/A/Frameworks/AE.framework/Versions/A/AE
0x0000000004ac6000 	/System/Library/Frameworks/CoreServices.framework/Versions/A/Frameworks/LaunchServices.framework/Versions/A/LaunchServices
0x0000000004ac6000 	/System/Library/Frameworks/CoreServices.framework/Versions/A/Frameworks/DictionaryServices.framework/Versions/A/DictionaryServices
0x0000000004ac6000 	/System/Library/Frameworks/NetFS.framework/Versions/A/NetFS
0x0000000004ac6000 	/System/Library/PrivateFrameworks/NetAuth.framework/Versions/A/NetAuth
0x0000000004ac6000 	/System/Library/PrivateFrameworks/login.framework/Versions/A/Frameworks/loginsupport.framework/Versions/A/loginsupport
0x0000000004ac6000 	/System/Library/PrivateFrameworks/TCC.framework/Versions/A/TCC
0x0000000004ac6000 	/usr/lib/libmecabra.dylib
0x0000000004ac6000 	/System/Library/Frameworks/ApplicationServices.framework/Versions/A/Frameworks/ATS.framework/Versions/A/ATS
0x0000000004ac6000 	/System/Library/Frameworks/ApplicationServices.framework/Versions/A/Frameworks/ColorSync.framework/Versions/A/ColorSync
0x0000000004ac6000 	/System/Library/Frameworks/ApplicationServices.framework/Versions/A/Frameworks/HIServices.framework/Versions/A/HIServices
0x0000000004ac6000 	/System/Library/Frameworks/ApplicationServices.framework/Versions/A/Frameworks/LangAnalysis.framework/Versions/A/LangAnalysis
0x0000000004ac6000 	/System/Library/Frameworks/ApplicationServices.framework/Versions/A/Frameworks/PrintCore.framework/Versions/A/PrintCore
0x0000000004ac6000 	/System/Library/Frameworks/ApplicationServices.framework/Versions/A/Frameworks/QD.framework/Versions/A/QD
0x0000000004ac6000 	/System/Library/Frameworks/ApplicationServices.framework/Versions/A/Frameworks/SpeechSynthesis.framework/Versions/A/SpeechSynthesis
0x0000000004ac6000 	/System/Library/Frameworks/Accelerate.framework/Versions/A/Accelerate
0x0000000004ac6000 	/System/Library/Frameworks/Accelerate.framework/Versions/A/Frameworks/vImage.framework/Versions/A/vImage
0x0000000004ac6000 	/System/Library/Frameworks/Accelerate.framework/Versions/A/Frameworks/vecLib.framework/Versions/A/vecLib
0x0000000004ac6000 	/System/Library/Frameworks/Accelerate.framework/Versions/A/Frameworks/vecLib.framework/Versions/A/libvDSP.dylib
0x0000000004ac6000 	/System/Library/Frameworks/Accelerate.framework/Versions/A/Frameworks/vecLib.framework/Versions/A/libvMisc.dylib
0x0000000004ac6000 	/System/Library/Frameworks/Accelerate.framework/Versions/A/Frameworks/vecLib.framework/Versions/A/libLAPACK.dylib
0x0000000004ac6000 	/System/Library/Frameworks/Accelerate.framework/Versions/A/Frameworks/vecLib.framework/Versions/A/libBLAS.dylib
0x0000000004ac6000 	/System/Library/Frameworks/Accelerate.framework/Versions/A/Frameworks/vecLib.framework/Versions/A/libLinearAlgebra.dylib
0x0000000004ac6000 	/System/Library/Frameworks/ApplicationServices.framework/Versions/A/Frameworks/ATS.framework/Versions/A/Resources/libFontParser.dylib
0x0000000004ac6000 	/System/Library/Frameworks/ApplicationServices.framework/Versions/A/Frameworks/ATS.framework/Versions/A/Resources/libFontRegistry.dylib
0x0000000004ac6000 	/System/Library/PrivateFrameworks/AppleVPA.framework/Versions/A/AppleVPA
0x0000000004ac6000 	/System/Library/PrivateFrameworks/AppleJPEG.framework/Versions/A/AppleJPEG
0x0000000004ac6000 	/System/Library/Frameworks/ImageIO.framework/Versions/A/Resources/libJPEG.dylib
0x0000000004ac6000 	/System/Library/Frameworks/ImageIO.framework/Versions/A/Resources/libTIFF.dylib
0x0000000004ac6000 	/System/Library/Frameworks/ImageIO.framework/Versions/A/Resources/libPng.dylib
0x0000000004ac6000 	/System/Library/Frameworks/ImageIO.framework/Versions/A/Resources/libGIF.dylib
0x0000000004ac6000 	/System/Library/Frameworks/ImageIO.framework/Versions/A/Resources/libJP2.dylib
0x0000000004ac6000 	/System/Library/Frameworks/ImageIO.framework/Versions/A/Resources/libRadiance.dylib
0x0000000004ac6000 	/System/Library/Frameworks/CoreVideo.framework/Versions/A/CoreVideo
0x0000000004ac6000 	/System/Library/Frameworks/OpenGL.framework/Versions/A/Libraries/libGLU.dylib
0x0000000004ac6000 	/System/Library/Frameworks/OpenGL.framework/Versions/A/Libraries/libGFXShared.dylib
0x0000000004ac6000 	/System/Library/Frameworks/OpenGL.framework/Versions/A/Libraries/libGL.dylib
0x0000000004ac6000 	/System/Library/Frameworks/OpenGL.framework/Versions/A/Libraries/libGLImage.dylib
0x0000000004ac6000 	/System/Library/Frameworks/OpenGL.framework/Versions/A/Libraries/libCVMSPluginSupport.dylib
0x0000000004ac6000 	/System/Library/Frameworks/OpenGL.framework/Versions/A/Libraries/libCoreVMClient.dylib
0x0000000004ac6000 	/usr/lib/libcups.2.dylib
0x0000000004ac6000 	/System/Library/Frameworks/Kerberos.framework/Versions/A/Kerberos
0x0000000004ac6000 	/System/Library/Frameworks/GSS.framework/Versions/A/GSS
0x0000000004ac6000 	/usr/lib/libresolv.9.dylib
0x0000000004ac6000 	/usr/lib/libiconv.2.dylib
0x0000000004ac6000 	/System/Library/PrivateFrameworks/Heimdal.framework/Versions/A/Heimdal
0x0000000004ac6000 	/usr/lib/libheimdal-asn1.dylib
0x0000000004ac6000 	/System/Library/Frameworks/OpenDirectory.framework/Versions/A/OpenDirectory
0x0000000004ac6000 	/System/Library/PrivateFrameworks/CommonAuth.framework/Versions/A/CommonAuth
0x0000000004ac6000 	/System/Library/Frameworks/OpenDirectory.framework/Versions/A/Frameworks/CFOpenDirectory.framework/Versions/A/CFOpenDirectory
0x0000000004ac6000 	/System/Library/Frameworks/SecurityFoundation.framework/Versions/A/SecurityFoundation
0x0000000004ac6000 	/System/Library/PrivateFrameworks/LanguageModeling.framework/Versions/A/LanguageModeling
0x0000000004ac6000 	/usr/lib/libcmph.dylib
0x0000000004ac6000 	/System/Library/Frameworks/ServiceManagement.framework/Versions/A/ServiceManagement
0x0000000004ac6000 	/usr/lib/libxslt.1.dylib
0x0000000004ac6000 	/System/Library/Frameworks/Carbon.framework/Versions/A/Frameworks/Ink.framework/Versions/A/Ink
0x0000000004ac6000 	/System/Library/Frameworks/QuartzCore.framework/Versions/A/Frameworks/CoreImage.framework/Versions/A/CoreImage
0x0000000004ac6000 	/System/Library/PrivateFrameworks/CrashReporterSupport.framework/Versions/A/CrashReporterSupport
0x0000000004ac6000 	/System/Library/Frameworks/OpenCL.framework/Versions/A/OpenCL
0x0000000004ac6000 	/System/Library/PrivateFrameworks/FaceCore.framework/Versions/A/FaceCore
0x0000000004ac6000 	/System/Library/PrivateFrameworks/Ubiquity.framework/Versions/A/Ubiquity
0x0000000004ac6000 	/System/Library/PrivateFrameworks/IconServices.framework/Versions/A/IconServices
0x0000000004ac6000 	/System/Library/PrivateFrameworks/ChunkingLibrary.framework/Versions/A/ChunkingLibrary
0x0000000004ac6000 	/System/Library/PrivateFrameworks/Apple80211.framework/Versions/A/Apple80211
0x0000000004ac6000 	/System/Library/Frameworks/CoreWLAN.framework/Versions/A/CoreWLAN
0x0000000004ac6000 	/System/Library/Frameworks/IOBluetooth.framework/Versions/A/IOBluetooth
0x0000000004ac6000 	/System/Library/PrivateFrameworks/CoreWiFi.framework/Versions/A/CoreWiFi
0x0000000004ac6000 	/System/Library/Frameworks/CoreBluetooth.framework/Versions/A/CoreBluetooth
0x0000000004ac6000 	/System/Library/PrivateFrameworks/DebugSymbols.framework/Versions/A/DebugSymbols
0x0000000004ac6000 	/System/Library/PrivateFrameworks/CoreSymbolication.framework/Versions/A/CoreSymbolication
0x0000000004ac6000 	/System/Library/PrivateFrameworks/Symbolication.framework/Versions/A/Symbolication
0x0000000004ac6000 	/System/Library/PrivateFrameworks/SpeechRecognitionCore.framework/Versions/A/SpeechRecognitionCore
0x0000000105e9e000 	/Library/Java/JavaVirtualMachines/jdk1.8.0_45.jdk/Contents/Home/jre/lib/server/libjvm.dylib
0x0000000004ac6000 	/usr/lib/libstdc++.6.dylib
0x0000000106f21000 	/Library/Java/JavaVirtualMachines/jdk1.8.0_45.jdk/Contents/Home/jre/lib/libverify.dylib
0x0000000106f2f000 	/Library/Java/JavaVirtualMachines/jdk1.8.0_45.jdk/Contents/Home/jre/lib/libjava.dylib
0x0000000106f6e000 	/Library/Java/JavaVirtualMachines/jdk1.8.0_45.jdk/Contents/Home/jre/lib/libzip.dylib
0x0000000123b5e000 	/System/Library/Frameworks/JavaVM.framework/Frameworks/JavaRuntimeSupport.framework/JavaRuntimeSupport
0x0000000123b74000 	/System/Library/Frameworks/JavaVM.framework/Versions/A/Frameworks/JavaNativeFoundation.framework/Versions/A/JavaNativeFoundation
0x0000000106ff0000 	/System/Library/Frameworks/JavaVM.framework/Versions/A/JavaVM
0x0000000004ac6000 	/System/Library/Frameworks/Carbon.framework/Versions/A/Carbon
0x0000000123b88000 	/System/Library/PrivateFrameworks/JavaLaunching.framework/Versions/A/JavaLaunching
0x0000000004ac6000 	/System/Library/Frameworks/Carbon.framework/Versions/A/Frameworks/CommonPanels.framework/Versions/A/CommonPanels
0x0000000004ac6000 	/System/Library/Frameworks/Carbon.framework/Versions/A/Frameworks/Help.framework/Versions/A/Help
0x0000000004ac6000 	/System/Library/Frameworks/Carbon.framework/Versions/A/Frameworks/ImageCapture.framework/Versions/A/ImageCapture
0x0000000004ac6000 	/System/Library/Frameworks/Carbon.framework/Versions/A/Frameworks/OpenScripting.framework/Versions/A/OpenScripting
0x0000000004ac6000 	/System/Library/Frameworks/Carbon.framework/Versions/A/Frameworks/Print.framework/Versions/A/Print
0x0000000004ac6000 	/System/Library/Frameworks/Carbon.framework/Versions/A/Frameworks/SecurityHI.framework/Versions/A/SecurityHI
0x0000000125cb3000 	/Applications/IntelliJ IDEA 14 CE.app/Contents/bin/libbreakgen64.jnilib
0x0000000125e4f000 	/Library/Java/JavaVirtualMachines/jdk1.8.0_45.jdk/Contents/Home/jre/lib/libnet.dylib
0x00000001260b4000 	/Library/Java/JavaVirtualMachines/jdk1.8.0_45.jdk/Contents/Home/jre/lib/libprism_es2.dylib
0x0000000004ac6000 	/System/Library/Frameworks/OpenGL.framework/Versions/A/Resources/GLEngine.bundle/GLEngine
0x0000000004ac6000 	/System/Library/Frameworks/OpenGL.framework/Versions/A/Libraries/libGLProgrammability.dylib
0x0000000126136000 	/System/Library/Extensions/AppleIntelHD4000GraphicsGLDriver.bundle/Contents/MacOS/AppleIntelHD4000GraphicsGLDriver
0x0000000004ac6000 	/System/Library/PrivateFrameworks/IOAccelerator.framework/Versions/A/IOAccelerator
0x0000000004ac6000 	/System/Library/PrivateFrameworks/GPUSupport.framework/Versions/A/Libraries/libGPUSupportMercury.dylib
0x0000000000000000 	/System/Library/Extensions/GeForceGLDriver.bundle/Contents/MacOS/GeForceGLDriver
0x0000000004ac6000 	/System/Library/Extensions/GeForceGLDriver.bundle/Contents/MacOS/libclh.dylib
0x0000000004ac6000 	/System/Library/Frameworks/OpenGL.framework/Versions/A/Resources/GLRendererFloat.bundle/GLRendererFloat
0x0000000004ac6000 	/System/Library/Frameworks/OpenCL.framework/Versions/A/Libraries/libcldcpuengine.dylib
0x0000000004ac6000 	/System/Library/PrivateFrameworks/DiskImages.framework/Versions/A/DiskImages
0x0000000004ac6000 	/System/Library/Frameworks/DiscRecording.framework/Versions/A/DiscRecording
0x0000000004ac6000 	/usr/lib/libcsfde.dylib
0x0000000004ac6000 	/usr/lib/libcurl.4.dylib
0x0000000004ac6000 	/System/Library/PrivateFrameworks/MediaKit.framework/Versions/A/MediaKit
0x0000000004ac6000 	/System/Library/PrivateFrameworks/ProtectedCloudStorage.framework/Versions/A/ProtectedCloudStorage
0x0000000004ac6000 	/usr/lib/libCoreStorage.dylib
0x0000000004ac6000 	/System/Library/PrivateFrameworks/EFILogin.framework/Versions/A/EFILogin
0x0000000004ac6000 	/usr/lib/libutil.dylib
0x0000000004ac6000 	/System/Library/PrivateFrameworks/FindMyDevice.framework/Versions/A/FindMyDevice
0x0000000004ac6000 	/System/Library/Frameworks/LDAP.framework/Versions/A/LDAP
0x0000000004ac6000 	/usr/lib/libsasl2.2.dylib
0x0000000004ac6000 	/System/Library/PrivateFrameworks/CoreDaemon.framework/Versions/B/CoreDaemon
0x0000000004ac6000 	/usr/lib/libcrypto.0.9.8.dylib
0x0000000004ac6000 	/System/Library/PrivateFrameworks/AppleSRP.framework/Versions/A/AppleSRP
0x0000000004ac6000 	/System/Library/PrivateFrameworks/TrustEvaluationAgent.framework/Versions/A/TrustEvaluationAgent
0x0000000126e03000 	/Library/Java/JavaVirtualMachines/jdk1.8.0_45.jdk/Contents/Home/jre/lib/libglass.dylib
0x0000000004ac6000 	/System/Library/PrivateFrameworks/CoreServicesInternal.framework/Versions/A/CoreServicesInternal
0x0000000004ac6000 	/System/Library/PrivateFrameworks/CloudDocs.framework/Versions/A/CloudDocs
0x0000000004ac6000 	/System/Library/PrivateFrameworks/CoreDuet.framework/Versions/A/CoreDuet
0x0000000004ac6000 	/System/Library/Frameworks/CloudKit.framework/Versions/A/CloudKit
0x0000000004ac6000 	/System/Library/PrivateFrameworks/ProtocolBuffer.framework/Versions/A/ProtocolBuffer
0x0000000004ac6000 	/System/Library/PrivateFrameworks/CoreDuetDaemonProtocol.framework/Versions/A/CoreDuetDaemonProtocol
0x0000000004ac6000 	/System/Library/PrivateFrameworks/CoreDuetDebugLogging.framework/Versions/A/CoreDuetDebugLogging
0x0000000004ac6000 	/System/Library/PrivateFrameworks/MMCS.framework/Versions/A/MMCS
0x0000000004ac6000 	/System/Library/Frameworks/CoreLocation.framework/Versions/A/CoreLocation
0x0000000004ac6000 	/System/Library/PrivateFrameworks/GeoServices.framework/Versions/A/GeoServices
0x0000000004ac6000 	/System/Library/Frameworks/CoreGraphics.framework/Versions/A/Resources/libCGCMS.A.dylib
0x0000000004ac6000 	/System/Library/CoreServices/RawCamera.bundle/Contents/MacOS/RawCamera
0x0000000004ac6000 	/System/Library/Frameworks/CoreGraphics.framework/Versions/A/Resources/libRIP.A.dylib
0x0000000004ac6000 	/System/Library/PrivateFrameworks/FamilyControls.framework/Versions/A/FamilyControls
0x0000000004ac6000 	/System/Library/PrivateFrameworks/CommerceKit.framework/Versions/A/Frameworks/CommerceCore.framework/Versions/A/CommerceCore
0x0000000004ac6000 	/System/Library/PrivateFrameworks/SystemAdministration.framework/Versions/A/SystemAdministration
0x0000000004ac6000 	/System/Library/PrivateFrameworks/AppContainer.framework/Versions/A/AppContainer
0x0000000004ac6000 	/System/Library/PrivateFrameworks/SecCodeWrapper.framework/Versions/A/SecCodeWrapper
0x0000000004ac6000 	/System/Library/Frameworks/DirectoryService.framework/Versions/A/DirectoryService
0x0000000004ac6000 	/System/Library/PrivateFrameworks/LoginUIKit.framework/Versions/A/Frameworks/LoginUICore.framework/Versions/A/LoginUICore
0x0000000004ac6000 	/usr/lib/libodfde.dylib
0x000000012b5c0000 	/Library/Java/JavaVirtualMachines/jdk1.8.0_45.jdk/Contents/Home/jre/lib/libjavafx_font.dylib
0x0000000004ac6000 	/System/Library/Frameworks/CoreGraphics.framework/Versions/A/Resources/libCGXType.A.dylib
0x000000012d6b6000 	cl_kernels
0x0000000130c36000 	/System/Library/Frameworks/OpenCL.framework/Versions/A/Libraries/ImageFormats/unorm8_bgra.dylib
0x000000012d6a8000 	cl_kernels
0x000000012eb76000 	/Library/Java/JavaVirtualMachines/jdk1.8.0_45.jdk/Contents/Home/jre/lib/libprism_common.dylib
0x0000000130dbe000 	/Library/Java/JavaVirtualMachines/jdk1.8.0_45.jdk/Contents/Home/jre/lib/libjavafx_iio.dylib
0x0000000004ac6000 	/System/Library/PrivateFrameworks/Shortcut.framework/Versions/A/Shortcut
0x0000000004ac6000 	/System/Library/PrivateFrameworks/HelpData.framework/Versions/A/HelpData
0x0000000004ac6000 	/usr/lib/libtidy.A.dylib

VM Arguments:
jvm_args: -Didea.launcher.port=7533 -Didea.launcher.bin.path=/Applications/IntelliJ IDEA 14 CE.app/Contents/bin -Dfile.encoding=UTF-8 
java_command: com.intellij.rt.execution.application.AppMain sample.Main
java_class_path (initial): /Library/Java/JavaVirtualMachines/jdk1.8.0_45.jdk/Contents/Home/lib/ant-javafx.jar:/Library/Java/JavaVirtualMachines/jdk1.8.0_45.jdk/Contents/Home/lib/dt.jar:/Library/Java/JavaVirtualMachines/jdk1.8.0_45.jdk/Contents/Home/lib/javafx-mx.jar:/Library/Java/JavaVirtualMachines/jdk1.8.0_45.jdk/Contents/Home/lib/jconsole.jar:/Library/Java/JavaVirtualMachines/jdk1.8.0_45.jdk/Contents/Home/lib/packager.jar:/Library/Java/JavaVirtualMachines/jdk1.8.0_45.jdk/Contents/Home/lib/sa-jdi.jar:/Library/Java/JavaVirtualMachines/jdk1.8.0_45.jdk/Contents/Home/lib/tools.jar:/Library/Java/JavaVirtualMachines/jdk1.8.0_45.jdk/Contents/Home/jre/lib/charsets.jar:/Library/Java/JavaVirtualMachines/jdk1.8.0_45.jdk/Contents/Home/jre/lib/deploy.jar:/Library/Java/JavaVirtualMachines/jdk1.8.0_45.jdk/Contents/Home/jre/lib/javaws.jar:/Library/Java/JavaVirtualMachines/jdk1.8.0_45.jdk/Contents/Home/jre/lib/jce.jar:/Library/Java/JavaVirtualMachines/jdk1.8.0_45.jdk/Contents/Home/jre/lib/jfr.jar:/Library/Java/JavaVirtualMachines/jdk1.8.0_45.jdk/Contents/Home/jre/lib/jfxswt.jar:/Library/Java/JavaVirtualMachines/jdk1.8.0_45.jdk/Contents/Home/jre/lib/jsse.jar:/Library/Java/JavaVirtualMachines/jdk1.8.0_45.jdk/Contents/Home/jre/lib/management-agent.jar:/Library/Java/JavaVirtualMachines/jdk1.8.0_45.jdk/Contents/Home/jre/lib/plugin.jar:/Library/Java/JavaVirtualMachines/jdk1.8.0_45.jdk/Contents/Home/jre/lib/resources.jar:/Library/Java/JavaVirtualMachines/jdk1.8.0_45.jdk/Contents/Home/jre/lib/rt.jar:/Library/Java/JavaVirtualMachines/jdk1.8.0_45.jdk/Contents/Home/jre/lib/ext/cldrdata.jar:/Library/Java/JavaVirtualMachines/jdk1.8.0_45.jdk/Contents/Home/jre/lib/ext/dnsns.jar:/Library/Java/JavaVirtualMachines/jdk1.8.0_45.jdk/Contents/Home/jre/lib/ext/jfxrt.jar:/Library/Java/JavaVirtualMachines/jdk1.8.0_45.jdk/Contents/Home/jre/lib/ext/localedata.jar:/Library/Java/JavaVirtualMachines/jdk1.8.0_45.jdk/Contents/Home/jre/lib/ext/nashorn.jar:/Library/Java/JavaVirtualMachines/jdk1.8.0_45.jdk/Conten
Launcher Type: SUN_STANDARD

Environment Variables:
CLASSPATH=.:/Users/MacbookRetina/Desktop/OneDrive/Georgia Tech Classes/Fall 2015/cs 1332/hw1/junit-4.12.jar:/Users/MacbookRetina/Desktop/OneDrive/Georgia Tech Classes/Fall 2015/cs 1332/hw1/hamcrest-core-1.3.jar
PATH=/Library/Frameworks/Python.framework/Versions/2.7/bin:/usr/local/bin:/usr/bin:/bin:/usr/sbin:/sbin
SHELL=/bin/bash

Signal Handlers:
SIGSEGV: [libjvm.dylib+0x58ef95], sa_mask[0]=11111111011111110111111111111111, sa_flags=SA_ONSTACK|SA_RESTART|SA_SIGINFO
SIGBUS: [libjvm.dylib+0x58ef95], sa_mask[0]=11111111011111110111111111111111, sa_flags=SA_RESTART|SA_SIGINFO
SIGFPE: [libjvm.dylib+0x46c108], sa_mask[0]=11111111011111110111111111111111, sa_flags=SA_RESTART|SA_SIGINFO
SIGPIPE: [libjvm.dylib+0x46c108], sa_mask[0]=11111111011111110111111111111111, sa_flags=SA_RESTART|SA_SIGINFO
SIGXFSZ: [libjvm.dylib+0x46c108], sa_mask[0]=11111111011111110111111111111111, sa_flags=SA_RESTART|SA_SIGINFO
SIGILL: [libjvm.dylib+0x46c108], sa_mask[0]=11111111011111110111111111111111, sa_flags=SA_RESTART|SA_SIGINFO
SIGUSR1: SIG_DFL, sa_mask[0]=00000000000000000000000000000000, sa_flags=none
SIGUSR2: [libjvm.dylib+0x46bc26], sa_mask[0]=00100000000000000000000000000000, sa_flags=SA_RESTART|SA_SIGINFO
SIGHUP: [libjvm.dylib+0x46a1f9], sa_mask[0]=11111111011111110111111111111111, sa_flags=SA_RESTART|SA_SIGINFO
SIGINT: [libjvm.dylib+0x46a1f9], sa_mask[0]=11111111011111110111111111111111, sa_flags=SA_RESTART|SA_SIGINFO
SIGTERM: [libjvm.dylib+0x46a1f9], sa_mask[0]=11111111011111110111111111111111, sa_flags=SA_RESTART|SA_SIGINFO
SIGQUIT: [libjvm.dylib+0x46a1f9], sa_mask[0]=11111111011111110111111111111111, sa_flags=SA_RESTART|SA_SIGINFO


---------------  S Y S T E M  ---------------

OS:Bsduname:Darwin 14.5.0 Darwin Kernel Version 14.5.0: Wed Jul 29 02:26:53 PDT 2015; root:xnu-2782.40.9~1/RELEASE_X86_64 x86_64
rlimit: STACK 8192k, CORE 0k, NPROC 709, NOFILE 10240, AS infinity
load average:2.86 2.86 1.51

CPU:total 8 (4 cores per cpu, 2 threads per core) family 6 model 58 stepping 9, cmov, cx8, fxsr, mmx, sse, sse2, sse3, ssse3, sse4.1, sse4.2, popcnt, avx, aes, clmul, erms, ht, tsc, tscinvbit, tscinv

Memory: 4k page, physical 16777216k(266088k free)

/proc/meminfo:


vm_info: Java HotSpot(TM) 64-Bit Server VM (25.45-b02) for bsd-amd64 JRE (1.8.0_45-b14), built on Apr 10 2015 10:46:38 by "java_re" with gcc 4.2.1 (Based on Apple Inc. build 5658) (LLVM build 2336.11.00)

time: Sat Feb  6 18:22:19 2016
elapsed time: 238 seconds (0d 0h 3m 58s)

